<?xml version="1.0" encoding="UTF-8"?>
<robot generator="Robot 7.3.2 (Python 3.13.5 on win32)" generated="2025-11-02T15:16:38.487667" rpa="false" schemaversion="5">
<suite id="s1" name="Tests" source="C:\Users\dell\Desktop\test qa\RobotFramwork\TestVf\tests">
<suite id="s1-s1" name="Authentication" source="C:\Users\dell\Desktop\test qa\RobotFramwork\TestVf\tests\authentication">
<suite id="s1-s1-s1" name="Login Tests" source="C:\Users\dell\Desktop\test qa\RobotFramwork\TestVf\tests\authentication\login_tests.robot">
<test id="s1-s1-s1-t1" name="Login With Valid Credentials" line="9">
<kw name="Open Browser To Home Page" owner="common_keywords" type="SETUP">
<kw name="Open Browser" owner="SeleniumLibrary">
<msg time="2025-11-02T15:16:38.900353" level="INFO">Opening browser 'chrome' to base url 'https://automationexercise.com'.</msg>
<arg>${BASE_URL}</arg>
<arg>${BROWSER}</arg>
<doc>Opens a new browser instance to the optional ``url``.</doc>
<status status="PASS" start="2025-11-02T15:16:38.899771" elapsed="4.657224"/>
</kw>
<kw name="Maximize Browser Window" owner="SeleniumLibrary">
<doc>Maximizes current browser window.</doc>
<status status="PASS" start="2025-11-02T15:16:43.557582" elapsed="8.982661"/>
</kw>
<kw name="Set Selenium Implicit Wait" owner="SeleniumLibrary">
<arg>${TIMEOUT}</arg>
<doc>Sets the implicit wait value used by Selenium.</doc>
<status status="PASS" start="2025-11-02T15:16:52.542199" elapsed="0.005028"/>
</kw>
<kw name="Wait Until Page Contains Element" owner="SeleniumLibrary">
<arg>${HEADER_LOGO}</arg>
<doc>Waits until the element ``locator`` appears on the current page.</doc>
<status status="PASS" start="2025-11-02T15:16:52.547601" elapsed="0.035453"/>
</kw>
<doc>Ouvre le navigateur sur la page d'accueil</doc>
<status status="PASS" start="2025-11-02T15:16:38.898128" elapsed="13.685258"/>
</kw>
<kw name="Go To Login Page" owner="authentication_keywords">
<kw name="Wait And Click" owner="common_keywords">
<kw name="Wait Until Element Is Visible" owner="SeleniumLibrary">
<arg>${locator}</arg>
<arg>${timeout}</arg>
<doc>Waits until the element ``locator`` is visible.</doc>
<status status="PASS" start="2025-11-02T15:16:52.585999" elapsed="0.053066"/>
</kw>
<kw name="Wait Until Element Is Enabled" owner="SeleniumLibrary">
<arg>${locator}</arg>
<arg>${timeout}</arg>
<doc>Waits until the element ``locator`` is enabled.</doc>
<status status="PASS" start="2025-11-02T15:16:52.639675" elapsed="0.071267"/>
</kw>
<kw name="Click Element" owner="SeleniumLibrary">
<msg time="2025-11-02T15:16:52.712077" level="INFO">Clicking element 'css:[href='/login']'.</msg>
<arg>${locator}</arg>
<doc>Click the element identified by ``locator``.</doc>
<status status="PASS" start="2025-11-02T15:16:52.711496" elapsed="2.973587"/>
</kw>
<arg>${LOGIN_MENU}</arg>
<doc>Attend que l'élément soit cliquable puis clique</doc>
<status status="PASS" start="2025-11-02T15:16:52.584890" elapsed="3.100628"/>
</kw>
<kw name="Verify Page Contains" owner="common_keywords">
<kw name="Wait Until Page Contains" owner="SeleniumLibrary">
<arg>${expected_text}</arg>
<arg>${TIMEOUT}</arg>
<doc>Waits until ``text`` appears on the current page.</doc>
<status status="PASS" start="2025-11-02T15:16:55.768562" elapsed="1.140693"/>
</kw>
<kw name="Page Should Contain" owner="SeleniumLibrary">
<msg time="2025-11-02T15:16:57.035742" level="INFO">Current page contains text 'Login to your account'.</msg>
<arg>${expected_text}</arg>
<doc>Verifies that current page contains ``text``.</doc>
<status status="PASS" start="2025-11-02T15:16:56.909612" elapsed="0.126337"/>
</kw>
<arg>Login to your account</arg>
<status status="PASS" start="2025-11-02T15:16:55.695891" elapsed="1.340257"/>
</kw>
<doc>Navigue vers la page de connexion</doc>
<status status="PASS" start="2025-11-02T15:16:52.584047" elapsed="4.452252"/>
</kw>
<kw name="Login With Credentials" owner="authentication_keywords">
<kw name="Wait And Input Text" owner="common_keywords">
<kw name="Wait Until Element Is Visible" owner="SeleniumLibrary">
<arg>${locator}</arg>
<arg>${timeout}</arg>
<doc>Waits until the element ``locator`` is visible.</doc>
<status status="PASS" start="2025-11-02T15:16:57.049149" elapsed="0.213278"/>
</kw>
<kw name="Input Text" owner="SeleniumLibrary">
<msg time="2025-11-02T15:16:57.263608" level="INFO">Typing text 'abdolaaziri@example.com' into text field 'css:[data-qa='login-email']'.</msg>
<arg>${locator}</arg>
<arg>${text}</arg>
<doc>Types the given ``text`` into the text field identified by ``locator``.</doc>
<status status="PASS" start="2025-11-02T15:16:57.262929" elapsed="0.717229"/>
</kw>
<arg>${LOGIN_EMAIL_FIELD}</arg>
<arg>${email}</arg>
<status status="PASS" start="2025-11-02T15:16:57.044924" elapsed="0.935544"/>
</kw>
<kw name="Wait And Input Text" owner="common_keywords">
<kw name="Wait Until Element Is Visible" owner="SeleniumLibrary">
<arg>${locator}</arg>
<arg>${timeout}</arg>
<doc>Waits until the element ``locator`` is visible.</doc>
<status status="PASS" start="2025-11-02T15:16:57.981738" elapsed="0.048837"/>
</kw>
<kw name="Input Text" owner="SeleniumLibrary">
<msg time="2025-11-02T15:16:58.031752" level="INFO">Typing text '12345678' into text field 'css:[data-qa='login-password']'.</msg>
<arg>${locator}</arg>
<arg>${text}</arg>
<doc>Types the given ``text`` into the text field identified by ``locator``.</doc>
<status status="PASS" start="2025-11-02T15:16:58.031069" elapsed="0.317112"/>
</kw>
<arg>${LOGIN_PASSWORD_FIELD}</arg>
<arg>${password}</arg>
<status status="PASS" start="2025-11-02T15:16:57.980853" elapsed="0.367569"/>
</kw>
<kw name="Wait And Click" owner="common_keywords">
<kw name="Wait Until Element Is Visible" owner="SeleniumLibrary">
<arg>${locator}</arg>
<arg>${timeout}</arg>
<doc>Waits until the element ``locator`` is visible.</doc>
<status status="PASS" start="2025-11-02T15:16:58.349629" elapsed="0.048222"/>
</kw>
<kw name="Wait Until Element Is Enabled" owner="SeleniumLibrary">
<arg>${locator}</arg>
<arg>${timeout}</arg>
<doc>Waits until the element ``locator`` is enabled.</doc>
<status status="PASS" start="2025-11-02T15:16:58.398304" elapsed="0.064542"/>
</kw>
<kw name="Click Element" owner="SeleniumLibrary">
<msg time="2025-11-02T15:16:58.464127" level="INFO">Clicking element 'css:[data-qa='login-button']'.</msg>
<arg>${locator}</arg>
<doc>Click the element identified by ``locator``.</doc>
<status status="PASS" start="2025-11-02T15:16:58.463376" elapsed="0.203377"/>
</kw>
<arg>${LOGIN_BUTTON}</arg>
<doc>Attend que l'élément soit cliquable puis clique</doc>
<status status="PASS" start="2025-11-02T15:16:58.348784" elapsed="0.318676"/>
</kw>
<arg>${VALID_EMAIL}</arg>
<arg>${VALID_PASSWORD}</arg>
<doc>Effectue la connexion avec email et mot de passe</doc>
<status status="PASS" start="2025-11-02T15:16:57.036741" elapsed="1.631028"/>
</kw>
<kw name="Verify Successful Login" owner="authentication_keywords">
<kw name="Verify Page Contains" owner="common_keywords">
<kw name="Wait Until Page Contains" owner="SeleniumLibrary">
<arg>${expected_text}</arg>
<arg>${TIMEOUT}</arg>
<doc>Waits until ``text`` appears on the current page.</doc>
<status status="PASS" start="2025-11-02T15:16:58.677635" elapsed="2.649735"/>
</kw>
<kw name="Page Should Contain" owner="SeleniumLibrary">
<msg time="2025-11-02T15:17:02.523625" level="INFO">Current page contains text 'Logged in as'.</msg>
<arg>${expected_text}</arg>
<doc>Verifies that current page contains ``text``.</doc>
<status status="PASS" start="2025-11-02T15:17:01.328287" elapsed="1.196103"/>
</kw>
<arg>${LOGIN_SUCCESS_MSG}</arg>
<status status="PASS" start="2025-11-02T15:16:58.672458" elapsed="3.852405"/>
</kw>
<kw name="Page Should Contain Element" owner="SeleniumLibrary">
<msg time="2025-11-02T15:17:02.631000" level="INFO">Current page contains element 'css:[href='/logout']'.</msg>
<arg>${LOGOUT_MENU}</arg>
<doc>Verifies that element ``locator`` is found on the current page.</doc>
<status status="PASS" start="2025-11-02T15:17:02.525322" elapsed="0.105905"/>
</kw>
<doc>Vérifie que la connexion est réussie</doc>
<status status="PASS" start="2025-11-02T15:16:58.671226" elapsed="3.960435"/>
</kw>
<kw name="Run Keywords" owner="BuiltIn" type="TEARDOWN">
<kw name="Take Screenshot On Failure" owner="common_keywords">
<kw name="Run Keyword If Test Failed" owner="BuiltIn">
<arg>Capture Page Screenshot</arg>
<doc>Runs the given keyword with the given arguments, if the test failed.</doc>
<status status="PASS" start="2025-11-02T15:17:02.645155" elapsed="0.001273"/>
</kw>
<doc>Prend une capture en cas d'échec</doc>
<status status="PASS" start="2025-11-02T15:17:02.642571" elapsed="0.008855"/>
</kw>
<kw name="Close Browser Session" owner="common_keywords">
<kw name="Close Browser" owner="SeleniumLibrary">
<doc>Closes the current browser.</doc>
<status status="PASS" start="2025-11-02T15:17:02.656691" elapsed="4.987291"/>
</kw>
<doc>Ferme le navigateur</doc>
<status status="PASS" start="2025-11-02T15:17:02.652912" elapsed="4.991678"/>
</kw>
<arg>Take Screenshot On Failure</arg>
<arg>AND</arg>
<arg>Close Browser Session</arg>
<doc>Executes all the given keywords in a sequence.</doc>
<status status="PASS" start="2025-11-02T15:17:02.636030" elapsed="5.008811"/>
</kw>
<doc>Test de connexion avec des identifiants valides</doc>
<tag>login</tag>
<tag>smoke</tag>
<status status="PASS" start="2025-11-02T15:16:38.895964" elapsed="28.749102"/>
</test>
<test id="s1-s1-s1-t2" name="Logout After Login" line="16">
<kw name="Open Browser To Home Page" owner="common_keywords" type="SETUP">
<kw name="Open Browser" owner="SeleniumLibrary">
<msg time="2025-11-02T15:17:07.650393" level="INFO">Opening browser 'chrome' to base url 'https://automationexercise.com'.</msg>
<arg>${BASE_URL}</arg>
<arg>${BROWSER}</arg>
<doc>Opens a new browser instance to the optional ``url``.</doc>
<status status="PASS" start="2025-11-02T15:17:07.649446" elapsed="3.253120"/>
</kw>
<kw name="Maximize Browser Window" owner="SeleniumLibrary">
<doc>Maximizes current browser window.</doc>
<status status="PASS" start="2025-11-02T15:17:10.903017" elapsed="6.257828"/>
</kw>
<kw name="Set Selenium Implicit Wait" owner="SeleniumLibrary">
<arg>${TIMEOUT}</arg>
<doc>Sets the implicit wait value used by Selenium.</doc>
<status status="PASS" start="2025-11-02T15:17:17.161400" elapsed="0.002444"/>
</kw>
<kw name="Wait Until Page Contains Element" owner="SeleniumLibrary">
<arg>${HEADER_LOGO}</arg>
<doc>Waits until the element ``locator`` appears on the current page.</doc>
<status status="PASS" start="2025-11-02T15:17:17.164229" elapsed="0.051816"/>
</kw>
<doc>Ouvre le navigateur sur la page d'accueil</doc>
<status status="PASS" start="2025-11-02T15:17:07.648576" elapsed="9.567718"/>
</kw>
<kw name="Go To Login Page" owner="authentication_keywords">
<kw name="Wait And Click" owner="common_keywords">
<kw name="Wait Until Element Is Visible" owner="SeleniumLibrary">
<arg>${locator}</arg>
<arg>${timeout}</arg>
<doc>Waits until the element ``locator`` is visible.</doc>
<status status="PASS" start="2025-11-02T15:17:17.223863" elapsed="0.068003"/>
</kw>
<kw name="Wait Until Element Is Enabled" owner="SeleniumLibrary">
<arg>${locator}</arg>
<arg>${timeout}</arg>
<doc>Waits until the element ``locator`` is enabled.</doc>
<status status="PASS" start="2025-11-02T15:17:17.292293" elapsed="0.066982"/>
</kw>
<kw name="Click Element" owner="SeleniumLibrary">
<msg time="2025-11-02T15:17:17.360351" level="INFO">Clicking element 'css:[href='/login']'.</msg>
<arg>${locator}</arg>
<doc>Click the element identified by ``locator``.</doc>
<status status="PASS" start="2025-11-02T15:17:17.359663" elapsed="2.004669"/>
</kw>
<arg>${LOGIN_MENU}</arg>
<doc>Attend que l'élément soit cliquable puis clique</doc>
<status status="PASS" start="2025-11-02T15:17:17.217421" elapsed="2.147334"/>
</kw>
<kw name="Verify Page Contains" owner="common_keywords">
<kw name="Wait Until Page Contains" owner="SeleniumLibrary">
<arg>${expected_text}</arg>
<arg>${TIMEOUT}</arg>
<doc>Waits until ``text`` appears on the current page.</doc>
<status status="PASS" start="2025-11-02T15:17:19.377411" elapsed="0.420803"/>
</kw>
<kw name="Page Should Contain" owner="SeleniumLibrary">
<msg time="2025-11-02T15:17:19.839907" level="INFO">Current page contains text 'Login to your account'.</msg>
<arg>${expected_text}</arg>
<doc>Verifies that current page contains ``text``.</doc>
<status status="PASS" start="2025-11-02T15:17:19.798628" elapsed="0.041473"/>
</kw>
<arg>Login to your account</arg>
<status status="PASS" start="2025-11-02T15:17:19.365414" elapsed="0.474867"/>
</kw>
<doc>Navigue vers la page de connexion</doc>
<status status="PASS" start="2025-11-02T15:17:17.216726" elapsed="2.623713"/>
</kw>
<kw name="Login With Credentials" owner="authentication_keywords">
<kw name="Wait And Input Text" owner="common_keywords">
<kw name="Wait Until Element Is Visible" owner="SeleniumLibrary">
<arg>${locator}</arg>
<arg>${timeout}</arg>
<doc>Waits until the element ``locator`` is visible.</doc>
<status status="PASS" start="2025-11-02T15:17:19.842559" elapsed="0.137864"/>
</kw>
<kw name="Input Text" owner="SeleniumLibrary">
<msg time="2025-11-02T15:17:19.981735" level="INFO">Typing text 'abdolaaziri@example.com' into text field 'css:[data-qa='login-email']'.</msg>
<arg>${locator}</arg>
<arg>${text}</arg>
<doc>Types the given ``text`` into the text field identified by ``locator``.</doc>
<status status="PASS" start="2025-11-02T15:17:19.980863" elapsed="0.383564"/>
</kw>
<arg>${LOGIN_EMAIL_FIELD}</arg>
<arg>${email}</arg>
<status status="PASS" start="2025-11-02T15:17:19.841751" elapsed="0.523138"/>
</kw>
<kw name="Wait And Input Text" owner="common_keywords">
<kw name="Wait Until Element Is Visible" owner="SeleniumLibrary">
<arg>${locator}</arg>
<arg>${timeout}</arg>
<doc>Waits until the element ``locator`` is visible.</doc>
<status status="PASS" start="2025-11-02T15:17:20.366640" elapsed="0.037978"/>
</kw>
<kw name="Input Text" owner="SeleniumLibrary">
<msg time="2025-11-02T15:17:20.405700" level="INFO">Typing text '12345678' into text field 'css:[data-qa='login-password']'.</msg>
<arg>${locator}</arg>
<arg>${text}</arg>
<doc>Types the given ``text`` into the text field identified by ``locator``.</doc>
<status status="PASS" start="2025-11-02T15:17:20.404986" elapsed="0.256100"/>
</kw>
<arg>${LOGIN_PASSWORD_FIELD}</arg>
<arg>${password}</arg>
<status status="PASS" start="2025-11-02T15:17:20.365610" elapsed="0.295783"/>
</kw>
<kw name="Wait And Click" owner="common_keywords">
<kw name="Wait Until Element Is Visible" owner="SeleniumLibrary">
<arg>${locator}</arg>
<arg>${timeout}</arg>
<doc>Waits until the element ``locator`` is visible.</doc>
<status status="PASS" start="2025-11-02T15:17:20.662801" elapsed="0.062086"/>
</kw>
<kw name="Wait Until Element Is Enabled" owner="SeleniumLibrary">
<arg>${locator}</arg>
<arg>${timeout}</arg>
<doc>Waits until the element ``locator`` is enabled.</doc>
<status status="PASS" start="2025-11-02T15:17:20.725239" elapsed="0.105554"/>
</kw>
<kw name="Click Element" owner="SeleniumLibrary">
<msg time="2025-11-02T15:17:20.835522" level="INFO">Clicking element 'css:[data-qa='login-button']'.</msg>
<arg>${locator}</arg>
<doc>Click the element identified by ``locator``.</doc>
<status status="PASS" start="2025-11-02T15:17:20.831217" elapsed="5.909847"/>
</kw>
<arg>${LOGIN_BUTTON}</arg>
<doc>Attend que l'élément soit cliquable puis clique</doc>
<status status="PASS" start="2025-11-02T15:17:20.661820" elapsed="6.079615"/>
</kw>
<arg>${VALID_EMAIL}</arg>
<arg>${VALID_PASSWORD}</arg>
<doc>Effectue la connexion avec email et mot de passe</doc>
<status status="PASS" start="2025-11-02T15:17:19.840851" elapsed="6.900840"/>
</kw>
<kw name="Verify Successful Login" owner="authentication_keywords">
<kw name="Verify Page Contains" owner="common_keywords">
<kw name="Wait Until Page Contains" owner="SeleniumLibrary">
<arg>${expected_text}</arg>
<arg>${TIMEOUT}</arg>
<doc>Waits until ``text`` appears on the current page.</doc>
<status status="PASS" start="2025-11-02T15:17:26.746569" elapsed="0.034619"/>
</kw>
<kw name="Page Should Contain" owner="SeleniumLibrary">
<msg time="2025-11-02T15:17:27.107936" level="INFO">Current page contains text 'Logged in as'.</msg>
<arg>${expected_text}</arg>
<doc>Verifies that current page contains ``text``.</doc>
<status status="PASS" start="2025-11-02T15:17:26.781875" elapsed="0.326265"/>
</kw>
<arg>${LOGIN_SUCCESS_MSG}</arg>
<status status="PASS" start="2025-11-02T15:17:26.743046" elapsed="0.365293"/>
</kw>
<kw name="Page Should Contain Element" owner="SeleniumLibrary">
<msg time="2025-11-02T15:17:27.136420" level="INFO">Current page contains element 'css:[href='/logout']'.</msg>
<arg>${LOGOUT_MENU}</arg>
<doc>Verifies that element ``locator`` is found on the current page.</doc>
<status status="PASS" start="2025-11-02T15:17:27.108647" elapsed="0.027972"/>
</kw>
<doc>Vérifie que la connexion est réussie</doc>
<status status="PASS" start="2025-11-02T15:17:26.742229" elapsed="0.394603"/>
</kw>
<kw name="Logout User" owner="authentication_keywords">
<kw name="Wait And Click" owner="common_keywords">
<kw name="Wait Until Element Is Visible" owner="SeleniumLibrary">
<arg>${locator}</arg>
<arg>${timeout}</arg>
<doc>Waits until the element ``locator`` is visible.</doc>
<status status="PASS" start="2025-11-02T15:17:27.138732" elapsed="0.035414"/>
</kw>
<kw name="Wait Until Element Is Enabled" owner="SeleniumLibrary">
<arg>${locator}</arg>
<arg>${timeout}</arg>
<doc>Waits until the element ``locator`` is enabled.</doc>
<status status="PASS" start="2025-11-02T15:17:27.174551" elapsed="0.041452"/>
</kw>
<kw name="Click Element" owner="SeleniumLibrary">
<msg time="2025-11-02T15:17:27.216945" level="INFO">Clicking element 'css:[href='/logout']'.</msg>
<arg>${locator}</arg>
<doc>Click the element identified by ``locator``.</doc>
<status status="PASS" start="2025-11-02T15:17:27.216362" elapsed="1.774931"/>
</kw>
<arg>${LOGOUT_MENU}</arg>
<doc>Attend que l'élément soit cliquable puis clique</doc>
<status status="PASS" start="2025-11-02T15:17:27.137860" elapsed="1.853915"/>
</kw>
<kw name="Verify Page Contains" owner="common_keywords">
<kw name="Wait Until Page Contains" owner="SeleniumLibrary">
<arg>${expected_text}</arg>
<arg>${TIMEOUT}</arg>
<doc>Waits until ``text`` appears on the current page.</doc>
<status status="PASS" start="2025-11-02T15:17:28.996915" elapsed="0.073496"/>
</kw>
<kw name="Page Should Contain" owner="SeleniumLibrary">
<msg time="2025-11-02T15:17:29.180368" level="INFO">Current page contains text 'Login to your account'.</msg>
<arg>${expected_text}</arg>
<doc>Verifies that current page contains ``text``.</doc>
<status status="PASS" start="2025-11-02T15:17:29.070835" elapsed="0.109656"/>
</kw>
<arg>Login to your account</arg>
<status status="PASS" start="2025-11-02T15:17:28.995539" elapsed="0.185106"/>
</kw>
<doc>Déconnecte l'utilisateur</doc>
<status status="PASS" start="2025-11-02T15:17:27.137162" elapsed="2.043608"/>
</kw>
<kw name="Run Keywords" owner="BuiltIn" type="TEARDOWN">
<kw name="Take Screenshot On Failure" owner="common_keywords">
<kw name="Run Keyword If Test Failed" owner="BuiltIn">
<arg>Capture Page Screenshot</arg>
<doc>Runs the given keyword with the given arguments, if the test failed.</doc>
<status status="PASS" start="2025-11-02T15:17:29.182206" elapsed="0.000234"/>
</kw>
<doc>Prend une capture en cas d'échec</doc>
<status status="PASS" start="2025-11-02T15:17:29.181497" elapsed="0.001117"/>
</kw>
<kw name="Close Browser Session" owner="common_keywords">
<kw name="Close Browser" owner="SeleniumLibrary">
<doc>Closes the current browser.</doc>
<status status="PASS" start="2025-11-02T15:17:29.183232" elapsed="2.234035"/>
</kw>
<doc>Ferme le navigateur</doc>
<status status="PASS" start="2025-11-02T15:17:29.182820" elapsed="2.234704"/>
</kw>
<arg>Take Screenshot On Failure</arg>
<arg>AND</arg>
<arg>Close Browser Session</arg>
<doc>Executes all the given keywords in a sequence.</doc>
<status status="PASS" start="2025-11-02T15:17:29.181100" elapsed="2.236580"/>
</kw>
<doc>Test de déconnexion après connexion</doc>
<tag>login</tag>
<status status="PASS" start="2025-11-02T15:17:07.646783" elapsed="23.771057"/>
</test>
<test id="s1-s1-s1-t3" name="Login With Invalid Email" line="24">
<kw name="Open Browser To Home Page" owner="common_keywords" type="SETUP">
<kw name="Open Browser" owner="SeleniumLibrary">
<msg time="2025-11-02T15:17:31.420253" level="INFO">Opening browser 'chrome' to base url 'https://automationexercise.com'.</msg>
<arg>${BASE_URL}</arg>
<arg>${BROWSER}</arg>
<doc>Opens a new browser instance to the optional ``url``.</doc>
<status status="PASS" start="2025-11-02T15:17:31.419832" elapsed="3.777364"/>
</kw>
<kw name="Maximize Browser Window" owner="SeleniumLibrary">
<doc>Maximizes current browser window.</doc>
<status status="PASS" start="2025-11-02T15:17:35.197720" elapsed="2.849913"/>
</kw>
<kw name="Set Selenium Implicit Wait" owner="SeleniumLibrary">
<arg>${TIMEOUT}</arg>
<doc>Sets the implicit wait value used by Selenium.</doc>
<status status="PASS" start="2025-11-02T15:17:38.048142" elapsed="0.018417"/>
</kw>
<kw name="Wait Until Page Contains Element" owner="SeleniumLibrary">
<arg>${HEADER_LOGO}</arg>
<doc>Waits until the element ``locator`` appears on the current page.</doc>
<status status="PASS" start="2025-11-02T15:17:38.066897" elapsed="0.948254"/>
</kw>
<doc>Ouvre le navigateur sur la page d'accueil</doc>
<status status="PASS" start="2025-11-02T15:17:31.419264" elapsed="7.596269"/>
</kw>
<kw name="Go To Login Page" owner="authentication_keywords">
<kw name="Wait And Click" owner="common_keywords">
<kw name="Wait Until Element Is Visible" owner="SeleniumLibrary">
<arg>${locator}</arg>
<arg>${timeout}</arg>
<doc>Waits until the element ``locator`` is visible.</doc>
<status status="PASS" start="2025-11-02T15:17:39.017829" elapsed="0.114632"/>
</kw>
<kw name="Wait Until Element Is Enabled" owner="SeleniumLibrary">
<arg>${locator}</arg>
<arg>${timeout}</arg>
<doc>Waits until the element ``locator`` is enabled.</doc>
<status status="PASS" start="2025-11-02T15:17:39.132904" elapsed="0.037318"/>
</kw>
<kw name="Click Element" owner="SeleniumLibrary">
<msg time="2025-11-02T15:17:39.171146" level="INFO">Clicking element 'css:[href='/login']'.</msg>
<arg>${locator}</arg>
<doc>Click the element identified by ``locator``.</doc>
<status status="PASS" start="2025-11-02T15:17:39.170619" elapsed="1.506110"/>
</kw>
<arg>${LOGIN_MENU}</arg>
<doc>Attend que l'élément soit cliquable puis clique</doc>
<status status="PASS" start="2025-11-02T15:17:39.016975" elapsed="1.659939"/>
</kw>
<kw name="Verify Page Contains" owner="common_keywords">
<kw name="Wait Until Page Contains" owner="SeleniumLibrary">
<arg>${expected_text}</arg>
<arg>${TIMEOUT}</arg>
<doc>Waits until ``text`` appears on the current page.</doc>
<status status="PASS" start="2025-11-02T15:17:40.677610" elapsed="0.019393"/>
</kw>
<kw name="Page Should Contain" owner="SeleniumLibrary">
<msg time="2025-11-02T15:17:40.711130" level="INFO">Current page contains text 'Login to your account'.</msg>
<arg>${expected_text}</arg>
<doc>Verifies that current page contains ``text``.</doc>
<status status="PASS" start="2025-11-02T15:17:40.697207" elapsed="0.014035"/>
</kw>
<arg>Login to your account</arg>
<status status="PASS" start="2025-11-02T15:17:40.677216" elapsed="0.034145"/>
</kw>
<doc>Navigue vers la page de connexion</doc>
<status status="PASS" start="2025-11-02T15:17:39.016130" elapsed="1.695318"/>
</kw>
<kw name="Login With Credentials" owner="authentication_keywords">
<kw name="Wait And Input Text" owner="common_keywords">
<kw name="Wait Until Element Is Visible" owner="SeleniumLibrary">
<arg>${locator}</arg>
<arg>${timeout}</arg>
<doc>Waits until the element ``locator`` is visible.</doc>
<status status="PASS" start="2025-11-02T15:17:40.712587" elapsed="0.043942"/>
</kw>
<kw name="Input Text" owner="SeleniumLibrary">
<msg time="2025-11-02T15:17:40.757144" level="INFO">Typing text 'invalid-email' into text field 'css:[data-qa='login-email']'.</msg>
<arg>${locator}</arg>
<arg>${text}</arg>
<doc>Types the given ``text`` into the text field identified by ``locator``.</doc>
<status status="PASS" start="2025-11-02T15:17:40.756765" elapsed="0.437702"/>
</kw>
<arg>${LOGIN_EMAIL_FIELD}</arg>
<arg>${email}</arg>
<status status="PASS" start="2025-11-02T15:17:40.712145" elapsed="0.482544"/>
</kw>
<kw name="Wait And Input Text" owner="common_keywords">
<kw name="Wait Until Element Is Visible" owner="SeleniumLibrary">
<arg>${locator}</arg>
<arg>${timeout}</arg>
<doc>Waits until the element ``locator`` is visible.</doc>
<status status="PASS" start="2025-11-02T15:17:41.195724" elapsed="0.031663"/>
</kw>
<kw name="Input Text" owner="SeleniumLibrary">
<msg time="2025-11-02T15:17:41.229037" level="INFO">Typing text '12345678' into text field 'css:[data-qa='login-password']'.</msg>
<arg>${locator}</arg>
<arg>${text}</arg>
<doc>Types the given ``text`` into the text field identified by ``locator``.</doc>
<status status="PASS" start="2025-11-02T15:17:41.227963" elapsed="0.198008"/>
</kw>
<arg>${LOGIN_PASSWORD_FIELD}</arg>
<arg>${password}</arg>
<status status="PASS" start="2025-11-02T15:17:41.195008" elapsed="0.231138"/>
</kw>
<kw name="Wait And Click" owner="common_keywords">
<kw name="Wait Until Element Is Visible" owner="SeleniumLibrary">
<arg>${locator}</arg>
<arg>${timeout}</arg>
<doc>Waits until the element ``locator`` is visible.</doc>
<status status="PASS" start="2025-11-02T15:17:41.426898" elapsed="0.034329"/>
</kw>
<kw name="Wait Until Element Is Enabled" owner="SeleniumLibrary">
<arg>${locator}</arg>
<arg>${timeout}</arg>
<doc>Waits until the element ``locator`` is enabled.</doc>
<status status="PASS" start="2025-11-02T15:17:41.461718" elapsed="0.075690"/>
</kw>
<kw name="Click Element" owner="SeleniumLibrary">
<msg time="2025-11-02T15:17:41.538026" level="INFO">Clicking element 'css:[data-qa='login-button']'.</msg>
<arg>${locator}</arg>
<doc>Click the element identified by ``locator``.</doc>
<status status="PASS" start="2025-11-02T15:17:41.537639" elapsed="0.184512"/>
</kw>
<arg>${LOGIN_BUTTON}</arg>
<doc>Attend que l'élément soit cliquable puis clique</doc>
<status status="PASS" start="2025-11-02T15:17:41.426393" elapsed="0.296031"/>
</kw>
<arg>${INVALID_EMAIL}</arg>
<arg>${VALID_PASSWORD}</arg>
<doc>Effectue la connexion avec email et mot de passe</doc>
<status status="PASS" start="2025-11-02T15:17:40.711674" elapsed="1.010920"/>
</kw>
<kw name="Verify Login Failure" owner="authentication_keywords">
<kw name="Wait Until Page Contains Element" owner="SeleniumLibrary">
<msg time="2025-11-02T15:17:41.730535" level="FAIL">Variable '${LOGIN_ERROR_MSG}' not found. Did you mean:
    ${LOGIN_ERROR_MSG_TEXT}</msg>
<arg>${LOGIN_ERROR_MSG}</arg>
<doc>Waits until the element ``locator`` appears on the current page.</doc>
<status status="FAIL" start="2025-11-02T15:17:41.723722" elapsed="0.007255">Variable '${LOGIN_ERROR_MSG}' not found. Did you mean:
    ${LOGIN_ERROR_MSG_TEXT}</status>
</kw>
<kw name="Element Should Contain" owner="SeleniumLibrary">
<arg>${LOGIN_ERROR_MSG}</arg>
<arg>${LOGIN_ERROR_MSG_TEXT}</arg>
<doc>Verifies that element ``locator`` contains text ``expected``.</doc>
<status status="NOT RUN" start="2025-11-02T15:17:41.737320" elapsed="0.000199"/>
</kw>
<doc>Vérifie le message d'erreur de connexion</doc>
<status status="FAIL" start="2025-11-02T15:17:41.723053" elapsed="0.015426">Variable '${LOGIN_ERROR_MSG}' not found. Did you mean:
    ${LOGIN_ERROR_MSG_TEXT}</status>
</kw>
<kw name="Run Keywords" owner="BuiltIn" type="TEARDOWN">
<kw name="Take Screenshot On Failure" owner="common_keywords">
<kw name="Run Keyword If Test Failed" owner="BuiltIn">
<kw name="Capture Page Screenshot" owner="SeleniumLibrary">
<msg time="2025-11-02T15:17:42.197771" level="INFO" html="true">&lt;/td&gt;&lt;/tr&gt;&lt;tr&gt;&lt;td colspan="3"&gt;&lt;a href="selenium-screenshot-1.png"&gt;&lt;img src="selenium-screenshot-1.png" width="800px"&gt;&lt;/a&gt;</msg>
<doc>Takes a screenshot of the current page and embeds it into a log file.</doc>
<status status="PASS" start="2025-11-02T15:17:41.740630" elapsed="0.458038"/>
</kw>
<arg>Capture Page Screenshot</arg>
<doc>Runs the given keyword with the given arguments, if the test failed.</doc>
<status status="PASS" start="2025-11-02T15:17:41.740397" elapsed="0.458667"/>
</kw>
<doc>Prend une capture en cas d'échec</doc>
<status status="PASS" start="2025-11-02T15:17:41.739986" elapsed="0.459326"/>
</kw>
<kw name="Close Browser Session" owner="common_keywords">
<kw name="Close Browser" owner="SeleniumLibrary">
<doc>Closes the current browser.</doc>
<status status="PASS" start="2025-11-02T15:17:42.203527" elapsed="2.413977"/>
</kw>
<doc>Ferme le navigateur</doc>
<status status="PASS" start="2025-11-02T15:17:42.200794" elapsed="2.417197"/>
</kw>
<arg>Take Screenshot On Failure</arg>
<arg>AND</arg>
<arg>Close Browser Session</arg>
<doc>Executes all the given keywords in a sequence.</doc>
<status status="PASS" start="2025-11-02T15:17:41.739474" elapsed="2.878699"/>
</kw>
<doc>Test de connexion avec email invalide</doc>
<tag>login</tag>
<tag>negative</tag>
<status status="FAIL" start="2025-11-02T15:17:31.418447" elapsed="13.199880">Variable '${LOGIN_ERROR_MSG}' not found. Did you mean:
    ${LOGIN_ERROR_MSG_TEXT}</status>
</test>
<status status="FAIL" start="2025-11-02T15:16:38.542123" elapsed="66.078925"/>
</suite>
<status status="FAIL" start="2025-11-02T15:16:38.540373" elapsed="66.083579"/>
</suite>
<status status="FAIL" start="2025-11-02T15:16:38.516672" elapsed="66.108584"/>
</suite>
<statistics>
<total>
<stat pass="2" fail="1" skip="0">All Tests</stat>
</total>
<tag>
<stat pass="2" fail="1" skip="0">login</stat>
<stat pass="0" fail="1" skip="0">negative</stat>
<stat pass="1" fail="0" skip="0">smoke</stat>
</tag>
<suite>
<stat name="Tests" id="s1" pass="2" fail="1" skip="0">Tests</stat>
<stat name="Authentication" id="s1-s1" pass="2" fail="1" skip="0">Tests.Authentication</stat>
<stat name="Login Tests" id="s1-s1-s1" pass="2" fail="1" skip="0">Tests.Authentication.Login Tests</stat>
</suite>
</statistics>
<errors>
</errors>
</robot>
