<?xml version="1.0" encoding="UTF-8"?>
<robot generator="Rebot 7.3.2 (Python 3.13.5 on win32)" generated="2025-11-02T15:19:55.915425" rpa="false" schemaversion="5">
<suite id="s1" name="Tests" source="C:\Users\dell\Desktop\test qa\RobotFramwork\TestVf\tests">
<suite id="s1-s1" name="Authentication" source="C:\Users\dell\Desktop\test qa\RobotFramwork\TestVf\tests\authentication">
<suite id="s1-s1-s1" name="Login Tests" source="C:\Users\dell\Desktop\test qa\RobotFramwork\TestVf\tests\authentication\login_tests.robot">
<test id="s1-s1-s1-t1" name="Login With Valid Credentials" line="9">
<kw name="Open Browser To Home Page" owner="common_keywords" type="SETUP">
<kw name="Open Browser" owner="SeleniumLibrary">
<msg time="2025-11-02T15:16:38.900353" level="INFO">Opening browser 'chrome' to base url 'https://automationexercise.com'.</msg>
<arg>${BASE_URL}</arg>
<arg>${BROWSER}</arg>
<doc>Opens a new browser instance to the optional ``url``.</doc>
<status status="PASS" start="2025-11-02T15:16:38.899771" elapsed="4.657224"/>
</kw>
<kw name="Maximize Browser Window" owner="SeleniumLibrary">
<doc>Maximizes current browser window.</doc>
<status status="PASS" start="2025-11-02T15:16:43.557582" elapsed="8.982661"/>
</kw>
<kw name="Set Selenium Implicit Wait" owner="SeleniumLibrary">
<arg>${TIMEOUT}</arg>
<doc>Sets the implicit wait value used by Selenium.</doc>
<status status="PASS" start="2025-11-02T15:16:52.542199" elapsed="0.005028"/>
</kw>
<kw name="Wait Until Page Contains Element" owner="SeleniumLibrary">
<arg>${HEADER_LOGO}</arg>
<doc>Waits until the element ``locator`` appears on the current page.</doc>
<status status="PASS" start="2025-11-02T15:16:52.547601" elapsed="0.035453"/>
</kw>
<doc>Ouvre le navigateur sur la page d'accueil</doc>
<status status="PASS" start="2025-11-02T15:16:38.898128" elapsed="13.685258"/>
</kw>
<kw name="Go To Login Page" owner="authentication_keywords">
<kw name="Wait And Click" owner="common_keywords">
<kw name="Wait Until Element Is Visible" owner="SeleniumLibrary">
<arg>${locator}</arg>
<arg>${timeout}</arg>
<doc>Waits until the element ``locator`` is visible.</doc>
<status status="PASS" start="2025-11-02T15:16:52.585999" elapsed="0.053066"/>
</kw>
<kw name="Wait Until Element Is Enabled" owner="SeleniumLibrary">
<arg>${locator}</arg>
<arg>${timeout}</arg>
<doc>Waits until the element ``locator`` is enabled.</doc>
<status status="PASS" start="2025-11-02T15:16:52.639675" elapsed="0.071267"/>
</kw>
<kw name="Click Element" owner="SeleniumLibrary">
<msg time="2025-11-02T15:16:52.712077" level="INFO">Clicking element 'css:[href='/login']'.</msg>
<arg>${locator}</arg>
<doc>Click the element identified by ``locator``.</doc>
<status status="PASS" start="2025-11-02T15:16:52.711496" elapsed="2.973587"/>
</kw>
<arg>${LOGIN_MENU}</arg>
<doc>Attend que l'élément soit cliquable puis clique</doc>
<status status="PASS" start="2025-11-02T15:16:52.584890" elapsed="3.100628"/>
</kw>
<kw name="Verify Page Contains" owner="common_keywords">
<kw name="Wait Until Page Contains" owner="SeleniumLibrary">
<arg>${expected_text}</arg>
<arg>${TIMEOUT}</arg>
<doc>Waits until ``text`` appears on the current page.</doc>
<status status="PASS" start="2025-11-02T15:16:55.768562" elapsed="1.140693"/>
</kw>
<kw name="Page Should Contain" owner="SeleniumLibrary">
<msg time="2025-11-02T15:16:57.035742" level="INFO">Current page contains text 'Login to your account'.</msg>
<arg>${expected_text}</arg>
<doc>Verifies that current page contains ``text``.</doc>
<status status="PASS" start="2025-11-02T15:16:56.909612" elapsed="0.126337"/>
</kw>
<arg>Login to your account</arg>
<status status="PASS" start="2025-11-02T15:16:55.695891" elapsed="1.340257"/>
</kw>
<doc>Navigue vers la page de connexion</doc>
<status status="PASS" start="2025-11-02T15:16:52.584047" elapsed="4.452252"/>
</kw>
<kw name="Login With Credentials" owner="authentication_keywords">
<kw name="Wait And Input Text" owner="common_keywords">
<kw name="Wait Until Element Is Visible" owner="SeleniumLibrary">
<arg>${locator}</arg>
<arg>${timeout}</arg>
<doc>Waits until the element ``locator`` is visible.</doc>
<status status="PASS" start="2025-11-02T15:16:57.049149" elapsed="0.213278"/>
</kw>
<kw name="Input Text" owner="SeleniumLibrary">
<msg time="2025-11-02T15:16:57.263608" level="INFO">Typing text 'abdolaaziri@example.com' into text field 'css:[data-qa='login-email']'.</msg>
<arg>${locator}</arg>
<arg>${text}</arg>
<doc>Types the given ``text`` into the text field identified by ``locator``.</doc>
<status status="PASS" start="2025-11-02T15:16:57.262929" elapsed="0.717229"/>
</kw>
<arg>${LOGIN_EMAIL_FIELD}</arg>
<arg>${email}</arg>
<status status="PASS" start="2025-11-02T15:16:57.044924" elapsed="0.935544"/>
</kw>
<kw name="Wait And Input Text" owner="common_keywords">
<kw name="Wait Until Element Is Visible" owner="SeleniumLibrary">
<arg>${locator}</arg>
<arg>${timeout}</arg>
<doc>Waits until the element ``locator`` is visible.</doc>
<status status="PASS" start="2025-11-02T15:16:57.981738" elapsed="0.048837"/>
</kw>
<kw name="Input Text" owner="SeleniumLibrary">
<msg time="2025-11-02T15:16:58.031752" level="INFO">Typing text '12345678' into text field 'css:[data-qa='login-password']'.</msg>
<arg>${locator}</arg>
<arg>${text}</arg>
<doc>Types the given ``text`` into the text field identified by ``locator``.</doc>
<status status="PASS" start="2025-11-02T15:16:58.031069" elapsed="0.317112"/>
</kw>
<arg>${LOGIN_PASSWORD_FIELD}</arg>
<arg>${password}</arg>
<status status="PASS" start="2025-11-02T15:16:57.980853" elapsed="0.367569"/>
</kw>
<kw name="Wait And Click" owner="common_keywords">
<kw name="Wait Until Element Is Visible" owner="SeleniumLibrary">
<arg>${locator}</arg>
<arg>${timeout}</arg>
<doc>Waits until the element ``locator`` is visible.</doc>
<status status="PASS" start="2025-11-02T15:16:58.349629" elapsed="0.048222"/>
</kw>
<kw name="Wait Until Element Is Enabled" owner="SeleniumLibrary">
<arg>${locator}</arg>
<arg>${timeout}</arg>
<doc>Waits until the element ``locator`` is enabled.</doc>
<status status="PASS" start="2025-11-02T15:16:58.398304" elapsed="0.064542"/>
</kw>
<kw name="Click Element" owner="SeleniumLibrary">
<msg time="2025-11-02T15:16:58.464127" level="INFO">Clicking element 'css:[data-qa='login-button']'.</msg>
<arg>${locator}</arg>
<doc>Click the element identified by ``locator``.</doc>
<status status="PASS" start="2025-11-02T15:16:58.463376" elapsed="0.203377"/>
</kw>
<arg>${LOGIN_BUTTON}</arg>
<doc>Attend que l'élément soit cliquable puis clique</doc>
<status status="PASS" start="2025-11-02T15:16:58.348784" elapsed="0.318676"/>
</kw>
<arg>${VALID_EMAIL}</arg>
<arg>${VALID_PASSWORD}</arg>
<doc>Effectue la connexion avec email et mot de passe</doc>
<status status="PASS" start="2025-11-02T15:16:57.036741" elapsed="1.631028"/>
</kw>
<kw name="Verify Successful Login" owner="authentication_keywords">
<kw name="Verify Page Contains" owner="common_keywords">
<kw name="Wait Until Page Contains" owner="SeleniumLibrary">
<arg>${expected_text}</arg>
<arg>${TIMEOUT}</arg>
<doc>Waits until ``text`` appears on the current page.</doc>
<status status="PASS" start="2025-11-02T15:16:58.677635" elapsed="2.649735"/>
</kw>
<kw name="Page Should Contain" owner="SeleniumLibrary">
<msg time="2025-11-02T15:17:02.523625" level="INFO">Current page contains text 'Logged in as'.</msg>
<arg>${expected_text}</arg>
<doc>Verifies that current page contains ``text``.</doc>
<status status="PASS" start="2025-11-02T15:17:01.328287" elapsed="1.196103"/>
</kw>
<arg>${LOGIN_SUCCESS_MSG}</arg>
<status status="PASS" start="2025-11-02T15:16:58.672458" elapsed="3.852405"/>
</kw>
<kw name="Page Should Contain Element" owner="SeleniumLibrary">
<msg time="2025-11-02T15:17:02.631000" level="INFO">Current page contains element 'css:[href='/logout']'.</msg>
<arg>${LOGOUT_MENU}</arg>
<doc>Verifies that element ``locator`` is found on the current page.</doc>
<status status="PASS" start="2025-11-02T15:17:02.525322" elapsed="0.105905"/>
</kw>
<doc>Vérifie que la connexion est réussie</doc>
<status status="PASS" start="2025-11-02T15:16:58.671226" elapsed="3.960435"/>
</kw>
<kw name="Run Keywords" owner="BuiltIn" type="TEARDOWN">
<kw name="Take Screenshot On Failure" owner="common_keywords">
<kw name="Run Keyword If Test Failed" owner="BuiltIn">
<arg>Capture Page Screenshot</arg>
<doc>Runs the given keyword with the given arguments, if the test failed.</doc>
<status status="PASS" start="2025-11-02T15:17:02.645155" elapsed="0.001273"/>
</kw>
<doc>Prend une capture en cas d'échec</doc>
<status status="PASS" start="2025-11-02T15:17:02.642571" elapsed="0.008855"/>
</kw>
<kw name="Close Browser Session" owner="common_keywords">
<kw name="Close Browser" owner="SeleniumLibrary">
<doc>Closes the current browser.</doc>
<status status="PASS" start="2025-11-02T15:17:02.656691" elapsed="4.987291"/>
</kw>
<doc>Ferme le navigateur</doc>
<status status="PASS" start="2025-11-02T15:17:02.652912" elapsed="4.991678"/>
</kw>
<arg>Take Screenshot On Failure</arg>
<arg>AND</arg>
<arg>Close Browser Session</arg>
<doc>Executes all the given keywords in a sequence.</doc>
<status status="PASS" start="2025-11-02T15:17:02.636030" elapsed="5.008811"/>
</kw>
<doc>Test de connexion avec des identifiants valides</doc>
<tag>login</tag>
<tag>smoke</tag>
<status status="PASS" start="2025-11-02T15:16:38.895964" elapsed="28.749102"/>
</test>
<test id="s1-s1-s1-t2" name="Logout After Login" line="16">
<kw name="Open Browser To Home Page" owner="common_keywords" type="SETUP">
<kw name="Open Browser" owner="SeleniumLibrary">
<msg time="2025-11-02T15:17:07.650393" level="INFO">Opening browser 'chrome' to base url 'https://automationexercise.com'.</msg>
<arg>${BASE_URL}</arg>
<arg>${BROWSER}</arg>
<doc>Opens a new browser instance to the optional ``url``.</doc>
<status status="PASS" start="2025-11-02T15:17:07.649446" elapsed="3.253120"/>
</kw>
<kw name="Maximize Browser Window" owner="SeleniumLibrary">
<doc>Maximizes current browser window.</doc>
<status status="PASS" start="2025-11-02T15:17:10.903017" elapsed="6.257828"/>
</kw>
<kw name="Set Selenium Implicit Wait" owner="SeleniumLibrary">
<arg>${TIMEOUT}</arg>
<doc>Sets the implicit wait value used by Selenium.</doc>
<status status="PASS" start="2025-11-02T15:17:17.161400" elapsed="0.002444"/>
</kw>
<kw name="Wait Until Page Contains Element" owner="SeleniumLibrary">
<arg>${HEADER_LOGO}</arg>
<doc>Waits until the element ``locator`` appears on the current page.</doc>
<status status="PASS" start="2025-11-02T15:17:17.164229" elapsed="0.051816"/>
</kw>
<doc>Ouvre le navigateur sur la page d'accueil</doc>
<status status="PASS" start="2025-11-02T15:17:07.648576" elapsed="9.567718"/>
</kw>
<kw name="Go To Login Page" owner="authentication_keywords">
<kw name="Wait And Click" owner="common_keywords">
<kw name="Wait Until Element Is Visible" owner="SeleniumLibrary">
<arg>${locator}</arg>
<arg>${timeout}</arg>
<doc>Waits until the element ``locator`` is visible.</doc>
<status status="PASS" start="2025-11-02T15:17:17.223863" elapsed="0.068003"/>
</kw>
<kw name="Wait Until Element Is Enabled" owner="SeleniumLibrary">
<arg>${locator}</arg>
<arg>${timeout}</arg>
<doc>Waits until the element ``locator`` is enabled.</doc>
<status status="PASS" start="2025-11-02T15:17:17.292293" elapsed="0.066982"/>
</kw>
<kw name="Click Element" owner="SeleniumLibrary">
<msg time="2025-11-02T15:17:17.360351" level="INFO">Clicking element 'css:[href='/login']'.</msg>
<arg>${locator}</arg>
<doc>Click the element identified by ``locator``.</doc>
<status status="PASS" start="2025-11-02T15:17:17.359663" elapsed="2.004669"/>
</kw>
<arg>${LOGIN_MENU}</arg>
<doc>Attend que l'élément soit cliquable puis clique</doc>
<status status="PASS" start="2025-11-02T15:17:17.217421" elapsed="2.147334"/>
</kw>
<kw name="Verify Page Contains" owner="common_keywords">
<kw name="Wait Until Page Contains" owner="SeleniumLibrary">
<arg>${expected_text}</arg>
<arg>${TIMEOUT}</arg>
<doc>Waits until ``text`` appears on the current page.</doc>
<status status="PASS" start="2025-11-02T15:17:19.377411" elapsed="0.420803"/>
</kw>
<kw name="Page Should Contain" owner="SeleniumLibrary">
<msg time="2025-11-02T15:17:19.839907" level="INFO">Current page contains text 'Login to your account'.</msg>
<arg>${expected_text}</arg>
<doc>Verifies that current page contains ``text``.</doc>
<status status="PASS" start="2025-11-02T15:17:19.798628" elapsed="0.041473"/>
</kw>
<arg>Login to your account</arg>
<status status="PASS" start="2025-11-02T15:17:19.365414" elapsed="0.474867"/>
</kw>
<doc>Navigue vers la page de connexion</doc>
<status status="PASS" start="2025-11-02T15:17:17.216726" elapsed="2.623713"/>
</kw>
<kw name="Login With Credentials" owner="authentication_keywords">
<kw name="Wait And Input Text" owner="common_keywords">
<kw name="Wait Until Element Is Visible" owner="SeleniumLibrary">
<arg>${locator}</arg>
<arg>${timeout}</arg>
<doc>Waits until the element ``locator`` is visible.</doc>
<status status="PASS" start="2025-11-02T15:17:19.842559" elapsed="0.137864"/>
</kw>
<kw name="Input Text" owner="SeleniumLibrary">
<msg time="2025-11-02T15:17:19.981735" level="INFO">Typing text 'abdolaaziri@example.com' into text field 'css:[data-qa='login-email']'.</msg>
<arg>${locator}</arg>
<arg>${text}</arg>
<doc>Types the given ``text`` into the text field identified by ``locator``.</doc>
<status status="PASS" start="2025-11-02T15:17:19.980863" elapsed="0.383564"/>
</kw>
<arg>${LOGIN_EMAIL_FIELD}</arg>
<arg>${email}</arg>
<status status="PASS" start="2025-11-02T15:17:19.841751" elapsed="0.523138"/>
</kw>
<kw name="Wait And Input Text" owner="common_keywords">
<kw name="Wait Until Element Is Visible" owner="SeleniumLibrary">
<arg>${locator}</arg>
<arg>${timeout}</arg>
<doc>Waits until the element ``locator`` is visible.</doc>
<status status="PASS" start="2025-11-02T15:17:20.366640" elapsed="0.037978"/>
</kw>
<kw name="Input Text" owner="SeleniumLibrary">
<msg time="2025-11-02T15:17:20.405700" level="INFO">Typing text '12345678' into text field 'css:[data-qa='login-password']'.</msg>
<arg>${locator}</arg>
<arg>${text}</arg>
<doc>Types the given ``text`` into the text field identified by ``locator``.</doc>
<status status="PASS" start="2025-11-02T15:17:20.404986" elapsed="0.256100"/>
</kw>
<arg>${LOGIN_PASSWORD_FIELD}</arg>
<arg>${password}</arg>
<status status="PASS" start="2025-11-02T15:17:20.365610" elapsed="0.295783"/>
</kw>
<kw name="Wait And Click" owner="common_keywords">
<kw name="Wait Until Element Is Visible" owner="SeleniumLibrary">
<arg>${locator}</arg>
<arg>${timeout}</arg>
<doc>Waits until the element ``locator`` is visible.</doc>
<status status="PASS" start="2025-11-02T15:17:20.662801" elapsed="0.062086"/>
</kw>
<kw name="Wait Until Element Is Enabled" owner="SeleniumLibrary">
<arg>${locator}</arg>
<arg>${timeout}</arg>
<doc>Waits until the element ``locator`` is enabled.</doc>
<status status="PASS" start="2025-11-02T15:17:20.725239" elapsed="0.105554"/>
</kw>
<kw name="Click Element" owner="SeleniumLibrary">
<msg time="2025-11-02T15:17:20.835522" level="INFO">Clicking element 'css:[data-qa='login-button']'.</msg>
<arg>${locator}</arg>
<doc>Click the element identified by ``locator``.</doc>
<status status="PASS" start="2025-11-02T15:17:20.831217" elapsed="5.909847"/>
</kw>
<arg>${LOGIN_BUTTON}</arg>
<doc>Attend que l'élément soit cliquable puis clique</doc>
<status status="PASS" start="2025-11-02T15:17:20.661820" elapsed="6.079615"/>
</kw>
<arg>${VALID_EMAIL}</arg>
<arg>${VALID_PASSWORD}</arg>
<doc>Effectue la connexion avec email et mot de passe</doc>
<status status="PASS" start="2025-11-02T15:17:19.840851" elapsed="6.900840"/>
</kw>
<kw name="Verify Successful Login" owner="authentication_keywords">
<kw name="Verify Page Contains" owner="common_keywords">
<kw name="Wait Until Page Contains" owner="SeleniumLibrary">
<arg>${expected_text}</arg>
<arg>${TIMEOUT}</arg>
<doc>Waits until ``text`` appears on the current page.</doc>
<status status="PASS" start="2025-11-02T15:17:26.746569" elapsed="0.034619"/>
</kw>
<kw name="Page Should Contain" owner="SeleniumLibrary">
<msg time="2025-11-02T15:17:27.107936" level="INFO">Current page contains text 'Logged in as'.</msg>
<arg>${expected_text}</arg>
<doc>Verifies that current page contains ``text``.</doc>
<status status="PASS" start="2025-11-02T15:17:26.781875" elapsed="0.326265"/>
</kw>
<arg>${LOGIN_SUCCESS_MSG}</arg>
<status status="PASS" start="2025-11-02T15:17:26.743046" elapsed="0.365293"/>
</kw>
<kw name="Page Should Contain Element" owner="SeleniumLibrary">
<msg time="2025-11-02T15:17:27.136420" level="INFO">Current page contains element 'css:[href='/logout']'.</msg>
<arg>${LOGOUT_MENU}</arg>
<doc>Verifies that element ``locator`` is found on the current page.</doc>
<status status="PASS" start="2025-11-02T15:17:27.108647" elapsed="0.027972"/>
</kw>
<doc>Vérifie que la connexion est réussie</doc>
<status status="PASS" start="2025-11-02T15:17:26.742229" elapsed="0.394603"/>
</kw>
<kw name="Logout User" owner="authentication_keywords">
<kw name="Wait And Click" owner="common_keywords">
<kw name="Wait Until Element Is Visible" owner="SeleniumLibrary">
<arg>${locator}</arg>
<arg>${timeout}</arg>
<doc>Waits until the element ``locator`` is visible.</doc>
<status status="PASS" start="2025-11-02T15:17:27.138732" elapsed="0.035414"/>
</kw>
<kw name="Wait Until Element Is Enabled" owner="SeleniumLibrary">
<arg>${locator}</arg>
<arg>${timeout}</arg>
<doc>Waits until the element ``locator`` is enabled.</doc>
<status status="PASS" start="2025-11-02T15:17:27.174551" elapsed="0.041452"/>
</kw>
<kw name="Click Element" owner="SeleniumLibrary">
<msg time="2025-11-02T15:17:27.216945" level="INFO">Clicking element 'css:[href='/logout']'.</msg>
<arg>${locator}</arg>
<doc>Click the element identified by ``locator``.</doc>
<status status="PASS" start="2025-11-02T15:17:27.216362" elapsed="1.774931"/>
</kw>
<arg>${LOGOUT_MENU}</arg>
<doc>Attend que l'élément soit cliquable puis clique</doc>
<status status="PASS" start="2025-11-02T15:17:27.137860" elapsed="1.853915"/>
</kw>
<kw name="Verify Page Contains" owner="common_keywords">
<kw name="Wait Until Page Contains" owner="SeleniumLibrary">
<arg>${expected_text}</arg>
<arg>${TIMEOUT}</arg>
<doc>Waits until ``text`` appears on the current page.</doc>
<status status="PASS" start="2025-11-02T15:17:28.996915" elapsed="0.073496"/>
</kw>
<kw name="Page Should Contain" owner="SeleniumLibrary">
<msg time="2025-11-02T15:17:29.180368" level="INFO">Current page contains text 'Login to your account'.</msg>
<arg>${expected_text}</arg>
<doc>Verifies that current page contains ``text``.</doc>
<status status="PASS" start="2025-11-02T15:17:29.070835" elapsed="0.109656"/>
</kw>
<arg>Login to your account</arg>
<status status="PASS" start="2025-11-02T15:17:28.995539" elapsed="0.185106"/>
</kw>
<doc>Déconnecte l'utilisateur</doc>
<status status="PASS" start="2025-11-02T15:17:27.137162" elapsed="2.043608"/>
</kw>
<kw name="Run Keywords" owner="BuiltIn" type="TEARDOWN">
<kw name="Take Screenshot On Failure" owner="common_keywords">
<kw name="Run Keyword If Test Failed" owner="BuiltIn">
<arg>Capture Page Screenshot</arg>
<doc>Runs the given keyword with the given arguments, if the test failed.</doc>
<status status="PASS" start="2025-11-02T15:17:29.182206" elapsed="0.000234"/>
</kw>
<doc>Prend une capture en cas d'échec</doc>
<status status="PASS" start="2025-11-02T15:17:29.181497" elapsed="0.001117"/>
</kw>
<kw name="Close Browser Session" owner="common_keywords">
<kw name="Close Browser" owner="SeleniumLibrary">
<doc>Closes the current browser.</doc>
<status status="PASS" start="2025-11-02T15:17:29.183232" elapsed="2.234035"/>
</kw>
<doc>Ferme le navigateur</doc>
<status status="PASS" start="2025-11-02T15:17:29.182820" elapsed="2.234704"/>
</kw>
<arg>Take Screenshot On Failure</arg>
<arg>AND</arg>
<arg>Close Browser Session</arg>
<doc>Executes all the given keywords in a sequence.</doc>
<status status="PASS" start="2025-11-02T15:17:29.181100" elapsed="2.236580"/>
</kw>
<doc>Test de déconnexion après connexion</doc>
<tag>login</tag>
<status status="PASS" start="2025-11-02T15:17:07.646783" elapsed="23.771057"/>
</test>
<test id="s1-s1-s1-t3" name="Login With Invalid Email" line="24">
<kw name="Open Browser To Home Page" owner="common_keywords" type="SETUP">
<kw name="Open Browser" owner="SeleniumLibrary">
<msg time="2025-11-02T15:17:31.420253" level="INFO">Opening browser 'chrome' to base url 'https://automationexercise.com'.</msg>
<arg>${BASE_URL}</arg>
<arg>${BROWSER}</arg>
<doc>Opens a new browser instance to the optional ``url``.</doc>
<status status="PASS" start="2025-11-02T15:17:31.419832" elapsed="3.777364"/>
</kw>
<kw name="Maximize Browser Window" owner="SeleniumLibrary">
<doc>Maximizes current browser window.</doc>
<status status="PASS" start="2025-11-02T15:17:35.197720" elapsed="2.849913"/>
</kw>
<kw name="Set Selenium Implicit Wait" owner="SeleniumLibrary">
<arg>${TIMEOUT}</arg>
<doc>Sets the implicit wait value used by Selenium.</doc>
<status status="PASS" start="2025-11-02T15:17:38.048142" elapsed="0.018417"/>
</kw>
<kw name="Wait Until Page Contains Element" owner="SeleniumLibrary">
<arg>${HEADER_LOGO}</arg>
<doc>Waits until the element ``locator`` appears on the current page.</doc>
<status status="PASS" start="2025-11-02T15:17:38.066897" elapsed="0.948254"/>
</kw>
<doc>Ouvre le navigateur sur la page d'accueil</doc>
<status status="PASS" start="2025-11-02T15:17:31.419264" elapsed="7.596269"/>
</kw>
<kw name="Go To Login Page" owner="authentication_keywords">
<kw name="Wait And Click" owner="common_keywords">
<kw name="Wait Until Element Is Visible" owner="SeleniumLibrary">
<arg>${locator}</arg>
<arg>${timeout}</arg>
<doc>Waits until the element ``locator`` is visible.</doc>
<status status="PASS" start="2025-11-02T15:17:39.017829" elapsed="0.114632"/>
</kw>
<kw name="Wait Until Element Is Enabled" owner="SeleniumLibrary">
<arg>${locator}</arg>
<arg>${timeout}</arg>
<doc>Waits until the element ``locator`` is enabled.</doc>
<status status="PASS" start="2025-11-02T15:17:39.132904" elapsed="0.037318"/>
</kw>
<kw name="Click Element" owner="SeleniumLibrary">
<msg time="2025-11-02T15:17:39.171146" level="INFO">Clicking element 'css:[href='/login']'.</msg>
<arg>${locator}</arg>
<doc>Click the element identified by ``locator``.</doc>
<status status="PASS" start="2025-11-02T15:17:39.170619" elapsed="1.506110"/>
</kw>
<arg>${LOGIN_MENU}</arg>
<doc>Attend que l'élément soit cliquable puis clique</doc>
<status status="PASS" start="2025-11-02T15:17:39.016975" elapsed="1.659939"/>
</kw>
<kw name="Verify Page Contains" owner="common_keywords">
<kw name="Wait Until Page Contains" owner="SeleniumLibrary">
<arg>${expected_text}</arg>
<arg>${TIMEOUT}</arg>
<doc>Waits until ``text`` appears on the current page.</doc>
<status status="PASS" start="2025-11-02T15:17:40.677610" elapsed="0.019393"/>
</kw>
<kw name="Page Should Contain" owner="SeleniumLibrary">
<msg time="2025-11-02T15:17:40.711130" level="INFO">Current page contains text 'Login to your account'.</msg>
<arg>${expected_text}</arg>
<doc>Verifies that current page contains ``text``.</doc>
<status status="PASS" start="2025-11-02T15:17:40.697207" elapsed="0.014035"/>
</kw>
<arg>Login to your account</arg>
<status status="PASS" start="2025-11-02T15:17:40.677216" elapsed="0.034145"/>
</kw>
<doc>Navigue vers la page de connexion</doc>
<status status="PASS" start="2025-11-02T15:17:39.016130" elapsed="1.695318"/>
</kw>
<kw name="Login With Credentials" owner="authentication_keywords">
<kw name="Wait And Input Text" owner="common_keywords">
<kw name="Wait Until Element Is Visible" owner="SeleniumLibrary">
<arg>${locator}</arg>
<arg>${timeout}</arg>
<doc>Waits until the element ``locator`` is visible.</doc>
<status status="PASS" start="2025-11-02T15:17:40.712587" elapsed="0.043942"/>
</kw>
<kw name="Input Text" owner="SeleniumLibrary">
<msg time="2025-11-02T15:17:40.757144" level="INFO">Typing text 'invalid-email' into text field 'css:[data-qa='login-email']'.</msg>
<arg>${locator}</arg>
<arg>${text}</arg>
<doc>Types the given ``text`` into the text field identified by ``locator``.</doc>
<status status="PASS" start="2025-11-02T15:17:40.756765" elapsed="0.437702"/>
</kw>
<arg>${LOGIN_EMAIL_FIELD}</arg>
<arg>${email}</arg>
<status status="PASS" start="2025-11-02T15:17:40.712145" elapsed="0.482544"/>
</kw>
<kw name="Wait And Input Text" owner="common_keywords">
<kw name="Wait Until Element Is Visible" owner="SeleniumLibrary">
<arg>${locator}</arg>
<arg>${timeout}</arg>
<doc>Waits until the element ``locator`` is visible.</doc>
<status status="PASS" start="2025-11-02T15:17:41.195724" elapsed="0.031663"/>
</kw>
<kw name="Input Text" owner="SeleniumLibrary">
<msg time="2025-11-02T15:17:41.229037" level="INFO">Typing text '12345678' into text field 'css:[data-qa='login-password']'.</msg>
<arg>${locator}</arg>
<arg>${text}</arg>
<doc>Types the given ``text`` into the text field identified by ``locator``.</doc>
<status status="PASS" start="2025-11-02T15:17:41.227963" elapsed="0.198008"/>
</kw>
<arg>${LOGIN_PASSWORD_FIELD}</arg>
<arg>${password}</arg>
<status status="PASS" start="2025-11-02T15:17:41.195008" elapsed="0.231138"/>
</kw>
<kw name="Wait And Click" owner="common_keywords">
<kw name="Wait Until Element Is Visible" owner="SeleniumLibrary">
<arg>${locator}</arg>
<arg>${timeout}</arg>
<doc>Waits until the element ``locator`` is visible.</doc>
<status status="PASS" start="2025-11-02T15:17:41.426898" elapsed="0.034329"/>
</kw>
<kw name="Wait Until Element Is Enabled" owner="SeleniumLibrary">
<arg>${locator}</arg>
<arg>${timeout}</arg>
<doc>Waits until the element ``locator`` is enabled.</doc>
<status status="PASS" start="2025-11-02T15:17:41.461718" elapsed="0.075690"/>
</kw>
<kw name="Click Element" owner="SeleniumLibrary">
<msg time="2025-11-02T15:17:41.538026" level="INFO">Clicking element 'css:[data-qa='login-button']'.</msg>
<arg>${locator}</arg>
<doc>Click the element identified by ``locator``.</doc>
<status status="PASS" start="2025-11-02T15:17:41.537639" elapsed="0.184512"/>
</kw>
<arg>${LOGIN_BUTTON}</arg>
<doc>Attend que l'élément soit cliquable puis clique</doc>
<status status="PASS" start="2025-11-02T15:17:41.426393" elapsed="0.296031"/>
</kw>
<arg>${INVALID_EMAIL}</arg>
<arg>${VALID_PASSWORD}</arg>
<doc>Effectue la connexion avec email et mot de passe</doc>
<status status="PASS" start="2025-11-02T15:17:40.711674" elapsed="1.010920"/>
</kw>
<kw name="Verify Login Failure" owner="authentication_keywords">
<kw name="Wait Until Page Contains Element" owner="SeleniumLibrary">
<msg time="2025-11-02T15:17:41.730535" level="FAIL">Variable '${LOGIN_ERROR_MSG}' not found. Did you mean:
    ${LOGIN_ERROR_MSG_TEXT}</msg>
<arg>${LOGIN_ERROR_MSG}</arg>
<doc>Waits until the element ``locator`` appears on the current page.</doc>
<status status="FAIL" start="2025-11-02T15:17:41.723722" elapsed="0.007255">Variable '${LOGIN_ERROR_MSG}' not found. Did you mean:
    ${LOGIN_ERROR_MSG_TEXT}</status>
</kw>
<kw name="Element Should Contain" owner="SeleniumLibrary">
<arg>${LOGIN_ERROR_MSG}</arg>
<arg>${LOGIN_ERROR_MSG_TEXT}</arg>
<doc>Verifies that element ``locator`` contains text ``expected``.</doc>
<status status="NOT RUN" start="2025-11-02T15:17:41.737320" elapsed="0.000199"/>
</kw>
<doc>Vérifie le message d'erreur de connexion</doc>
<status status="FAIL" start="2025-11-02T15:17:41.723053" elapsed="0.015426">Variable '${LOGIN_ERROR_MSG}' not found. Did you mean:
    ${LOGIN_ERROR_MSG_TEXT}</status>
</kw>
<kw name="Run Keywords" owner="BuiltIn" type="TEARDOWN">
<kw name="Take Screenshot On Failure" owner="common_keywords">
<kw name="Run Keyword If Test Failed" owner="BuiltIn">
<kw name="Capture Page Screenshot" owner="SeleniumLibrary">
<msg time="2025-11-02T15:17:42.197771" level="INFO" html="true">&lt;/td&gt;&lt;/tr&gt;&lt;tr&gt;&lt;td colspan="3"&gt;&lt;a href="20251102_151637-0-selenium-screenshot-1.png"&gt;&lt;img src="20251102_151637-0-selenium-screenshot-1.png" width="800px"&gt;&lt;/a&gt;</msg>
<doc>Takes a screenshot of the current page and embeds it into a log file.</doc>
<status status="PASS" start="2025-11-02T15:17:41.740630" elapsed="0.458038"/>
</kw>
<arg>Capture Page Screenshot</arg>
<doc>Runs the given keyword with the given arguments, if the test failed.</doc>
<status status="PASS" start="2025-11-02T15:17:41.740397" elapsed="0.458667"/>
</kw>
<doc>Prend une capture en cas d'échec</doc>
<status status="PASS" start="2025-11-02T15:17:41.739986" elapsed="0.459326"/>
</kw>
<kw name="Close Browser Session" owner="common_keywords">
<kw name="Close Browser" owner="SeleniumLibrary">
<doc>Closes the current browser.</doc>
<status status="PASS" start="2025-11-02T15:17:42.203527" elapsed="2.413977"/>
</kw>
<doc>Ferme le navigateur</doc>
<status status="PASS" start="2025-11-02T15:17:42.200794" elapsed="2.417197"/>
</kw>
<arg>Take Screenshot On Failure</arg>
<arg>AND</arg>
<arg>Close Browser Session</arg>
<doc>Executes all the given keywords in a sequence.</doc>
<status status="PASS" start="2025-11-02T15:17:41.739474" elapsed="2.878699"/>
</kw>
<doc>Test de connexion avec email invalide</doc>
<tag>login</tag>
<tag>negative</tag>
<status status="FAIL" start="2025-11-02T15:17:31.418447" elapsed="13.199880">Variable '${LOGIN_ERROR_MSG}' not found. Did you mean:
    ${LOGIN_ERROR_MSG_TEXT}</status>
</test>
<status status="FAIL" start="2025-11-02T15:16:38.542000" elapsed="65.720000"/>
</suite>
<suite id="s1-s1-s2" name="Registration Tests" source="C:\Users\dell\Desktop\test qa\RobotFramwork\TestVf\tests\authentication\registration_tests.robot">
<test id="s1-s1-s2-t1" name="Register New User" line="9">
<kw name="Open Browser To Home Page" owner="common_keywords" type="SETUP">
<kw name="Open Browser" owner="SeleniumLibrary">
<msg time="2025-11-02T15:16:38.881923" level="INFO">Opening browser 'chrome' to base url 'https://automationexercise.com'.</msg>
<arg>${BASE_URL}</arg>
<arg>${BROWSER}</arg>
<doc>Opens a new browser instance to the optional ``url``.</doc>
<status status="PASS" start="2025-11-02T15:16:38.881388" elapsed="4.607791"/>
</kw>
<kw name="Maximize Browser Window" owner="SeleniumLibrary">
<doc>Maximizes current browser window.</doc>
<status status="PASS" start="2025-11-02T15:16:43.490083" elapsed="8.412332"/>
</kw>
<kw name="Set Selenium Implicit Wait" owner="SeleniumLibrary">
<arg>${TIMEOUT}</arg>
<doc>Sets the implicit wait value used by Selenium.</doc>
<status status="PASS" start="2025-11-02T15:16:51.903374" elapsed="0.034926"/>
</kw>
<kw name="Wait Until Page Contains Element" owner="SeleniumLibrary">
<arg>${HEADER_LOGO}</arg>
<doc>Waits until the element ``locator`` appears on the current page.</doc>
<status status="PASS" start="2025-11-02T15:16:51.942006" elapsed="0.073102"/>
</kw>
<doc>Ouvre le navigateur sur la page d'accueil</doc>
<status status="PASS" start="2025-11-02T15:16:38.879575" elapsed="13.135967"/>
</kw>
<kw name="Generate Unique Email" owner="common_keywords">
<kw name="Get Time" owner="BuiltIn">
<msg time="2025-11-02T15:16:52.018469" level="INFO">${timestamp} = 1762093012</msg>
<var>${timestamp}</var>
<arg>epoch</arg>
<doc>Returns the given time in the requested format.</doc>
<status status="PASS" start="2025-11-02T15:16:52.017821" elapsed="0.000757"/>
</kw>
<kw name="Set Variable" owner="BuiltIn">
<msg time="2025-11-02T15:16:52.019481" level="INFO">${unique_email} = newuser1762093012@example.com</msg>
<var>${unique_email}</var>
<arg>${NEW_USER_EMAIL_PREFIX}${timestamp}@example.com</arg>
<doc>Returns the given values which can then be assigned to a variables.</doc>
<status status="PASS" start="2025-11-02T15:16:52.018913" elapsed="0.000638"/>
</kw>
<return>
<value>${unique_email}</value>
<status status="PASS" start="2025-11-02T15:16:52.019729" elapsed="0.000309"/>
</return>
<msg time="2025-11-02T15:16:52.020388" level="INFO">${unique_email} = newuser1762093012@example.com</msg>
<var>${unique_email}</var>
<doc>Génère un email unique basé sur le timestamp</doc>
<status status="PASS" start="2025-11-02T15:16:52.016946" elapsed="0.003507"/>
</kw>
<kw name="Go To Signup Page" owner="authentication_keywords">
<kw name="Wait And Click" owner="common_keywords">
<kw name="Wait Until Element Is Visible" owner="SeleniumLibrary">
<arg>${locator}</arg>
<arg>${timeout}</arg>
<doc>Waits until the element ``locator`` is visible.</doc>
<status status="PASS" start="2025-11-02T15:16:52.023112" elapsed="0.703125"/>
</kw>
<kw name="Wait Until Element Is Enabled" owner="SeleniumLibrary">
<arg>${locator}</arg>
<arg>${timeout}</arg>
<doc>Waits until the element ``locator`` is enabled.</doc>
<status status="PASS" start="2025-11-02T15:16:52.726719" elapsed="0.095043"/>
</kw>
<kw name="Click Element" owner="SeleniumLibrary">
<msg time="2025-11-02T15:16:52.822877" level="INFO">Clicking element 'css:[href='/login']'.</msg>
<arg>${locator}</arg>
<doc>Click the element identified by ``locator``.</doc>
<status status="PASS" start="2025-11-02T15:16:52.822227" elapsed="2.088111"/>
</kw>
<arg>${LOGIN_MENU}</arg>
<doc>Attend que l'élément soit cliquable puis clique</doc>
<status status="PASS" start="2025-11-02T15:16:52.022129" elapsed="2.888928"/>
</kw>
<kw name="Verify Page Contains" owner="common_keywords">
<kw name="Wait Until Page Contains" owner="SeleniumLibrary">
<arg>${expected_text}</arg>
<arg>${TIMEOUT}</arg>
<doc>Waits until ``text`` appears on the current page.</doc>
<status status="PASS" start="2025-11-02T15:16:54.912854" elapsed="1.660492"/>
</kw>
<kw name="Page Should Contain" owner="SeleniumLibrary">
<msg time="2025-11-02T15:16:56.631888" level="INFO">Current page contains text 'Login to your account'.</msg>
<arg>${expected_text}</arg>
<doc>Verifies that current page contains ``text``.</doc>
<status status="PASS" start="2025-11-02T15:16:56.574248" elapsed="0.057835"/>
</kw>
<arg>Login to your account</arg>
<status status="PASS" start="2025-11-02T15:16:54.911676" elapsed="1.720619"/>
</kw>
<doc>Navigue vers la page d'inscription</doc>
<status status="PASS" start="2025-11-02T15:16:52.021139" elapsed="4.611472"/>
</kw>
<kw name="Fill Signup Form" owner="authentication_keywords">
<kw name="Wait And Input Text" owner="common_keywords">
<kw name="Wait Until Element Is Visible" owner="SeleniumLibrary">
<arg>${locator}</arg>
<arg>${timeout}</arg>
<doc>Waits until the element ``locator`` is visible.</doc>
<status status="PASS" start="2025-11-02T15:16:56.634755" elapsed="0.122914"/>
</kw>
<kw name="Input Text" owner="SeleniumLibrary">
<msg time="2025-11-02T15:16:56.758564" level="INFO">Typing text 'New Test User' into text field 'css:[data-qa='signup-name']'.</msg>
<arg>${locator}</arg>
<arg>${text}</arg>
<doc>Types the given ``text`` into the text field identified by ``locator``.</doc>
<status status="PASS" start="2025-11-02T15:16:56.758020" elapsed="0.755563"/>
</kw>
<arg>${SIGNUP_NAME_FIELD}</arg>
<arg>${name}</arg>
<status status="PASS" start="2025-11-02T15:16:56.633866" elapsed="0.880271"/>
</kw>
<kw name="Wait And Input Text" owner="common_keywords">
<kw name="Wait Until Element Is Visible" owner="SeleniumLibrary">
<arg>${locator}</arg>
<arg>${timeout}</arg>
<doc>Waits until the element ``locator`` is visible.</doc>
<status status="PASS" start="2025-11-02T15:16:57.515541" elapsed="0.208816"/>
</kw>
<kw name="Input Text" owner="SeleniumLibrary">
<msg time="2025-11-02T15:16:57.725372" level="INFO">Typing text 'newuser1762093012@example.com' into text field 'css:[data-qa='signup-email']'.</msg>
<arg>${locator}</arg>
<arg>${text}</arg>
<doc>Types the given ``text`` into the text field identified by ``locator``.</doc>
<status status="PASS" start="2025-11-02T15:16:57.724807" elapsed="0.467080"/>
</kw>
<arg>${SIGNUP_EMAIL_FIELD}</arg>
<arg>${email}</arg>
<status status="PASS" start="2025-11-02T15:16:57.514579" elapsed="0.677525"/>
</kw>
<kw name="Wait And Click" owner="common_keywords">
<kw name="Wait Until Element Is Visible" owner="SeleniumLibrary">
<arg>${locator}</arg>
<arg>${timeout}</arg>
<doc>Waits until the element ``locator`` is visible.</doc>
<status status="PASS" start="2025-11-02T15:16:58.193376" elapsed="0.033277"/>
</kw>
<kw name="Wait Until Element Is Enabled" owner="SeleniumLibrary">
<arg>${locator}</arg>
<arg>${timeout}</arg>
<doc>Waits until the element ``locator`` is enabled.</doc>
<status status="PASS" start="2025-11-02T15:16:58.227075" elapsed="0.044751"/>
</kw>
<kw name="Click Element" owner="SeleniumLibrary">
<msg time="2025-11-02T15:16:58.272809" level="INFO">Clicking element 'css:[data-qa='signup-button']'.</msg>
<arg>${locator}</arg>
<doc>Click the element identified by ``locator``.</doc>
<status status="PASS" start="2025-11-02T15:16:58.272226" elapsed="0.407492"/>
</kw>
<arg>${SIGNUP_BUTTON}</arg>
<doc>Attend que l'élément soit cliquable puis clique</doc>
<status status="PASS" start="2025-11-02T15:16:58.192480" elapsed="0.487675"/>
</kw>
<arg>${NEW_USER_NAME}</arg>
<arg>${unique_email}</arg>
<doc>Remplit le formulaire d'inscription</doc>
<status status="PASS" start="2025-11-02T15:16:56.633008" elapsed="2.047389"/>
</kw>
<kw name="Verify Signup Form Submitted" owner="authentication_keywords">
<kw name="Verify Page Contains" owner="common_keywords">
<kw name="Wait Until Page Contains" owner="SeleniumLibrary">
<arg>${expected_text}</arg>
<arg>${TIMEOUT}</arg>
<doc>Waits until ``text`` appears on the current page.</doc>
<status status="PASS" start="2025-11-02T15:16:58.692054" elapsed="3.805903"/>
</kw>
<kw name="Page Should Contain" owner="SeleniumLibrary">
<msg time="2025-11-02T15:17:03.059070" level="INFO">Current page contains text 'Enter Account Information'.</msg>
<arg>${expected_text}</arg>
<doc>Verifies that current page contains ``text``.</doc>
<status status="PASS" start="2025-11-02T15:17:02.498880" elapsed="0.560374"/>
</kw>
<arg>${SIGNUP_SUCCESS_MSG}</arg>
<status status="PASS" start="2025-11-02T15:16:58.690848" elapsed="4.368606"/>
</kw>
<doc>Vérifie que le formulaire d'inscription est soumis</doc>
<status status="PASS" start="2025-11-02T15:16:58.680936" elapsed="4.378649"/>
</kw>
<kw name="Run Keywords" owner="BuiltIn" type="TEARDOWN">
<kw name="Take Screenshot On Failure" owner="common_keywords">
<kw name="Run Keyword If Test Failed" owner="BuiltIn">
<arg>Capture Page Screenshot</arg>
<doc>Runs the given keyword with the given arguments, if the test failed.</doc>
<status status="PASS" start="2025-11-02T15:17:03.061798" elapsed="0.000383"/>
</kw>
<doc>Prend une capture en cas d'échec</doc>
<status status="PASS" start="2025-11-02T15:17:03.061132" elapsed="0.001282"/>
</kw>
<kw name="Close Browser Session" owner="common_keywords">
<kw name="Close Browser" owner="SeleniumLibrary">
<doc>Closes the current browser.</doc>
<status status="PASS" start="2025-11-02T15:17:03.067065" elapsed="4.597847"/>
</kw>
<doc>Ferme le navigateur</doc>
<status status="PASS" start="2025-11-02T15:17:03.062796" elapsed="4.602431"/>
</kw>
<arg>Take Screenshot On Failure</arg>
<arg>AND</arg>
<arg>Close Browser Session</arg>
<doc>Executes all the given keywords in a sequence.</doc>
<status status="PASS" start="2025-11-02T15:17:03.060279" elapsed="4.605118"/>
</kw>
<doc>Test d'inscription d'un nouvel utilisateur</doc>
<tag>registration</tag>
<tag>smoke</tag>
<status status="PASS" start="2025-11-02T15:16:38.877868" elapsed="28.787765"/>
</test>
<test id="s1-s1-s2-t2" name="Register With Existing Email" line="17">
<kw name="Open Browser To Home Page" owner="common_keywords" type="SETUP">
<kw name="Open Browser" owner="SeleniumLibrary">
<msg time="2025-11-02T15:17:07.672195" level="INFO">Opening browser 'chrome' to base url 'https://automationexercise.com'.</msg>
<arg>${BASE_URL}</arg>
<arg>${BROWSER}</arg>
<doc>Opens a new browser instance to the optional ``url``.</doc>
<status status="PASS" start="2025-11-02T15:17:07.671463" elapsed="9.072439"/>
</kw>
<kw name="Maximize Browser Window" owner="SeleniumLibrary">
<doc>Maximizes current browser window.</doc>
<status status="PASS" start="2025-11-02T15:17:16.745955" elapsed="0.318601"/>
</kw>
<kw name="Set Selenium Implicit Wait" owner="SeleniumLibrary">
<arg>${TIMEOUT}</arg>
<doc>Sets the implicit wait value used by Selenium.</doc>
<status status="PASS" start="2025-11-02T15:17:17.065040" elapsed="0.002357"/>
</kw>
<kw name="Wait Until Page Contains Element" owner="SeleniumLibrary">
<arg>${HEADER_LOGO}</arg>
<doc>Waits until the element ``locator`` appears on the current page.</doc>
<status status="PASS" start="2025-11-02T15:17:17.067841" elapsed="0.081606"/>
</kw>
<doc>Ouvre le navigateur sur la page d'accueil</doc>
<status status="PASS" start="2025-11-02T15:17:07.669677" elapsed="9.480118"/>
</kw>
<kw name="Go To Signup Page" owner="authentication_keywords">
<kw name="Wait And Click" owner="common_keywords">
<kw name="Wait Until Element Is Visible" owner="SeleniumLibrary">
<arg>${locator}</arg>
<arg>${timeout}</arg>
<doc>Waits until the element ``locator`` is visible.</doc>
<status status="PASS" start="2025-11-02T15:17:17.156690" elapsed="0.120885"/>
</kw>
<kw name="Wait Until Element Is Enabled" owner="SeleniumLibrary">
<arg>${locator}</arg>
<arg>${timeout}</arg>
<doc>Waits until the element ``locator`` is enabled.</doc>
<status status="PASS" start="2025-11-02T15:17:17.277965" elapsed="0.068807"/>
</kw>
<kw name="Click Element" owner="SeleniumLibrary">
<msg time="2025-11-02T15:17:17.347775" level="INFO">Clicking element 'css:[href='/login']'.</msg>
<arg>${locator}</arg>
<doc>Click the element identified by ``locator``.</doc>
<status status="PASS" start="2025-11-02T15:17:17.347170" elapsed="2.584525"/>
</kw>
<arg>${LOGIN_MENU}</arg>
<doc>Attend que l'élément soit cliquable puis clique</doc>
<status status="PASS" start="2025-11-02T15:17:17.151053" elapsed="2.780983"/>
</kw>
<kw name="Verify Page Contains" owner="common_keywords">
<kw name="Wait Until Page Contains" owner="SeleniumLibrary">
<arg>${expected_text}</arg>
<arg>${TIMEOUT}</arg>
<doc>Waits until ``text`` appears on the current page.</doc>
<status status="PASS" start="2025-11-02T15:17:19.936562" elapsed="0.044001"/>
</kw>
<kw name="Page Should Contain" owner="SeleniumLibrary">
<msg time="2025-11-02T15:17:20.043754" level="INFO">Current page contains text 'Login to your account'.</msg>
<arg>${expected_text}</arg>
<doc>Verifies that current page contains ``text``.</doc>
<status status="PASS" start="2025-11-02T15:17:19.980891" elapsed="0.063088"/>
</kw>
<arg>Login to your account</arg>
<status status="PASS" start="2025-11-02T15:17:19.934654" elapsed="0.109575"/>
</kw>
<doc>Navigue vers la page d'inscription</doc>
<status status="PASS" start="2025-11-02T15:17:17.150287" elapsed="2.894112"/>
</kw>
<kw name="Fill Signup Form" owner="authentication_keywords">
<kw name="Wait And Input Text" owner="common_keywords">
<kw name="Wait Until Element Is Visible" owner="SeleniumLibrary">
<arg>${locator}</arg>
<arg>${timeout}</arg>
<doc>Waits until the element ``locator`` is visible.</doc>
<status status="PASS" start="2025-11-02T15:17:20.046790" elapsed="0.098539"/>
</kw>
<kw name="Input Text" owner="SeleniumLibrary">
<msg time="2025-11-02T15:17:20.146920" level="INFO">Typing text 'New Test User' into text field 'css:[data-qa='signup-name']'.</msg>
<arg>${locator}</arg>
<arg>${text}</arg>
<doc>Types the given ``text`` into the text field identified by ``locator``.</doc>
<status status="PASS" start="2025-11-02T15:17:20.146039" elapsed="0.307483"/>
</kw>
<arg>${SIGNUP_NAME_FIELD}</arg>
<arg>${name}</arg>
<status status="PASS" start="2025-11-02T15:17:20.045837" elapsed="0.407979"/>
</kw>
<kw name="Wait And Input Text" owner="common_keywords">
<kw name="Wait Until Element Is Visible" owner="SeleniumLibrary">
<arg>${locator}</arg>
<arg>${timeout}</arg>
<doc>Waits until the element ``locator`` is visible.</doc>
<status status="PASS" start="2025-11-02T15:17:20.455388" elapsed="0.032102"/>
</kw>
<kw name="Input Text" owner="SeleniumLibrary">
<msg time="2025-11-02T15:17:20.488316" level="INFO">Typing text 'abdolaaziri@example.com' into text field 'css:[data-qa='signup-email']'.</msg>
<arg>${locator}</arg>
<arg>${text}</arg>
<doc>Types the given ``text`` into the text field identified by ``locator``.</doc>
<status status="PASS" start="2025-11-02T15:17:20.487880" elapsed="0.423470"/>
</kw>
<arg>${SIGNUP_EMAIL_FIELD}</arg>
<arg>${email}</arg>
<status status="PASS" start="2025-11-02T15:17:20.454194" elapsed="0.457441"/>
</kw>
<kw name="Wait And Click" owner="common_keywords">
<kw name="Wait Until Element Is Visible" owner="SeleniumLibrary">
<arg>${locator}</arg>
<arg>${timeout}</arg>
<doc>Waits until the element ``locator`` is visible.</doc>
<status status="PASS" start="2025-11-02T15:17:20.912893" elapsed="0.069568"/>
</kw>
<kw name="Wait Until Element Is Enabled" owner="SeleniumLibrary">
<arg>${locator}</arg>
<arg>${timeout}</arg>
<doc>Waits until the element ``locator`` is enabled.</doc>
<status status="PASS" start="2025-11-02T15:17:20.985706" elapsed="0.105021"/>
</kw>
<kw name="Click Element" owner="SeleniumLibrary">
<msg time="2025-11-02T15:17:21.091783" level="INFO">Clicking element 'css:[data-qa='signup-button']'.</msg>
<arg>${locator}</arg>
<doc>Click the element identified by ``locator``.</doc>
<status status="PASS" start="2025-11-02T15:17:21.091178" elapsed="3.748852"/>
</kw>
<arg>${SIGNUP_BUTTON}</arg>
<doc>Attend que l'élément soit cliquable puis clique</doc>
<status status="PASS" start="2025-11-02T15:17:20.912083" elapsed="3.929396"/>
</kw>
<arg>${NEW_USER_NAME}</arg>
<arg>${VALID_EMAIL}</arg>
<doc>Remplit le formulaire d'inscription</doc>
<status status="PASS" start="2025-11-02T15:17:20.044833" elapsed="4.797192"/>
</kw>
<kw name="Verify Page Contains" owner="common_keywords">
<kw name="Wait Until Page Contains" owner="SeleniumLibrary">
<arg>${expected_text}</arg>
<arg>${TIMEOUT}</arg>
<doc>Waits until ``text`` appears on the current page.</doc>
<status status="PASS" start="2025-11-02T15:17:24.843713" elapsed="1.195104"/>
</kw>
<kw name="Page Should Contain" owner="SeleniumLibrary">
<msg time="2025-11-02T15:17:26.085981" level="INFO">Current page contains text 'Email Address already exist!'.</msg>
<arg>${expected_text}</arg>
<doc>Verifies that current page contains ``text``.</doc>
<status status="PASS" start="2025-11-02T15:17:26.039348" elapsed="0.046970"/>
</kw>
<arg>Email Address already exist!</arg>
<status status="PASS" start="2025-11-02T15:17:24.842919" elapsed="1.243613"/>
</kw>
<kw name="Run Keywords" owner="BuiltIn" type="TEARDOWN">
<kw name="Take Screenshot On Failure" owner="common_keywords">
<kw name="Run Keyword If Test Failed" owner="BuiltIn">
<arg>Capture Page Screenshot</arg>
<doc>Runs the given keyword with the given arguments, if the test failed.</doc>
<status status="PASS" start="2025-11-02T15:17:26.088609" elapsed="0.000302"/>
</kw>
<doc>Prend une capture en cas d'échec</doc>
<status status="PASS" start="2025-11-02T15:17:26.087858" elapsed="0.001240"/>
</kw>
<kw name="Close Browser Session" owner="common_keywords">
<kw name="Close Browser" owner="SeleniumLibrary">
<doc>Closes the current browser.</doc>
<status status="PASS" start="2025-11-02T15:17:26.090062" elapsed="3.509263"/>
</kw>
<doc>Ferme le navigateur</doc>
<status status="PASS" start="2025-11-02T15:17:26.089433" elapsed="3.510172"/>
</kw>
<arg>Take Screenshot On Failure</arg>
<arg>AND</arg>
<arg>Close Browser Session</arg>
<doc>Executes all the given keywords in a sequence.</doc>
<status status="PASS" start="2025-11-02T15:17:26.087074" elapsed="3.512755"/>
</kw>
<doc>Test d'inscription avec email existant</doc>
<tag>negative</tag>
<tag>registration</tag>
<status status="PASS" start="2025-11-02T15:17:07.667714" elapsed="21.932251"/>
</test>
<status status="PASS" start="2025-11-02T15:16:38.537330" elapsed="51.065294"/>
</suite>
<status status="FAIL" start="2025-11-02T15:16:38.535000" elapsed="65.725000"/>
</suite>
<suite id="s1-s2" name="Products" source="C:\Users\dell\Desktop\test qa\RobotFramwork\TestVf\tests\products">
<suite id="s1-s2-s1" name="Cart Tests" source="C:\Users\dell\Desktop\test qa\RobotFramwork\TestVf\tests\products\cart_tests.robot">
<test id="s1-s2-s1-t1" name="Add Product To Cart" line="10">
<kw name="Open Browser To Home Page" owner="common_keywords" type="SETUP">
<kw name="Open Browser" owner="SeleniumLibrary">
<msg time="2025-11-02T15:16:38.886714" level="INFO">Opening browser 'chrome' to base url 'https://automationexercise.com'.</msg>
<arg>${BASE_URL}</arg>
<arg>${BROWSER}</arg>
<doc>Opens a new browser instance to the optional ``url``.</doc>
<status status="PASS" start="2025-11-02T15:16:38.886171" elapsed="11.402702"/>
</kw>
<kw name="Maximize Browser Window" owner="SeleniumLibrary">
<doc>Maximizes current browser window.</doc>
<status status="PASS" start="2025-11-02T15:16:50.291019" elapsed="0.308235"/>
</kw>
<kw name="Set Selenium Implicit Wait" owner="SeleniumLibrary">
<arg>${TIMEOUT}</arg>
<doc>Sets the implicit wait value used by Selenium.</doc>
<status status="PASS" start="2025-11-02T15:16:50.601440" elapsed="0.004653"/>
</kw>
<kw name="Wait Until Page Contains Element" owner="SeleniumLibrary">
<arg>${HEADER_LOGO}</arg>
<doc>Waits until the element ``locator`` appears on the current page.</doc>
<status status="PASS" start="2025-11-02T15:16:50.612053" elapsed="2.031284"/>
</kw>
<doc>Ouvre le navigateur sur la page d'accueil</doc>
<status status="PASS" start="2025-11-02T15:16:38.884593" elapsed="13.759329"/>
</kw>
<kw name="Add Product To Cart From Homepage" owner="product_keywords">
<kw name="Mouse Over" owner="SeleniumLibrary">
<msg time="2025-11-02T15:16:52.646974" level="INFO">Simulating Mouse Over on element 'xpath://p[contains(text(), 'Blue Top')]/..'.</msg>
<arg>xpath://p[contains(text(), '${product_name}')]/..</arg>
<doc>Simulates hovering the mouse over the element ``locator``.</doc>
<status status="PASS" start="2025-11-02T15:16:52.646200" elapsed="0.320351"/>
</kw>
<kw name="Wait And Click" owner="common_keywords">
<kw name="Wait Until Element Is Visible" owner="SeleniumLibrary">
<arg>${locator}</arg>
<arg>${timeout}</arg>
<doc>Waits until the element ``locator`` is visible.</doc>
<status status="PASS" start="2025-11-02T15:16:52.967831" elapsed="0.130066"/>
</kw>
<kw name="Wait Until Element Is Enabled" owner="SeleniumLibrary">
<arg>${locator}</arg>
<arg>${timeout}</arg>
<doc>Waits until the element ``locator`` is enabled.</doc>
<status status="PASS" start="2025-11-02T15:16:53.098262" elapsed="0.351084"/>
</kw>
<kw name="Click Element" owner="SeleniumLibrary">
<msg time="2025-11-02T15:16:53.451303" level="INFO">Clicking element 'xpath://p[contains(text(), 'Blue Top')]/..//a[contains(@class, 'add-to-cart')]'.</msg>
<msg time="2025-11-02T15:16:56.312010" level="INFO" html="true">&lt;/td&gt;&lt;/tr&gt;&lt;tr&gt;&lt;td colspan="3"&gt;&lt;a href="20251102_151637-2-selenium-screenshot-1.png"&gt;&lt;img src="20251102_151637-2-selenium-screenshot-1.png" width="800px"&gt;&lt;/a&gt;</msg>
<msg time="2025-11-02T15:16:56.470583" level="FAIL">ElementClickInterceptedException: Message: element click intercepted: Element &lt;a data-product-id="1" class="btn btn-default add-to-cart"&gt;...&lt;/a&gt; is not clickable at point (626, 662). Other element would receive the click: &lt;iframe id="aswift_4" name="aswift_4" browsingtopics="true" style="min-height: auto; max-height: none; min-width: auto; max-width: none; width: 320px !important; height: 50px !important; display: block; margin: 0px auto;" sandbox="allow-forms allow-popups allow-popups-to-escape-sandbox allow-same-origin allow-scripts allow-top-navigation-by-user-activation" width="320" height="50" frameborder="0" marginwidth="0" marginheight="0" vspace="0" hspace="0" allowtransparency="true" scrolling="no" allow="attribution-reporting; run-ad-auction" src="https://googleads.g.doubleclick.net/pagead/html/r20251029/r20190131/zrt_lookup_fy2021.html#RS-0-&amp;amp;adk=1812271801&amp;amp;client=ca-pub-1677597403311019&amp;amp;fa=1&amp;amp;ifi=5&amp;amp;uci=a!5&amp;amp;btvi=2" data-google-container-id="a!5" tabindex="0" title="Advertisement" aria-label="Advertisement" data-google-query-id="CIXdwf3T05ADFVVqHQkd8jEACw" data-load-complete="true"&gt;&lt;/iframe&gt;
  (Session info: chrome=141.0.7390.123); For documentation on this error, please visit: https://www.selenium.dev/documentation/webdriver/troubleshooting/errors#elementclickinterceptedexception
Stacktrace:
	GetHandleVerifier [0x0x7ff626aee8e5+80021]
	GetHandleVerifier [0x0x7ff626aee940+80112]
	(No symbol) [0x0x7ff62687060f]
	(No symbol) [0x0x7ff6268d0a39]
	(No symbol) [0x0x7ff6268ce3be]
	(No symbol) [0x0x7ff6268cb2e1]
	(No symbol) [0x0x7ff6268ca1a0]
	(No symbol) [0x0x7ff6268bb7c8]
	(No symbol) [0x0x7ff6268f122a]
	(No symbol) [0x0x7ff6268bb056]
	(No symbol) [0x0x7ff6268f1440]
	(No symbol) [0x0x7ff62691968a]
	(No symbol) [0x0x7ff6268f1003]
	(No symbol) [0x0x7ff6268b95d1]
	(No symbol) [0x0x7ff6268ba3f3]
	GetHandleVerifier [0x0x7ff626dadc7d+2960429]
	GetHandleVerifier [0x0x7ff626da7f3a+2936554]
	GetHandleVerifier [0x0x7ff626dc8977+3070247]
	GetHandleVerifier [0x0x7ff626b083ce+185214]
	GetHandleVerifier [0x0x7ff626b0fe1f+216527]
	GetHandleVerifier [0x0x7ff626af7b24+117460]
	GetHandleVerifier [0x0x7ff626af7cdf+117903]
	GetHandleVerifier [0x0x7ff626addbb8+11112]
	BaseThreadInitThunk [0x0x7ffed680e8d7+23]
	RtlUserThreadStart [0x0x7ffed88ec53c+44]
</msg>
<arg>${locator}</arg>
<doc>Click the element identified by ``locator``.</doc>
<status status="FAIL" start="2025-11-02T15:16:53.450097" elapsed="3.216944">ElementClickInterceptedException: Message: element click intercepted: Element &lt;a data-product-id="1" class="btn btn-default add-to-cart"&gt;...&lt;/a&gt; is not clickable at point (626, 662). Other element would receive the click: &lt;iframe id="aswift_4" name="aswift_4" browsingtopics="true" style="min-height: auto; max-height: none; min-width: auto; max-width: none; width: 320px !important; height: 50px !important; display: block; margin: 0px auto;" sandbox="allow-forms allow-popups allow-popups-to-escape-sandbox allow-same-origin allow-scripts allow-top-navigation-by-user-activation" width="320" height="50" frameborder="0" marginwidth="0" marginheight="0" vspace="0" hspace="0" allowtransparency="true" scrolling="no" allow="attribution-reporting; run-ad-auction" src="https://googleads.g.doubleclick.net/pagead/html/r20251029/r20190131/zrt_lookup_fy2021.html#RS-0-&amp;amp;adk=1812271801&amp;amp;client=ca-pub-1677597403311019&amp;amp;fa=1&amp;amp;ifi=5&amp;amp;uci=a!5&amp;amp;btvi=2" data-google-container-id="a!5" tabindex="0" title="Advertisement" aria-label="Advertisement" data-google-query-id="CIXdwf3T05ADFVVqHQkd8jEACw" data-load-complete="true"&gt;&lt;/iframe&gt;
  (Session info: chrome=141.0.7390.123); For documentation on this error, please visit: https://www.selenium.dev/documentation/webdriver/troubleshooting/errors#elementclickinterceptedexception
Stacktrace:
	GetHandleVerifier [0x0x7ff626aee8e5+80021]
    [ Message content over the limit has been removed. ]
	(No symbol) [0x0x7ff6268cb2e1]
	(No symbol) [0x0x7ff6268ca1a0]
	(No symbol) [0x0x7ff6268bb7c8]
	(No symbol) [0x0x7ff6268f122a]
	(No symbol) [0x0x7ff6268bb056]
	(No symbol) [0x0x7ff6268f1440]
	(No symbol) [0x0x7ff62691968a]
	(No symbol) [0x0x7ff6268f1003]
	(No symbol) [0x0x7ff6268b95d1]
	(No symbol) [0x0x7ff6268ba3f3]
	GetHandleVerifier [0x0x7ff626dadc7d+2960429]
	GetHandleVerifier [0x0x7ff626da7f3a+2936554]
	GetHandleVerifier [0x0x7ff626dc8977+3070247]
	GetHandleVerifier [0x0x7ff626b083ce+185214]
	GetHandleVerifier [0x0x7ff626b0fe1f+216527]
	GetHandleVerifier [0x0x7ff626af7b24+117460]
	GetHandleVerifier [0x0x7ff626af7cdf+117903]
	GetHandleVerifier [0x0x7ff626addbb8+11112]
	BaseThreadInitThunk [0x0x7ffed680e8d7+23]
	RtlUserThreadStart [0x0x7ffed88ec53c+44]</status>
</kw>
<arg>xpath://p[contains(text(), '${product_name}')]/..//a[contains(@class, 'add-to-cart')]</arg>
<doc>Attend que l'élément soit cliquable puis clique</doc>
<status status="FAIL" start="2025-11-02T15:16:52.966998" elapsed="3.733903">ElementClickInterceptedException: Message: element click intercepted: Element &lt;a data-product-id="1" class="btn btn-default add-to-cart"&gt;...&lt;/a&gt; is not clickable at point (626, 662). Other element would receive the click: &lt;iframe id="aswift_4" name="aswift_4" browsingtopics="true" style="min-height: auto; max-height: none; min-width: auto; max-width: none; width: 320px !important; height: 50px !important; display: block; margin: 0px auto;" sandbox="allow-forms allow-popups allow-popups-to-escape-sandbox allow-same-origin allow-scripts allow-top-navigation-by-user-activation" width="320" height="50" frameborder="0" marginwidth="0" marginheight="0" vspace="0" hspace="0" allowtransparency="true" scrolling="no" allow="attribution-reporting; run-ad-auction" src="https://googleads.g.doubleclick.net/pagead/html/r20251029/r20190131/zrt_lookup_fy2021.html#RS-0-&amp;amp;adk=1812271801&amp;amp;client=ca-pub-1677597403311019&amp;amp;fa=1&amp;amp;ifi=5&amp;amp;uci=a!5&amp;amp;btvi=2" data-google-container-id="a!5" tabindex="0" title="Advertisement" aria-label="Advertisement" data-google-query-id="CIXdwf3T05ADFVVqHQkd8jEACw" data-load-complete="true"&gt;&lt;/iframe&gt;
  (Session info: chrome=141.0.7390.123); For documentation on this error, please visit: https://www.selenium.dev/documentation/webdriver/troubleshooting/errors#elementclickinterceptedexception
Stacktrace:
	GetHandleVerifier [0x0x7ff626aee8e5+80021]
    [ Message content over the limit has been removed. ]
	(No symbol) [0x0x7ff6268cb2e1]
	(No symbol) [0x0x7ff6268ca1a0]
	(No symbol) [0x0x7ff6268bb7c8]
	(No symbol) [0x0x7ff6268f122a]
	(No symbol) [0x0x7ff6268bb056]
	(No symbol) [0x0x7ff6268f1440]
	(No symbol) [0x0x7ff62691968a]
	(No symbol) [0x0x7ff6268f1003]
	(No symbol) [0x0x7ff6268b95d1]
	(No symbol) [0x0x7ff6268ba3f3]
	GetHandleVerifier [0x0x7ff626dadc7d+2960429]
	GetHandleVerifier [0x0x7ff626da7f3a+2936554]
	GetHandleVerifier [0x0x7ff626dc8977+3070247]
	GetHandleVerifier [0x0x7ff626b083ce+185214]
	GetHandleVerifier [0x0x7ff626b0fe1f+216527]
	GetHandleVerifier [0x0x7ff626af7b24+117460]
	GetHandleVerifier [0x0x7ff626af7cdf+117903]
	GetHandleVerifier [0x0x7ff626addbb8+11112]
	BaseThreadInitThunk [0x0x7ffed680e8d7+23]
	RtlUserThreadStart [0x0x7ffed88ec53c+44]</status>
</kw>
<kw name="Wait Until Page Contains" owner="SeleniumLibrary">
<arg>${PRODUCT_ADDED_MSG}</arg>
<doc>Waits until ``text`` appears on the current page.</doc>
<status status="NOT RUN" start="2025-11-02T15:16:56.701541" elapsed="0.001281"/>
</kw>
<arg>${PRODUCT_1}</arg>
<doc>Ajoute un produit spécifique au panier depuis l'accueil</doc>
<status status="FAIL" start="2025-11-02T15:16:52.644858" elapsed="4.058401">ElementClickInterceptedException: Message: element click intercepted: Element &lt;a data-product-id="1" class="btn btn-default add-to-cart"&gt;...&lt;/a&gt; is not clickable at point (626, 662). Other element would receive the click: &lt;iframe id="aswift_4" name="aswift_4" browsingtopics="true" style="min-height: auto; max-height: none; min-width: auto; max-width: none; width: 320px !important; height: 50px !important; display: block; margin: 0px auto;" sandbox="allow-forms allow-popups allow-popups-to-escape-sandbox allow-same-origin allow-scripts allow-top-navigation-by-user-activation" width="320" height="50" frameborder="0" marginwidth="0" marginheight="0" vspace="0" hspace="0" allowtransparency="true" scrolling="no" allow="attribution-reporting; run-ad-auction" src="https://googleads.g.doubleclick.net/pagead/html/r20251029/r20190131/zrt_lookup_fy2021.html#RS-0-&amp;amp;adk=1812271801&amp;amp;client=ca-pub-1677597403311019&amp;amp;fa=1&amp;amp;ifi=5&amp;amp;uci=a!5&amp;amp;btvi=2" data-google-container-id="a!5" tabindex="0" title="Advertisement" aria-label="Advertisement" data-google-query-id="CIXdwf3T05ADFVVqHQkd8jEACw" data-load-complete="true"&gt;&lt;/iframe&gt;
  (Session info: chrome=141.0.7390.123); For documentation on this error, please visit: https://www.selenium.dev/documentation/webdriver/troubleshooting/errors#elementclickinterceptedexception
Stacktrace:
	GetHandleVerifier [0x0x7ff626aee8e5+80021]
    [ Message content over the limit has been removed. ]
	(No symbol) [0x0x7ff6268cb2e1]
	(No symbol) [0x0x7ff6268ca1a0]
	(No symbol) [0x0x7ff6268bb7c8]
	(No symbol) [0x0x7ff6268f122a]
	(No symbol) [0x0x7ff6268bb056]
	(No symbol) [0x0x7ff6268f1440]
	(No symbol) [0x0x7ff62691968a]
	(No symbol) [0x0x7ff6268f1003]
	(No symbol) [0x0x7ff6268b95d1]
	(No symbol) [0x0x7ff6268ba3f3]
	GetHandleVerifier [0x0x7ff626dadc7d+2960429]
	GetHandleVerifier [0x0x7ff626da7f3a+2936554]
	GetHandleVerifier [0x0x7ff626dc8977+3070247]
	GetHandleVerifier [0x0x7ff626b083ce+185214]
	GetHandleVerifier [0x0x7ff626b0fe1f+216527]
	GetHandleVerifier [0x0x7ff626af7b24+117460]
	GetHandleVerifier [0x0x7ff626af7cdf+117903]
	GetHandleVerifier [0x0x7ff626addbb8+11112]
	BaseThreadInitThunk [0x0x7ffed680e8d7+23]
	RtlUserThreadStart [0x0x7ffed88ec53c+44]</status>
</kw>
<kw name="Continue Shopping" owner="product_keywords">
<doc>Continue les achats après ajout au panier</doc>
<status status="NOT RUN" start="2025-11-02T15:16:56.703757" elapsed="0.000171"/>
</kw>
<kw name="Run Keywords" owner="BuiltIn" type="TEARDOWN">
<kw name="Take Screenshot On Failure" owner="common_keywords">
<kw name="Run Keyword If Test Failed" owner="BuiltIn">
<kw name="Capture Page Screenshot" owner="SeleniumLibrary">
<msg time="2025-11-02T15:16:57.163323" level="INFO" html="true">&lt;/td&gt;&lt;/tr&gt;&lt;tr&gt;&lt;td colspan="3"&gt;&lt;a href="20251102_151637-2-selenium-screenshot-2.png"&gt;&lt;img src="20251102_151637-2-selenium-screenshot-2.png" width="800px"&gt;&lt;/a&gt;</msg>
<doc>Takes a screenshot of the current page and embeds it into a log file.</doc>
<status status="PASS" start="2025-11-02T15:16:56.755781" elapsed="0.407786"/>
</kw>
<arg>Capture Page Screenshot</arg>
<doc>Runs the given keyword with the given arguments, if the test failed.</doc>
<status status="PASS" start="2025-11-02T15:16:56.744876" elapsed="0.418916"/>
</kw>
<doc>Prend une capture en cas d'échec</doc>
<status status="PASS" start="2025-11-02T15:16:56.715383" elapsed="0.448635"/>
</kw>
<kw name="Close Browser Session" owner="common_keywords">
<kw name="Close Browser" owner="SeleniumLibrary">
<doc>Closes the current browser.</doc>
<status status="PASS" start="2025-11-02T15:16:57.165108" elapsed="4.720596"/>
</kw>
<doc>Ferme le navigateur</doc>
<status status="PASS" start="2025-11-02T15:16:57.164385" elapsed="4.721696"/>
</kw>
<arg>Take Screenshot On Failure</arg>
<arg>AND</arg>
<arg>Close Browser Session</arg>
<doc>Executes all the given keywords in a sequence.</doc>
<status status="PASS" start="2025-11-02T15:16:56.712455" elapsed="5.173802"/>
</kw>
<doc>Ajout d'un produit au panier depuis la page d'accueil</doc>
<tag>cart</tag>
<tag>smoke</tag>
<status status="FAIL" start="2025-11-02T15:16:38.882984" elapsed="23.003466">ElementClickInterceptedException: Message: element click intercepted: Element &lt;a data-product-id="1" class="btn btn-default add-to-cart"&gt;...&lt;/a&gt; is not clickable at point (626, 662). Other element would receive the click: &lt;iframe id="aswift_4" name="aswift_4" browsingtopics="true" style="min-height: auto; max-height: none; min-width: auto; max-width: none; width: 320px !important; height: 50px !important; display: block; margin: 0px auto;" sandbox="allow-forms allow-popups allow-popups-to-escape-sandbox allow-same-origin allow-scripts allow-top-navigation-by-user-activation" width="320" height="50" frameborder="0" marginwidth="0" marginheight="0" vspace="0" hspace="0" allowtransparency="true" scrolling="no" allow="attribution-reporting; run-ad-auction" src="https://googleads.g.doubleclick.net/pagead/html/r20251029/r20190131/zrt_lookup_fy2021.html#RS-0-&amp;amp;adk=1812271801&amp;amp;client=ca-pub-1677597403311019&amp;amp;fa=1&amp;amp;ifi=5&amp;amp;uci=a!5&amp;amp;btvi=2" data-google-container-id="a!5" tabindex="0" title="Advertisement" aria-label="Advertisement" data-google-query-id="CIXdwf3T05ADFVVqHQkd8jEACw" data-load-complete="true"&gt;&lt;/iframe&gt;
  (Session info: chrome=141.0.7390.123); For documentation on this error, please visit: https://www.selenium.dev/documentation/webdriver/troubleshooting/errors#elementclickinterceptedexception
Stacktrace:
	GetHandleVerifier [0x0x7ff626aee8e5+80021]
    [ Message content over the limit has been removed. ]
	(No symbol) [0x0x7ff6268cb2e1]
	(No symbol) [0x0x7ff6268ca1a0]
	(No symbol) [0x0x7ff6268bb7c8]
	(No symbol) [0x0x7ff6268f122a]
	(No symbol) [0x0x7ff6268bb056]
	(No symbol) [0x0x7ff6268f1440]
	(No symbol) [0x0x7ff62691968a]
	(No symbol) [0x0x7ff6268f1003]
	(No symbol) [0x0x7ff6268b95d1]
	(No symbol) [0x0x7ff6268ba3f3]
	GetHandleVerifier [0x0x7ff626dadc7d+2960429]
	GetHandleVerifier [0x0x7ff626da7f3a+2936554]
	GetHandleVerifier [0x0x7ff626dc8977+3070247]
	GetHandleVerifier [0x0x7ff626b083ce+185214]
	GetHandleVerifier [0x0x7ff626b0fe1f+216527]
	GetHandleVerifier [0x0x7ff626af7b24+117460]
	GetHandleVerifier [0x0x7ff626af7cdf+117903]
	GetHandleVerifier [0x0x7ff626addbb8+11112]
	BaseThreadInitThunk [0x0x7ffed680e8d7+23]
	RtlUserThreadStart [0x0x7ffed88ec53c+44]</status>
</test>
<test id="s1-s2-s1-t2" name="Verify Product In Cart" line="16">
<kw name="Open Browser To Home Page" owner="common_keywords" type="SETUP">
<kw name="Open Browser" owner="SeleniumLibrary">
<msg time="2025-11-02T15:17:01.911173" level="INFO">Opening browser 'chrome' to base url 'https://automationexercise.com'.</msg>
<arg>${BASE_URL}</arg>
<arg>${BROWSER}</arg>
<doc>Opens a new browser instance to the optional ``url``.</doc>
<status status="PASS" start="2025-11-02T15:17:01.906377" elapsed="5.657991"/>
</kw>
<kw name="Maximize Browser Window" owner="SeleniumLibrary">
<doc>Maximizes current browser window.</doc>
<status status="PASS" start="2025-11-02T15:17:07.564843" elapsed="0.072708"/>
</kw>
<kw name="Set Selenium Implicit Wait" owner="SeleniumLibrary">
<arg>${TIMEOUT}</arg>
<doc>Sets the implicit wait value used by Selenium.</doc>
<status status="PASS" start="2025-11-02T15:17:07.638149" elapsed="0.007455"/>
</kw>
<kw name="Wait Until Page Contains Element" owner="SeleniumLibrary">
<arg>${HEADER_LOGO}</arg>
<doc>Waits until the element ``locator`` appears on the current page.</doc>
<status status="PASS" start="2025-11-02T15:17:07.645964" elapsed="0.038844"/>
</kw>
<doc>Ouvre le navigateur sur la page d'accueil</doc>
<status status="PASS" start="2025-11-02T15:17:01.896551" elapsed="5.788545"/>
</kw>
<kw name="Add Product To Cart From Homepage" owner="product_keywords">
<kw name="Mouse Over" owner="SeleniumLibrary">
<msg time="2025-11-02T15:17:07.686866" level="INFO">Simulating Mouse Over on element 'xpath://p[contains(text(), 'Blue Top')]/..'.</msg>
<arg>xpath://p[contains(text(), '${product_name}')]/..</arg>
<doc>Simulates hovering the mouse over the element ``locator``.</doc>
<status status="PASS" start="2025-11-02T15:17:07.686394" elapsed="0.411076"/>
</kw>
<kw name="Wait And Click" owner="common_keywords">
<kw name="Wait Until Element Is Visible" owner="SeleniumLibrary">
<arg>${locator}</arg>
<arg>${timeout}</arg>
<doc>Waits until the element ``locator`` is visible.</doc>
<status status="PASS" start="2025-11-02T15:17:08.098526" elapsed="0.028231"/>
</kw>
<kw name="Wait Until Element Is Enabled" owner="SeleniumLibrary">
<arg>${locator}</arg>
<arg>${timeout}</arg>
<doc>Waits until the element ``locator`` is enabled.</doc>
<status status="PASS" start="2025-11-02T15:17:08.127118" elapsed="0.033080"/>
</kw>
<kw name="Click Element" owner="SeleniumLibrary">
<msg time="2025-11-02T15:17:08.161272" level="INFO">Clicking element 'xpath://p[contains(text(), 'Blue Top')]/..//a[contains(@class, 'add-to-cart')]'.</msg>
<msg time="2025-11-02T15:17:10.269768" level="INFO" html="true">&lt;/td&gt;&lt;/tr&gt;&lt;tr&gt;&lt;td colspan="3"&gt;&lt;a href="20251102_151637-2-selenium-screenshot-3.png"&gt;&lt;img src="20251102_151637-2-selenium-screenshot-3.png" width="800px"&gt;&lt;/a&gt;</msg>
<msg time="2025-11-02T15:17:10.270167" level="FAIL">ElementClickInterceptedException: Message: element click intercepted: Element &lt;a data-product-id="1" class="btn btn-default add-to-cart"&gt;...&lt;/a&gt; is not clickable at point (626, 662). Other element would receive the click: &lt;iframe id="aswift_4" name="aswift_4" browsingtopics="true" style="min-height: auto; max-height: none; min-width: auto; max-width: none; width: 320px !important; height: 50px !important; display: block; margin: 0px auto;" sandbox="allow-forms allow-popups allow-popups-to-escape-sandbox allow-same-origin allow-scripts allow-top-navigation-by-user-activation" width="320" height="50" frameborder="0" marginwidth="0" marginheight="0" vspace="0" hspace="0" allowtransparency="true" scrolling="no" allow="attribution-reporting; run-ad-auction" src="https://googleads.g.doubleclick.net/pagead/html/r20251029/r20190131/zrt_lookup_fy2021.html#RS-0-&amp;amp;adk=1812271801&amp;amp;client=ca-pub-1677597403311019&amp;amp;fa=1&amp;amp;ifi=5&amp;amp;uci=a!5&amp;amp;btvi=2" data-google-container-id="a!5" tabindex="0" title="Advertisement" aria-label="Advertisement" data-google-query-id="CJfI-IbU05ADFfEg6wQdoq8Rpw" data-load-complete="true"&gt;&lt;/iframe&gt;
  (Session info: chrome=141.0.7390.123); For documentation on this error, please visit: https://www.selenium.dev/documentation/webdriver/troubleshooting/errors#elementclickinterceptedexception
Stacktrace:
	GetHandleVerifier [0x0x7ff626aee8e5+80021]
	GetHandleVerifier [0x0x7ff626aee940+80112]
	(No symbol) [0x0x7ff62687060f]
	(No symbol) [0x0x7ff6268d0a39]
	(No symbol) [0x0x7ff6268ce3be]
	(No symbol) [0x0x7ff6268cb2e1]
	(No symbol) [0x0x7ff6268ca1a0]
	(No symbol) [0x0x7ff6268bb7c8]
	(No symbol) [0x0x7ff6268f122a]
	(No symbol) [0x0x7ff6268bb056]
	(No symbol) [0x0x7ff6268f1440]
	(No symbol) [0x0x7ff62691968a]
	(No symbol) [0x0x7ff6268f1003]
	(No symbol) [0x0x7ff6268b95d1]
	(No symbol) [0x0x7ff6268ba3f3]
	GetHandleVerifier [0x0x7ff626dadc7d+2960429]
	GetHandleVerifier [0x0x7ff626da7f3a+2936554]
	GetHandleVerifier [0x0x7ff626dc8977+3070247]
	GetHandleVerifier [0x0x7ff626b083ce+185214]
	GetHandleVerifier [0x0x7ff626b0fe1f+216527]
	GetHandleVerifier [0x0x7ff626af7b24+117460]
	GetHandleVerifier [0x0x7ff626af7cdf+117903]
	GetHandleVerifier [0x0x7ff626addbb8+11112]
	BaseThreadInitThunk [0x0x7ffed680e8d7+23]
	RtlUserThreadStart [0x0x7ffed88ec53c+44]
</msg>
<arg>${locator}</arg>
<doc>Click the element identified by ``locator``.</doc>
<status status="FAIL" start="2025-11-02T15:17:08.160605" elapsed="2.112722">ElementClickInterceptedException: Message: element click intercepted: Element &lt;a data-product-id="1" class="btn btn-default add-to-cart"&gt;...&lt;/a&gt; is not clickable at point (626, 662). Other element would receive the click: &lt;iframe id="aswift_4" name="aswift_4" browsingtopics="true" style="min-height: auto; max-height: none; min-width: auto; max-width: none; width: 320px !important; height: 50px !important; display: block; margin: 0px auto;" sandbox="allow-forms allow-popups allow-popups-to-escape-sandbox allow-same-origin allow-scripts allow-top-navigation-by-user-activation" width="320" height="50" frameborder="0" marginwidth="0" marginheight="0" vspace="0" hspace="0" allowtransparency="true" scrolling="no" allow="attribution-reporting; run-ad-auction" src="https://googleads.g.doubleclick.net/pagead/html/r20251029/r20190131/zrt_lookup_fy2021.html#RS-0-&amp;amp;adk=1812271801&amp;amp;client=ca-pub-1677597403311019&amp;amp;fa=1&amp;amp;ifi=5&amp;amp;uci=a!5&amp;amp;btvi=2" data-google-container-id="a!5" tabindex="0" title="Advertisement" aria-label="Advertisement" data-google-query-id="CJfI-IbU05ADFfEg6wQdoq8Rpw" data-load-complete="true"&gt;&lt;/iframe&gt;
  (Session info: chrome=141.0.7390.123); For documentation on this error, please visit: https://www.selenium.dev/documentation/webdriver/troubleshooting/errors#elementclickinterceptedexception
Stacktrace:
	GetHandleVerifier [0x0x7ff626aee8e5+80021]
    [ Message content over the limit has been removed. ]
	(No symbol) [0x0x7ff6268cb2e1]
	(No symbol) [0x0x7ff6268ca1a0]
	(No symbol) [0x0x7ff6268bb7c8]
	(No symbol) [0x0x7ff6268f122a]
	(No symbol) [0x0x7ff6268bb056]
	(No symbol) [0x0x7ff6268f1440]
	(No symbol) [0x0x7ff62691968a]
	(No symbol) [0x0x7ff6268f1003]
	(No symbol) [0x0x7ff6268b95d1]
	(No symbol) [0x0x7ff6268ba3f3]
	GetHandleVerifier [0x0x7ff626dadc7d+2960429]
	GetHandleVerifier [0x0x7ff626da7f3a+2936554]
	GetHandleVerifier [0x0x7ff626dc8977+3070247]
	GetHandleVerifier [0x0x7ff626b083ce+185214]
	GetHandleVerifier [0x0x7ff626b0fe1f+216527]
	GetHandleVerifier [0x0x7ff626af7b24+117460]
	GetHandleVerifier [0x0x7ff626af7cdf+117903]
	GetHandleVerifier [0x0x7ff626addbb8+11112]
	BaseThreadInitThunk [0x0x7ffed680e8d7+23]
	RtlUserThreadStart [0x0x7ffed88ec53c+44]</status>
</kw>
<arg>xpath://p[contains(text(), '${product_name}')]/..//a[contains(@class, 'add-to-cart')]</arg>
<doc>Attend que l'élément soit cliquable puis clique</doc>
<status status="FAIL" start="2025-11-02T15:17:08.097882" elapsed="2.182106">ElementClickInterceptedException: Message: element click intercepted: Element &lt;a data-product-id="1" class="btn btn-default add-to-cart"&gt;...&lt;/a&gt; is not clickable at point (626, 662). Other element would receive the click: &lt;iframe id="aswift_4" name="aswift_4" browsingtopics="true" style="min-height: auto; max-height: none; min-width: auto; max-width: none; width: 320px !important; height: 50px !important; display: block; margin: 0px auto;" sandbox="allow-forms allow-popups allow-popups-to-escape-sandbox allow-same-origin allow-scripts allow-top-navigation-by-user-activation" width="320" height="50" frameborder="0" marginwidth="0" marginheight="0" vspace="0" hspace="0" allowtransparency="true" scrolling="no" allow="attribution-reporting; run-ad-auction" src="https://googleads.g.doubleclick.net/pagead/html/r20251029/r20190131/zrt_lookup_fy2021.html#RS-0-&amp;amp;adk=1812271801&amp;amp;client=ca-pub-1677597403311019&amp;amp;fa=1&amp;amp;ifi=5&amp;amp;uci=a!5&amp;amp;btvi=2" data-google-container-id="a!5" tabindex="0" title="Advertisement" aria-label="Advertisement" data-google-query-id="CJfI-IbU05ADFfEg6wQdoq8Rpw" data-load-complete="true"&gt;&lt;/iframe&gt;
  (Session info: chrome=141.0.7390.123); For documentation on this error, please visit: https://www.selenium.dev/documentation/webdriver/troubleshooting/errors#elementclickinterceptedexception
Stacktrace:
	GetHandleVerifier [0x0x7ff626aee8e5+80021]
    [ Message content over the limit has been removed. ]
	(No symbol) [0x0x7ff6268cb2e1]
	(No symbol) [0x0x7ff6268ca1a0]
	(No symbol) [0x0x7ff6268bb7c8]
	(No symbol) [0x0x7ff6268f122a]
	(No symbol) [0x0x7ff6268bb056]
	(No symbol) [0x0x7ff6268f1440]
	(No symbol) [0x0x7ff62691968a]
	(No symbol) [0x0x7ff6268f1003]
	(No symbol) [0x0x7ff6268b95d1]
	(No symbol) [0x0x7ff6268ba3f3]
	GetHandleVerifier [0x0x7ff626dadc7d+2960429]
	GetHandleVerifier [0x0x7ff626da7f3a+2936554]
	GetHandleVerifier [0x0x7ff626dc8977+3070247]
	GetHandleVerifier [0x0x7ff626b083ce+185214]
	GetHandleVerifier [0x0x7ff626b0fe1f+216527]
	GetHandleVerifier [0x0x7ff626af7b24+117460]
	GetHandleVerifier [0x0x7ff626af7cdf+117903]
	GetHandleVerifier [0x0x7ff626addbb8+11112]
	BaseThreadInitThunk [0x0x7ffed680e8d7+23]
	RtlUserThreadStart [0x0x7ffed88ec53c+44]</status>
</kw>
<kw name="Wait Until Page Contains" owner="SeleniumLibrary">
<arg>${PRODUCT_ADDED_MSG}</arg>
<doc>Waits until ``text`` appears on the current page.</doc>
<status status="NOT RUN" start="2025-11-02T15:17:10.280712" elapsed="0.000206"/>
</kw>
<arg>${PRODUCT_1}</arg>
<doc>Ajoute un produit spécifique au panier depuis l'accueil</doc>
<status status="FAIL" start="2025-11-02T15:17:07.685612" elapsed="2.595745">ElementClickInterceptedException: Message: element click intercepted: Element &lt;a data-product-id="1" class="btn btn-default add-to-cart"&gt;...&lt;/a&gt; is not clickable at point (626, 662). Other element would receive the click: &lt;iframe id="aswift_4" name="aswift_4" browsingtopics="true" style="min-height: auto; max-height: none; min-width: auto; max-width: none; width: 320px !important; height: 50px !important; display: block; margin: 0px auto;" sandbox="allow-forms allow-popups allow-popups-to-escape-sandbox allow-same-origin allow-scripts allow-top-navigation-by-user-activation" width="320" height="50" frameborder="0" marginwidth="0" marginheight="0" vspace="0" hspace="0" allowtransparency="true" scrolling="no" allow="attribution-reporting; run-ad-auction" src="https://googleads.g.doubleclick.net/pagead/html/r20251029/r20190131/zrt_lookup_fy2021.html#RS-0-&amp;amp;adk=1812271801&amp;amp;client=ca-pub-1677597403311019&amp;amp;fa=1&amp;amp;ifi=5&amp;amp;uci=a!5&amp;amp;btvi=2" data-google-container-id="a!5" tabindex="0" title="Advertisement" aria-label="Advertisement" data-google-query-id="CJfI-IbU05ADFfEg6wQdoq8Rpw" data-load-complete="true"&gt;&lt;/iframe&gt;
  (Session info: chrome=141.0.7390.123); For documentation on this error, please visit: https://www.selenium.dev/documentation/webdriver/troubleshooting/errors#elementclickinterceptedexception
Stacktrace:
	GetHandleVerifier [0x0x7ff626aee8e5+80021]
    [ Message content over the limit has been removed. ]
	(No symbol) [0x0x7ff6268cb2e1]
	(No symbol) [0x0x7ff6268ca1a0]
	(No symbol) [0x0x7ff6268bb7c8]
	(No symbol) [0x0x7ff6268f122a]
	(No symbol) [0x0x7ff6268bb056]
	(No symbol) [0x0x7ff6268f1440]
	(No symbol) [0x0x7ff62691968a]
	(No symbol) [0x0x7ff6268f1003]
	(No symbol) [0x0x7ff6268b95d1]
	(No symbol) [0x0x7ff6268ba3f3]
	GetHandleVerifier [0x0x7ff626dadc7d+2960429]
	GetHandleVerifier [0x0x7ff626da7f3a+2936554]
	GetHandleVerifier [0x0x7ff626dc8977+3070247]
	GetHandleVerifier [0x0x7ff626b083ce+185214]
	GetHandleVerifier [0x0x7ff626b0fe1f+216527]
	GetHandleVerifier [0x0x7ff626af7b24+117460]
	GetHandleVerifier [0x0x7ff626af7cdf+117903]
	GetHandleVerifier [0x0x7ff626addbb8+11112]
	BaseThreadInitThunk [0x0x7ffed680e8d7+23]
	RtlUserThreadStart [0x0x7ffed88ec53c+44]</status>
</kw>
<kw name="Go To Cart Page" owner="cart_keywords">
<doc>Navigue vers la page panier</doc>
<status status="NOT RUN" start="2025-11-02T15:17:10.281808" elapsed="0.000192"/>
</kw>
<kw name="Verify Product In Cart" owner="cart_keywords">
<arg>${PRODUCT_1}</arg>
<doc>Vérifie qu'un produit est dans le panier</doc>
<status status="NOT RUN" start="2025-11-02T15:17:10.282368" elapsed="0.000132"/>
</kw>
<kw name="Run Keywords" owner="BuiltIn" type="TEARDOWN">
<kw name="Take Screenshot On Failure" owner="common_keywords">
<kw name="Run Keyword If Test Failed" owner="BuiltIn">
<kw name="Capture Page Screenshot" owner="SeleniumLibrary">
<msg time="2025-11-02T15:17:10.577873" level="INFO" html="true">&lt;/td&gt;&lt;/tr&gt;&lt;tr&gt;&lt;td colspan="3"&gt;&lt;a href="20251102_151637-2-selenium-screenshot-4.png"&gt;&lt;img src="20251102_151637-2-selenium-screenshot-4.png" width="800px"&gt;&lt;/a&gt;</msg>
<doc>Takes a screenshot of the current page and embeds it into a log file.</doc>
<status status="PASS" start="2025-11-02T15:17:10.284862" elapsed="0.293678"/>
</kw>
<arg>Capture Page Screenshot</arg>
<doc>Runs the given keyword with the given arguments, if the test failed.</doc>
<status status="PASS" start="2025-11-02T15:17:10.284286" elapsed="0.294425"/>
</kw>
<doc>Prend une capture en cas d'échec</doc>
<status status="PASS" start="2025-11-02T15:17:10.283533" elapsed="0.295355"/>
</kw>
<kw name="Close Browser Session" owner="common_keywords">
<kw name="Close Browser" owner="SeleniumLibrary">
<doc>Closes the current browser.</doc>
<status status="PASS" start="2025-11-02T15:17:10.579944" elapsed="2.650432"/>
</kw>
<doc>Ferme le navigateur</doc>
<status status="PASS" start="2025-11-02T15:17:10.579273" elapsed="2.651406"/>
</kw>
<arg>Take Screenshot On Failure</arg>
<arg>AND</arg>
<arg>Close Browser Session</arg>
<doc>Executes all the given keywords in a sequence.</doc>
<status status="PASS" start="2025-11-02T15:17:10.283098" elapsed="2.947755"/>
</kw>
[...]
<doc>Simulates hovering the mouse over the element ``locator``.</doc>
<status status="PASS" start="2025-11-02T15:18:03.801055" elapsed="0.329307"/>
</kw>
<kw name="Wait And Click" owner="common_keywords">
<kw name="Wait Until Element Is Visible" owner="SeleniumLibrary">
<arg>${locator}</arg>
<arg>${timeout}</arg>
<doc>Waits until the element ``locator`` is visible.</doc>
<status status="PASS" start="2025-11-02T15:18:04.132917" elapsed="0.024857"/>
</kw>
<kw name="Wait Until Element Is Enabled" owner="SeleniumLibrary">
<arg>${locator}</arg>
<arg>${timeout}</arg>
<doc>Waits until the element ``locator`` is enabled.</doc>
<status status="PASS" start="2025-11-02T15:18:04.157989" elapsed="0.020453"/>
</kw>
<kw name="Click Element" owner="SeleniumLibrary">
<msg time="2025-11-02T15:18:04.178996" level="INFO">Clicking element 'xpath://p[contains(text(), 'Blue Top')]/..//a[contains(@class, 'add-to-cart')]'.</msg>
<msg time="2025-11-02T15:18:05.521050" level="INFO" html="true">&lt;/td&gt;&lt;/tr&gt;&lt;tr&gt;&lt;td colspan="3"&gt;&lt;a href="20251102_151637-4-selenium-screenshot-1.png"&gt;&lt;img src="20251102_151637-4-selenium-screenshot-1.png" width="800px"&gt;&lt;/a&gt;</msg>
<msg time="2025-11-02T15:18:05.521294" level="FAIL">ElementClickInterceptedException: Message: element click intercepted: Element &lt;a data-product-id="1" class="btn btn-default add-to-cart"&gt;...&lt;/a&gt; is not clickable at point (626, 662). Other element would receive the click: &lt;a data-product-id="1" class="btn btn-default add-to-cart"&gt;...&lt;/a&gt;
  (Session info: chrome=141.0.7390.123); For documentation on this error, please visit: https://www.selenium.dev/documentation/webdriver/troubleshooting/errors#elementclickinterceptedexception
Stacktrace:
	GetHandleVerifier [0x0x7ff626aee8e5+80021]
	GetHandleVerifier [0x0x7ff626aee940+80112]
	(No symbol) [0x0x7ff62687060f]
	(No symbol) [0x0x7ff6268d0a39]
	(No symbol) [0x0x7ff6268ce3be]
	(No symbol) [0x0x7ff6268cb2e1]
	(No symbol) [0x0x7ff6268ca1a0]
	(No symbol) [0x0x7ff6268bb7c8]
	(No symbol) [0x0x7ff6268f122a]
	(No symbol) [0x0x7ff6268bb056]
	(No symbol) [0x0x7ff6268f1440]
	(No symbol) [0x0x7ff62691968a]
	(No symbol) [0x0x7ff6268f1003]
	(No symbol) [0x0x7ff6268b95d1]
	(No symbol) [0x0x7ff6268ba3f3]
	GetHandleVerifier [0x0x7ff626dadc7d+2960429]
	GetHandleVerifier [0x0x7ff626da7f3a+2936554]
	GetHandleVerifier [0x0x7ff626dc8977+3070247]
	GetHandleVerifier [0x0x7ff626b083ce+185214]
	GetHandleVerifier [0x0x7ff626b0fe1f+216527]
	GetHandleVerifier [0x0x7ff626af7b24+117460]
	GetHandleVerifier [0x0x7ff626af7cdf+117903]
	GetHandleVerifier [0x0x7ff626addbb8+11112]
	BaseThreadInitThunk [0x0x7ffed680e8d7+23]
	RtlUserThreadStart [0x0x7ffed88ec53c+44]
</msg>
<arg>${locator}</arg>
<doc>Click the element identified by ``locator``.</doc>
<status status="FAIL" start="2025-11-02T15:18:04.178707" elapsed="1.352745">ElementClickInterceptedException: Message: element click intercepted: Element &lt;a data-product-id="1" class="btn btn-default add-to-cart"&gt;...&lt;/a&gt; is not clickable at point (626, 662). Other element would receive the click: &lt;a data-product-id="1" class="btn btn-default add-to-cart"&gt;...&lt;/a&gt;
  (Session info: chrome=141.0.7390.123); For documentation on this error, please visit: https://www.selenium.dev/documentation/webdriver/troubleshooting/errors#elementclickinterceptedexception
Stacktrace:
	GetHandleVerifier [0x0x7ff626aee8e5+80021]
	GetHandleVerifier [0x0x7ff626aee940+80112]
	(No symbol) [0x0x7ff62687060f]
	(No symbol) [0x0x7ff6268d0a39]
	(No symbol) [0x0x7ff6268ce3be]
	(No symbol) [0x0x7ff6268cb2e1]
	(No symbol) [0x0x7ff6268ca1a0]
	(No symbol) [0x0x7ff6268bb7c8]
	(No symbol) [0x0x7ff6268f122a]
	(No symbol) [0x0x7ff6268bb056]
	(No symbol) [0x0x7ff6268f1440]
	(No symbol) [0x0x7ff62691968a]
	(No symbol) [0x0x7ff6268f1003]
	(No symbol) [0x0x7ff6268b95d1]
	(No symbol) [0x0x7ff6268ba3f3]
	GetHandleVerifier [0x0x7ff626dadc7d+2960429]
	GetHandleVerifier [0x0x7ff626da7f3a+2936554]
	GetHandleVerifier [0x0x7ff626dc8977+3070247]
	GetHandleVerifier [0x0x7ff626b083ce+185214]
	GetHandleVerifier [0x0x7ff626b0fe1f+216527]
	GetHandleVerifier [0x0x7ff626af7b24+117460]
	GetHandleVerifier [0x0x7ff626af7cdf+117903]
	GetHandleVerifier [0x0x7ff626addbb8+11112]
	BaseThreadInitThunk [0x0x7ffed680e8d7+23]
	RtlUserThreadStart [0x0x7ffed88ec53c+44]
</status>
</kw>
<arg>xpath://p[contains(text(), '${product_name}')]/..//a[contains(@class, 'add-to-cart')]</arg>
<doc>Attend que l'élément soit cliquable puis clique</doc>
<status status="FAIL" start="2025-11-02T15:18:04.131877" elapsed="1.401815">ElementClickInterceptedException: Message: element click intercepted: Element &lt;a data-product-id="1" class="btn btn-default add-to-cart"&gt;...&lt;/a&gt; is not clickable at point (626, 662). Other element would receive the click: &lt;a data-product-id="1" class="btn btn-default add-to-cart"&gt;...&lt;/a&gt;
  (Session info: chrome=141.0.7390.123); For documentation on this error, please visit: https://www.selenium.dev/documentation/webdriver/troubleshooting/errors#elementclickinterceptedexception
Stacktrace:
	GetHandleVerifier [0x0x7ff626aee8e5+80021]
	GetHandleVerifier [0x0x7ff626aee940+80112]
	(No symbol) [0x0x7ff62687060f]
	(No symbol) [0x0x7ff6268d0a39]
	(No symbol) [0x0x7ff6268ce3be]
	(No symbol) [0x0x7ff6268cb2e1]
	(No symbol) [0x0x7ff6268ca1a0]
	(No symbol) [0x0x7ff6268bb7c8]
	(No symbol) [0x0x7ff6268f122a]
	(No symbol) [0x0x7ff6268bb056]
	(No symbol) [0x0x7ff6268f1440]
	(No symbol) [0x0x7ff62691968a]
	(No symbol) [0x0x7ff6268f1003]
	(No symbol) [0x0x7ff6268b95d1]
	(No symbol) [0x0x7ff6268ba3f3]
	GetHandleVerifier [0x0x7ff626dadc7d+2960429]
	GetHandleVerifier [0x0x7ff626da7f3a+2936554]
	GetHandleVerifier [0x0x7ff626dc8977+3070247]
	GetHandleVerifier [0x0x7ff626b083ce+185214]
	GetHandleVerifier [0x0x7ff626b0fe1f+216527]
	GetHandleVerifier [0x0x7ff626af7b24+117460]
	GetHandleVerifier [0x0x7ff626af7cdf+117903]
	GetHandleVerifier [0x0x7ff626addbb8+11112]
	BaseThreadInitThunk [0x0x7ffed680e8d7+23]
	RtlUserThreadStart [0x0x7ffed88ec53c+44]
</status>
</kw>
<kw name="Wait Until Page Contains" owner="SeleniumLibrary">
<arg>${PRODUCT_ADDED_MSG}</arg>
<doc>Waits until ``text`` appears on the current page.</doc>
<status status="NOT RUN" start="2025-11-02T15:18:05.533918" elapsed="0.000083"/>
</kw>
<arg>${PRODUCT_1}</arg>
<doc>Ajoute un produit spécifique au panier depuis l'accueil</doc>
<status status="FAIL" start="2025-11-02T15:18:03.800593" elapsed="1.733544">ElementClickInterceptedException: Message: element click intercepted: Element &lt;a data-product-id="1" class="btn btn-default add-to-cart"&gt;...&lt;/a&gt; is not clickable at point (626, 662). Other element would receive the click: &lt;a data-product-id="1" class="btn btn-default add-to-cart"&gt;...&lt;/a&gt;
  (Session info: chrome=141.0.7390.123); For documentation on this error, please visit: https://www.selenium.dev/documentation/webdriver/troubleshooting/errors#elementclickinterceptedexception
Stacktrace:
	GetHandleVerifier [0x0x7ff626aee8e5+80021]
	GetHandleVerifier [0x0x7ff626aee940+80112]
	(No symbol) [0x0x7ff62687060f]
	(No symbol) [0x0x7ff6268d0a39]
	(No symbol) [0x0x7ff6268ce3be]
	(No symbol) [0x0x7ff6268cb2e1]
	(No symbol) [0x0x7ff6268ca1a0]
	(No symbol) [0x0x7ff6268bb7c8]
	(No symbol) [0x0x7ff6268f122a]
	(No symbol) [0x0x7ff6268bb056]
	(No symbol) [0x0x7ff6268f1440]
	(No symbol) [0x0x7ff62691968a]
	(No symbol) [0x0x7ff6268f1003]
	(No symbol) [0x0x7ff6268b95d1]
	(No symbol) [0x0x7ff6268ba3f3]
	GetHandleVerifier [0x0x7ff626dadc7d+2960429]
	GetHandleVerifier [0x0x7ff626da7f3a+2936554]
	GetHandleVerifier [0x0x7ff626dc8977+3070247]
	GetHandleVerifier [0x0x7ff626b083ce+185214]
	GetHandleVerifier [0x0x7ff626b0fe1f+216527]
	GetHandleVerifier [0x0x7ff626af7b24+117460]
	GetHandleVerifier [0x0x7ff626af7cdf+117903]
	GetHandleVerifier [0x0x7ff626addbb8+11112]
	BaseThreadInitThunk [0x0x7ffed680e8d7+23]
	RtlUserThreadStart [0x0x7ffed88ec53c+44]
</status>
</kw>
<kw name="Continue Shopping" owner="product_keywords">
<doc>Continue les achats après ajout au panier</doc>
<status status="NOT RUN" start="2025-11-02T15:18:05.534340" elapsed="0.000072"/>
</kw>
<kw name="Go To Cart Page" owner="cart_keywords">
<doc>Navigue vers la page panier</doc>
<status status="NOT RUN" start="2025-11-02T15:18:05.534562" elapsed="0.000060"/>
</kw>
<kw name="Verify Product In Cart" owner="cart_keywords">
<arg>${PRODUCT_1}</arg>
<doc>Vérifie qu'un produit est dans le panier</doc>
<status status="NOT RUN" start="2025-11-02T15:18:05.534774" elapsed="0.000073"/>
</kw>
<kw name="Logout User" owner="authentication_keywords">
<doc>Déconnecte l'utilisateur</doc>
<status status="NOT RUN" start="2025-11-02T15:18:05.534998" elapsed="0.000068"/>
</kw>
<kw name="Run Keywords" owner="BuiltIn" type="TEARDOWN">
<kw name="Take Screenshot On Failure" owner="common_keywords">
<kw name="Run Keyword If Test Failed" owner="BuiltIn">
<kw name="Capture Page Screenshot" owner="SeleniumLibrary">
<msg time="2025-11-02T15:18:05.767217" level="INFO" html="true">&lt;/td&gt;&lt;/tr&gt;&lt;tr&gt;&lt;td colspan="3"&gt;&lt;a href="20251102_151637-4-selenium-screenshot-2.png"&gt;&lt;img src="20251102_151637-4-selenium-screenshot-2.png" width="800px"&gt;&lt;/a&gt;</msg>
<doc>Takes a screenshot of the current page and embeds it into a log file.</doc>
<status status="PASS" start="2025-11-02T15:18:05.536217" elapsed="0.231264"/>
</kw>
<arg>Capture Page Screenshot</arg>
<doc>Runs the given keyword with the given arguments, if the test failed.</doc>
<status status="PASS" start="2025-11-02T15:18:05.536007" elapsed="0.231718"/>
</kw>
<doc>Prend une capture en cas d'échec</doc>
<status status="PASS" start="2025-11-02T15:18:05.535698" elapsed="0.232182"/>
</kw>
<kw name="Close Browser Session" owner="common_keywords">
<kw name="Close Browser" owner="SeleniumLibrary">
<doc>Closes the current browser.</doc>
<status status="PASS" start="2025-11-02T15:18:05.768832" elapsed="2.200600"/>
</kw>
<doc>Ferme le navigateur</doc>
<status status="PASS" start="2025-11-02T15:18:05.768232" elapsed="2.201357"/>
</kw>
<arg>Take Screenshot On Failure</arg>
<arg>AND</arg>
<arg>Close Browser Session</arg>
<doc>Executes all the given keywords in a sequence.</doc>
<status status="PASS" start="2025-11-02T15:18:05.535455" elapsed="2.434226"/>
</kw>
<doc>Test smoke des fonctionnalités utilisateur</doc>
<tag>smoke</tag>
<status status="FAIL" start="2025-11-02T15:17:53.037927" elapsed="14.931836">ElementClickInterceptedException: Message: element click intercepted: Element &lt;a data-product-id="1" class="btn btn-default add-to-cart"&gt;...&lt;/a&gt; is not clickable at point (626, 662). Other element would receive the click: &lt;a data-product-id="1" class="btn btn-default add-to-cart"&gt;...&lt;/a&gt;
  (Session info: chrome=141.0.7390.123); For documentation on this error, please visit: https://www.selenium.dev/documentation/webdriver/troubleshooting/errors#elementclickinterceptedexception
Stacktrace:
	GetHandleVerifier [0x0x7ff626aee8e5+80021]
	GetHandleVerifier [0x0x7ff626aee940+80112]
	(No symbol) [0x0x7ff62687060f]
	(No symbol) [0x0x7ff6268d0a39]
	(No symbol) [0x0x7ff6268ce3be]
	(No symbol) [0x0x7ff6268cb2e1]
	(No symbol) [0x0x7ff6268ca1a0]
	(No symbol) [0x0x7ff6268bb7c8]
	(No symbol) [0x0x7ff6268f122a]
	(No symbol) [0x0x7ff6268bb056]
	(No symbol) [0x0x7ff6268f1440]
	(No symbol) [0x0x7ff62691968a]
	(No symbol) [0x0x7ff6268f1003]
	(No symbol) [0x0x7ff6268b95d1]
	(No symbol) [0x0x7ff6268ba3f3]
	GetHandleVerifier [0x0x7ff626dadc7d+2960429]
	GetHandleVerifier [0x0x7ff626da7f3a+2936554]
	GetHandleVerifier [0x0x7ff626dc8977+3070247]
	GetHandleVerifier [0x0x7ff626b083ce+185214]
	GetHandleVerifier [0x0x7ff626b0fe1f+216527]
	GetHandleVerifier [0x0x7ff626af7b24+117460]
	GetHandleVerifier [0x0x7ff626af7cdf+117903]
	GetHandleVerifier [0x0x7ff626addbb8+11112]
	BaseThreadInitThunk [0x0x7ffed680e8d7+23]
	RtlUserThreadStart [0x0x7ffed88ec53c+44]
</status>
</test>
<status status="FAIL" start="2025-11-02T15:17:31.079621" elapsed="36.890722"/>
</suite>
<status status="FAIL" start="2025-11-02T15:17:31.077819" elapsed="36.893186"/>
</suite>
<doc>[https://pabot.org/?ref=log|Pabot] result from 5 executions.</doc>
<status status="FAIL" start="2025-11-02T15:16:38.515000" elapsed="196.963000"/>
</suite>
<statistics>
<total>
<stat pass="6" fail="6" skip="0">All Tests</stat>
</total>
<tag>
<stat pass="0" fail="3" skip="0">cart</stat>
<stat pass="2" fail="1" skip="0">login</stat>
<stat pass="1" fail="2" skip="0">negative</stat>
<stat pass="2" fail="0" skip="0">registration</stat>
<stat pass="1" fail="1" skip="0">search</stat>
<stat pass="4" fail="2" skip="0">smoke</stat>
</tag>
<suite>
<stat name="Tests" id="s1" pass="6" fail="6" skip="0">Tests</stat>
<stat name="Authentication" id="s1-s1" pass="4" fail="1" skip="0">Tests.Authentication</stat>
<stat name="Login Tests" id="s1-s1-s1" pass="2" fail="1" skip="0">Tests.Authentication.Login Tests</stat>
<stat name="Registration Tests" id="s1-s1-s2" pass="2" fail="0" skip="0">Tests.Authentication.Registration Tests</stat>
<stat name="Products" id="s1-s2" pass="1" fail="4" skip="0">Tests.Products</stat>
<stat name="Cart Tests" id="s1-s2-s1" pass="0" fail="3" skip="0">Tests.Products.Cart Tests</stat>
<stat name="Search Tests" id="s1-s2-s2" pass="1" fail="1" skip="0">Tests.Products.Search Tests</stat>
<stat name="Smoke" id="s1-s3" pass="1" fail="1" skip="0">Tests.Smoke</stat>
<stat name="Smoke Test Suite" id="s1-s3-s1" pass="1" fail="1" skip="0">Tests.Smoke.Smoke Test Suite</stat>
</suite>
</statistics>
<errors>
<msg time="2025-11-02T15:18:54.075309" level="WARN">Retrying (Retry(total=2, connect=None, read=None, redirect=None, status=None)) after connection broken by 'NewConnectionError('&lt;urllib3.connection.HTTPConnection object at 0x000001D81DD9EC10&gt;: Failed to establish a new connection: [WinError 10061] Aucune connexion n’a pu être établie car l’ordinateur cible l’a expressément refusée')': /session/cd973b1bd5d53127fd34a90b67bff703/screenshot</msg>
<msg time="2025-11-02T15:18:58.172659" level="WARN">Retrying (Retry(total=1, connect=None, read=None, redirect=None, status=None)) after connection broken by 'NewConnectionError('&lt;urllib3.connection.HTTPConnection object at 0x000001D81DE71940&gt;: Failed to establish a new connection: [WinError 10061] Aucune connexion n’a pu être établie car l’ordinateur cible l’a expressément refusée')': /session/cd973b1bd5d53127fd34a90b67bff703/screenshot</msg>
<msg time="2025-11-02T15:19:02.235751" level="WARN">Retrying (Retry(total=0, connect=None, read=None, redirect=None, status=None)) after connection broken by 'NewConnectionError('&lt;urllib3.connection.HTTPConnection object at 0x000001D81DE72190&gt;: Failed to establish a new connection: [WinError 10061] Aucune connexion n’a pu être établie car l’ordinateur cible l’a expressément refusée')': /session/cd973b1bd5d53127fd34a90b67bff703/screenshot</msg>
<msg time="2025-11-02T15:19:06.311994" level="WARN">Keyword 'Capture Page Screenshot' could not be run on failure: HTTPConnectionPool(host='localhost', port=49972): Max retries exceeded with url: /session/cd973b1bd5d53127fd34a90b67bff703/screenshot (Caused by NewConnectionError('&lt;urllib3.connection.HTTPConnection object at 0x000001D81DEA8170&gt;: Failed to establish a new connection: [WinError 10061] Aucune connexion n’a pu être établie car l’ordinateur cible l’a expressément refusée'))</msg>
<msg time="2025-11-02T15:19:10.575182" level="WARN">Retrying (Retry(total=2, connect=None, read=None, redirect=None, status=None)) after connection broken by 'NewConnectionError('&lt;urllib3.connection.HTTPConnection object at 0x000001D81DD6B350&gt;: Failed to establish a new connection: [WinError 10061] Aucune connexion n’a pu être établie car l’ordinateur cible l’a expressément refusée')': /session/cd973b1bd5d53127fd34a90b67bff703/screenshot</msg>
<msg time="2025-11-02T15:19:14.669652" level="WARN">Retrying (Retry(total=1, connect=None, read=None, redirect=None, status=None)) after connection broken by 'NewConnectionError('&lt;urllib3.connection.HTTPConnection object at 0x000001D81DD6BAC0&gt;: Failed to establish a new connection: [WinError 10061] Aucune connexion n’a pu être établie car l’ordinateur cible l’a expressément refusée')': /session/cd973b1bd5d53127fd34a90b67bff703/screenshot</msg>
<msg time="2025-11-02T15:19:18.750004" level="WARN">Retrying (Retry(total=0, connect=None, read=None, redirect=None, status=None)) after connection broken by 'NewConnectionError('&lt;urllib3.connection.HTTPConnection object at 0x000001D81DD6B130&gt;: Failed to establish a new connection: [WinError 10061] Aucune connexion n’a pu être établie car l’ordinateur cible l’a expressément refusée')': /session/cd973b1bd5d53127fd34a90b67bff703/screenshot</msg>
<msg time="2025-11-02T15:19:26.882540" level="WARN">Retrying (Retry(total=2, connect=None, read=None, redirect=None, status=None)) after connection broken by 'NewConnectionError('&lt;urllib3.connection.HTTPConnection object at 0x000001D81DEB49E0&gt;: Failed to establish a new connection: [WinError 10061] Aucune connexion n’a pu être établie car l’ordinateur cible l’a expressément refusée')': /session/cd973b1bd5d53127fd34a90b67bff703/screenshot</msg>
<msg time="2025-11-02T15:19:30.937517" level="WARN">Retrying (Retry(total=1, connect=None, read=None, redirect=None, status=None)) after connection broken by 'NewConnectionError('&lt;urllib3.connection.HTTPConnection object at 0x000001D81DEB4050&gt;: Failed to establish a new connection: [WinError 10061] Aucune connexion n’a pu être établie car l’ordinateur cible l’a expressément refusée')': /session/cd973b1bd5d53127fd34a90b67bff703/screenshot</msg>
<msg time="2025-11-02T15:19:35.036889" level="WARN">Retrying (Retry(total=0, connect=None, read=None, redirect=None, status=None)) after connection broken by 'NewConnectionError('&lt;urllib3.connection.HTTPConnection object at 0x000001D81DEB4270&gt;: Failed to establish a new connection: [WinError 10061] Aucune connexion n’a pu être établie car l’ordinateur cible l’a expressément refusée')': /session/cd973b1bd5d53127fd34a90b67bff703/screenshot</msg>
<msg time="2025-11-02T15:19:39.107797" level="WARN">Keyword 'Capture Page Screenshot' could not be run on failure: HTTPConnectionPool(host='localhost', port=49972): Max retries exceeded with url: /session/cd973b1bd5d53127fd34a90b67bff703/screenshot (Caused by NewConnectionError('&lt;urllib3.connection.HTTPConnection object at 0x000001D81DEB4490&gt;: Failed to establish a new connection: [WinError 10061] Aucune connexion n’a pu être établie car l’ordinateur cible l’a expressément refusée'))</msg>
<msg time="2025-11-02T15:19:43.177304" level="WARN">Retrying (Retry(total=2, connect=None, read=None, redirect=None, status=None)) after connection broken by 'NewConnectionError('&lt;urllib3.connection.HTTPConnection object at 0x000001D81DEB5480&gt;: Failed to establish a new connection: [WinError 10061] Aucune connexion n’a pu être établie car l’ordinateur cible l’a expressément refusée')': /session/cd973b1bd5d53127fd34a90b67bff703</msg>
<msg time="2025-11-02T15:19:47.269668" level="WARN">Retrying (Retry(total=1, connect=None, read=None, redirect=None, status=None)) after connection broken by 'NewConnectionError('&lt;urllib3.connection.HTTPConnection object at 0x000001D81DEB56A0&gt;: Failed to establish a new connection: [WinError 10061] Aucune connexion n’a pu être établie car l’ordinateur cible l’a expressément refusée')': /session/cd973b1bd5d53127fd34a90b67bff703</msg>
<msg time="2025-11-02T15:19:51.352151" level="WARN">Retrying (Retry(total=0, connect=None, read=None, redirect=None, status=None)) after connection broken by 'NewConnectionError('&lt;urllib3.connection.HTTPConnection object at 0x000001D81DEB58C0&gt;: Failed to establish a new connection: [WinError 10061] Aucune connexion n’a pu être établie car l’ordinateur cible l’a expressément refusée')': /session/cd973b1bd5d53127fd34a90b67bff703</msg>
</errors>
</robot>
