<?xml version="1.0" encoding="UTF-8"?>
<robot generator="Robot 7.3.2 (Python 3.13.5 on win32)" generated="2025-11-02T15:09:28.038662" rpa="false" schemaversion="5">
<suite id="s1" name="Tests" source="C:\Users\dell\Desktop\test qa\RobotFramwork\TestVf\tests">
<suite id="s1-s1" name="Authentication" source="C:\Users\dell\Desktop\test qa\RobotFramwork\TestVf\tests\authentication">
<suite id="s1-s1-s1" name="Login Tests" source="C:\Users\dell\Desktop\test qa\RobotFramwork\TestVf\tests\authentication\login_tests.robot">
<test id="s1-s1-s1-t1" name="Login With Valid Credentials" line="9">
<kw name="Open Browser To Home Page" owner="common_keywords" type="SETUP">
<kw name="Open Browser" owner="SeleniumLibrary">
<msg time="2025-11-02T15:09:28.370876" level="INFO">Opening browser 'chrome' to base url 'https://automationexercise.com'.</msg>
<arg>${BASE_URL}</arg>
<arg>${BROWSER}</arg>
<doc>Opens a new browser instance to the optional ``url``.</doc>
<status status="PASS" start="2025-11-02T15:09:28.370596" elapsed="4.488597"/>
</kw>
<kw name="Maximize Browser Window" owner="SeleniumLibrary">
<doc>Maximizes current browser window.</doc>
<status status="PASS" start="2025-11-02T15:09:32.860083" elapsed="0.081522"/>
</kw>
<kw name="Set Selenium Implicit Wait" owner="SeleniumLibrary">
<arg>${TIMEOUT}</arg>
<doc>Sets the implicit wait value used by Selenium.</doc>
<status status="PASS" start="2025-11-02T15:09:32.942296" elapsed="0.001877"/>
</kw>
<kw name="Wait Until Page Contains Element" owner="SeleniumLibrary">
<arg>${HEADER_LOGO}</arg>
<doc>Waits until the element ``locator`` appears on the current page.</doc>
<status status="PASS" start="2025-11-02T15:09:32.944557" elapsed="0.018837"/>
</kw>
<doc>Ouvre le navigateur sur la page d'accueil</doc>
<status status="PASS" start="2025-11-02T15:09:28.369740" elapsed="4.593839"/>
</kw>
<kw name="Go To Login Page" owner="authentication_keywords">
<kw name="Wait And Click" owner="common_keywords">
<kw name="Wait Until Element Is Visible" owner="SeleniumLibrary">
<arg>${locator}</arg>
<arg>${timeout}</arg>
<doc>Waits until the element ``locator`` is visible.</doc>
<status status="PASS" start="2025-11-02T15:09:32.965017" elapsed="0.037623"/>
</kw>
<kw name="Wait Until Element Is Enabled" owner="SeleniumLibrary">
<arg>${locator}</arg>
<arg>${timeout}</arg>
<doc>Waits until the element ``locator`` is enabled.</doc>
<status status="PASS" start="2025-11-02T15:09:33.002960" elapsed="0.038923"/>
</kw>
<kw name="Click Element" owner="SeleniumLibrary">
<msg time="2025-11-02T15:09:33.042386" level="INFO">Clicking element 'css:[href='/login']'.</msg>
<arg>${locator}</arg>
<doc>Click the element identified by ``locator``.</doc>
<status status="PASS" start="2025-11-02T15:09:33.042092" elapsed="0.899002"/>
</kw>
<arg>${LOGIN_MENU}</arg>
<doc>Attend que l'élément soit cliquable puis clique</doc>
<status status="PASS" start="2025-11-02T15:09:32.964556" elapsed="0.976800"/>
</kw>
<kw name="Verify Page Contains" owner="common_keywords">
<kw name="Wait Until Page Contains" owner="SeleniumLibrary">
<arg>${expected_text}</arg>
<arg>${TIMEOUT}</arg>
<doc>Waits until ``text`` appears on the current page.</doc>
<status status="PASS" start="2025-11-02T15:09:33.942299" elapsed="0.018601"/>
</kw>
<kw name="Page Should Contain" owner="SeleniumLibrary">
<msg time="2025-11-02T15:09:33.972461" level="INFO">Current page contains text 'Login to your account'.</msg>
<arg>${expected_text}</arg>
<doc>Verifies that current page contains ``text``.</doc>
<status status="PASS" start="2025-11-02T15:09:33.961124" elapsed="0.011434"/>
</kw>
<arg>Login to your account</arg>
<status status="PASS" start="2025-11-02T15:09:33.941759" elapsed="0.030892"/>
</kw>
<doc>Navigue vers la page de connexion</doc>
<status status="PASS" start="2025-11-02T15:09:32.964137" elapsed="1.008587"/>
</kw>
<kw name="Login With Credentials" owner="authentication_keywords">
<kw name="Wait And Input Text" owner="common_keywords">
<kw name="Wait Until Element Is Visible" owner="SeleniumLibrary">
<arg>${locator}</arg>
<arg>${timeout}</arg>
<doc>Waits until the element ``locator`` is visible.</doc>
<status status="PASS" start="2025-11-02T15:09:33.973841" elapsed="0.020369"/>
</kw>
<kw name="Input Text" owner="SeleniumLibrary">
<msg time="2025-11-02T15:09:33.994636" level="INFO">Typing text 'abdolaaziri@example.com' into text field 'css:[data-qa='login-email']'.</msg>
<arg>${locator}</arg>
<arg>${text}</arg>
<doc>Types the given ``text`` into the text field identified by ``locator``.</doc>
<status status="PASS" start="2025-11-02T15:09:33.994409" elapsed="0.225978"/>
</kw>
<arg>${LOGIN_EMAIL_FIELD}</arg>
<arg>${email}</arg>
<status status="PASS" start="2025-11-02T15:09:33.973505" elapsed="0.247228"/>
</kw>
<kw name="Wait And Input Text" owner="common_keywords">
<kw name="Wait Until Element Is Visible" owner="SeleniumLibrary">
<arg>${locator}</arg>
<arg>${timeout}</arg>
<doc>Waits until the element ``locator`` is visible.</doc>
<status status="PASS" start="2025-11-02T15:09:34.221921" elapsed="0.020675"/>
</kw>
<kw name="Input Text" owner="SeleniumLibrary">
<msg time="2025-11-02T15:09:34.243094" level="INFO">Typing text '12345678' into text field 'css:[data-qa='login-password']'.</msg>
<arg>${locator}</arg>
<arg>${text}</arg>
<doc>Types the given ``text`` into the text field identified by ``locator``.</doc>
<status status="PASS" start="2025-11-02T15:09:34.242828" elapsed="0.100438"/>
</kw>
<arg>${LOGIN_PASSWORD_FIELD}</arg>
<arg>${password}</arg>
<status status="PASS" start="2025-11-02T15:09:34.221165" elapsed="0.122215"/>
</kw>
<kw name="Wait And Click" owner="common_keywords">
<kw name="Wait Until Element Is Visible" owner="SeleniumLibrary">
<arg>${locator}</arg>
<arg>${timeout}</arg>
<doc>Waits until the element ``locator`` is visible.</doc>
<status status="PASS" start="2025-11-02T15:09:34.343929" elapsed="0.019889"/>
</kw>
<kw name="Wait Until Element Is Enabled" owner="SeleniumLibrary">
<arg>${locator}</arg>
<arg>${timeout}</arg>
<doc>Waits until the element ``locator`` is enabled.</doc>
<status status="PASS" start="2025-11-02T15:09:34.364021" elapsed="0.014791"/>
</kw>
<kw name="Click Element" owner="SeleniumLibrary">
<msg time="2025-11-02T15:09:34.379218" level="INFO">Clicking element 'css:[data-qa='login-button']'.</msg>
<arg>${locator}</arg>
<doc>Click the element identified by ``locator``.</doc>
<status status="PASS" start="2025-11-02T15:09:34.379010" elapsed="2.417103"/>
</kw>
<arg>${LOGIN_BUTTON}</arg>
<doc>Attend que l'élément soit cliquable puis clique</doc>
<status status="PASS" start="2025-11-02T15:09:34.343581" elapsed="2.452872"/>
</kw>
<arg>${VALID_EMAIL}</arg>
<arg>${VALID_PASSWORD}</arg>
<doc>Effectue la connexion avec email et mot de passe</doc>
<status status="PASS" start="2025-11-02T15:09:33.973143" elapsed="2.823496"/>
</kw>
<kw name="Verify Successful Login" owner="authentication_keywords">
<kw name="Verify Page Contains" owner="common_keywords">
<kw name="Wait Until Page Contains" owner="SeleniumLibrary">
<arg>${expected_text}</arg>
<arg>${TIMEOUT}</arg>
<doc>Waits until ``text`` appears on the current page.</doc>
<status status="PASS" start="2025-11-02T15:09:36.798649" elapsed="0.023888"/>
</kw>
<kw name="Page Should Contain" owner="SeleniumLibrary">
<msg time="2025-11-02T15:09:36.835414" level="INFO">Current page contains text 'Logged in as'.</msg>
<arg>${expected_text}</arg>
<doc>Verifies that current page contains ``text``.</doc>
<status status="PASS" start="2025-11-02T15:09:36.822816" elapsed="0.012695"/>
</kw>
<arg>${LOGIN_SUCCESS_MSG}</arg>
<status status="PASS" start="2025-11-02T15:09:36.798050" elapsed="0.037569"/>
</kw>
<kw name="Page Should Contain Element" owner="SeleniumLibrary">
<msg time="2025-11-02T15:09:36.845809" level="INFO">Current page contains element 'css:[href='/logout']'.</msg>
<arg>${LOGOUT_MENU}</arg>
<doc>Verifies that element ``locator`` is found on the current page.</doc>
<status status="PASS" start="2025-11-02T15:09:36.835775" elapsed="0.010143"/>
</kw>
<doc>Vérifie que la connexion est réussie</doc>
<status status="PASS" start="2025-11-02T15:09:36.797438" elapsed="0.048612"/>
</kw>
<kw name="Run Keywords" owner="BuiltIn" type="TEARDOWN">
<kw name="Take Screenshot On Failure" owner="common_keywords">
<kw name="Run Keyword If Test Failed" owner="BuiltIn">
<arg>Capture Page Screenshot</arg>
<doc>Runs the given keyword with the given arguments, if the test failed.</doc>
<status status="PASS" start="2025-11-02T15:09:36.847406" elapsed="0.000119"/>
</kw>
<doc>Prend une capture en cas d'échec</doc>
<status status="PASS" start="2025-11-02T15:09:36.847013" elapsed="0.000622"/>
</kw>
<kw name="Close Browser Session" owner="common_keywords">
<kw name="Close Browser" owner="SeleniumLibrary">
<doc>Closes the current browser.</doc>
<status status="PASS" start="2025-11-02T15:09:36.848116" elapsed="2.224802"/>
</kw>
<doc>Ferme le navigateur</doc>
<status status="PASS" start="2025-11-02T15:09:36.847802" elapsed="2.225533"/>
</kw>
<arg>Take Screenshot On Failure</arg>
<arg>AND</arg>
<arg>Close Browser Session</arg>
<doc>Executes all the given keywords in a sequence.</doc>
<status status="PASS" start="2025-11-02T15:09:36.846636" elapsed="2.226993"/>
</kw>
<doc>Test de connexion avec des identifiants valides</doc>
<tag>login</tag>
<tag>smoke</tag>
<status status="PASS" start="2025-11-02T15:09:28.368772" elapsed="10.705520"/>
</test>
<test id="s1-s1-s1-t2" name="Logout After Login" line="16">
<kw name="Open Browser To Home Page" owner="common_keywords" type="SETUP">
<kw name="Open Browser" owner="SeleniumLibrary">
<msg time="2025-11-02T15:09:39.080478" level="INFO">Opening browser 'chrome' to base url 'https://automationexercise.com'.</msg>
<arg>${BASE_URL}</arg>
<arg>${BROWSER}</arg>
<doc>Opens a new browser instance to the optional ``url``.</doc>
<status status="PASS" start="2025-11-02T15:09:39.079598" elapsed="5.243221"/>
</kw>
<kw name="Maximize Browser Window" owner="SeleniumLibrary">
<doc>Maximizes current browser window.</doc>
<status status="PASS" start="2025-11-02T15:09:44.323013" elapsed="0.065653"/>
</kw>
<kw name="Set Selenium Implicit Wait" owner="SeleniumLibrary">
<arg>${TIMEOUT}</arg>
<doc>Sets the implicit wait value used by Selenium.</doc>
<status status="PASS" start="2025-11-02T15:09:44.388942" elapsed="0.001820"/>
</kw>
<kw name="Wait Until Page Contains Element" owner="SeleniumLibrary">
<arg>${HEADER_LOGO}</arg>
<doc>Waits until the element ``locator`` appears on the current page.</doc>
<status status="PASS" start="2025-11-02T15:09:44.391142" elapsed="0.060908"/>
</kw>
<doc>Ouvre le navigateur sur la page d'accueil</doc>
<status status="PASS" start="2025-11-02T15:09:39.078360" elapsed="5.374309"/>
</kw>
<kw name="Go To Login Page" owner="authentication_keywords">
<kw name="Wait And Click" owner="common_keywords">
<kw name="Wait Until Element Is Visible" owner="SeleniumLibrary">
<arg>${locator}</arg>
<arg>${timeout}</arg>
<doc>Waits until the element ``locator`` is visible.</doc>
<status status="PASS" start="2025-11-02T15:09:44.459251" elapsed="0.052119"/>
</kw>
<kw name="Wait Until Element Is Enabled" owner="SeleniumLibrary">
<arg>${locator}</arg>
<arg>${timeout}</arg>
<doc>Waits until the element ``locator`` is enabled.</doc>
<status status="PASS" start="2025-11-02T15:09:44.512454" elapsed="0.035037"/>
</kw>
<kw name="Click Element" owner="SeleniumLibrary">
<msg time="2025-11-02T15:09:44.547945" level="INFO">Clicking element 'css:[href='/login']'.</msg>
<arg>${locator}</arg>
<doc>Click the element identified by ``locator``.</doc>
<status status="PASS" start="2025-11-02T15:09:44.547718" elapsed="0.909104"/>
</kw>
<arg>${LOGIN_MENU}</arg>
<doc>Attend que l'élément soit cliquable puis clique</doc>
<status status="PASS" start="2025-11-02T15:09:44.456213" elapsed="1.000884"/>
</kw>
<kw name="Verify Page Contains" owner="common_keywords">
<kw name="Wait Until Page Contains" owner="SeleniumLibrary">
<arg>${expected_text}</arg>
<arg>${TIMEOUT}</arg>
<doc>Waits until ``text`` appears on the current page.</doc>
<status status="PASS" start="2025-11-02T15:09:45.458002" elapsed="0.022485"/>
</kw>
<kw name="Page Should Contain" owner="SeleniumLibrary">
<msg time="2025-11-02T15:09:45.493199" level="INFO">Current page contains text 'Login to your account'.</msg>
<arg>${expected_text}</arg>
<doc>Verifies that current page contains ``text``.</doc>
<status status="PASS" start="2025-11-02T15:09:45.480758" elapsed="0.012626"/>
</kw>
<arg>Login to your account</arg>
<status status="PASS" start="2025-11-02T15:09:45.457473" elapsed="0.036119"/>
</kw>
<doc>Navigue vers la page de connexion</doc>
<status status="PASS" start="2025-11-02T15:09:44.455449" elapsed="1.038280"/>
</kw>
<kw name="Login With Credentials" owner="authentication_keywords">
<kw name="Wait And Input Text" owner="common_keywords">
<kw name="Wait Until Element Is Visible" owner="SeleniumLibrary">
<arg>${locator}</arg>
<arg>${timeout}</arg>
<doc>Waits until the element ``locator`` is visible.</doc>
<status status="PASS" start="2025-11-02T15:09:45.495772" elapsed="0.018367"/>
</kw>
<kw name="Input Text" owner="SeleniumLibrary">
<msg time="2025-11-02T15:09:45.514582" level="INFO">Typing text 'abdolaaziri@example.com' into text field 'css:[data-qa='login-email']'.</msg>
<arg>${locator}</arg>
<arg>${text}</arg>
<doc>Types the given ``text`` into the text field identified by ``locator``.</doc>
<status status="PASS" start="2025-11-02T15:09:45.514325" elapsed="0.235997"/>
</kw>
<arg>${LOGIN_EMAIL_FIELD}</arg>
<arg>${email}</arg>
<status status="PASS" start="2025-11-02T15:09:45.495135" elapsed="0.255393"/>
</kw>
<kw name="Wait And Input Text" owner="common_keywords">
<kw name="Wait Until Element Is Visible" owner="SeleniumLibrary">
<arg>${locator}</arg>
<arg>${timeout}</arg>
<doc>Waits until the element ``locator`` is visible.</doc>
<status status="PASS" start="2025-11-02T15:09:45.751447" elapsed="0.025692"/>
</kw>
<kw name="Input Text" owner="SeleniumLibrary">
<msg time="2025-11-02T15:09:45.777710" level="INFO">Typing text '12345678' into text field 'css:[data-qa='login-password']'.</msg>
<arg>${locator}</arg>
<arg>${text}</arg>
<doc>Types the given ``text`` into the text field identified by ``locator``.</doc>
<status status="PASS" start="2025-11-02T15:09:45.777382" elapsed="0.110291"/>
</kw>
<arg>${LOGIN_PASSWORD_FIELD}</arg>
<arg>${password}</arg>
<status status="PASS" start="2025-11-02T15:09:45.750819" elapsed="0.137000"/>
</kw>
<kw name="Wait And Click" owner="common_keywords">
<kw name="Wait Until Element Is Visible" owner="SeleniumLibrary">
<arg>${locator}</arg>
<arg>${timeout}</arg>
<doc>Waits until the element ``locator`` is visible.</doc>
<status status="PASS" start="2025-11-02T15:09:45.888406" elapsed="0.018596"/>
</kw>
<kw name="Wait Until Element Is Enabled" owner="SeleniumLibrary">
<arg>${locator}</arg>
<arg>${timeout}</arg>
<doc>Waits until the element ``locator`` is enabled.</doc>
<status status="PASS" start="2025-11-02T15:09:45.907302" elapsed="0.029456"/>
</kw>
<kw name="Click Element" owner="SeleniumLibrary">
<msg time="2025-11-02T15:09:45.937406" level="INFO">Clicking element 'css:[data-qa='login-button']'.</msg>
<arg>${locator}</arg>
<doc>Click the element identified by ``locator``.</doc>
<status status="PASS" start="2025-11-02T15:09:45.937056" elapsed="2.571834"/>
</kw>
<arg>${LOGIN_BUTTON}</arg>
<doc>Attend que l'élément soit cliquable puis clique</doc>
<status status="PASS" start="2025-11-02T15:09:45.888035" elapsed="2.621397"/>
</kw>
<arg>${VALID_EMAIL}</arg>
<arg>${VALID_PASSWORD}</arg>
<doc>Effectue la connexion avec email et mot de passe</doc>
<status status="PASS" start="2025-11-02T15:09:45.494359" elapsed="3.015361"/>
</kw>
<kw name="Verify Successful Login" owner="authentication_keywords">
<kw name="Verify Page Contains" owner="common_keywords">
<kw name="Wait Until Page Contains" owner="SeleniumLibrary">
<arg>${expected_text}</arg>
<arg>${TIMEOUT}</arg>
<doc>Waits until ``text`` appears on the current page.</doc>
<status status="PASS" start="2025-11-02T15:09:48.511766" elapsed="0.014672"/>
</kw>
<kw name="Page Should Contain" owner="SeleniumLibrary">
<msg time="2025-11-02T15:09:48.536516" level="INFO">Current page contains text 'Logged in as'.</msg>
<arg>${expected_text}</arg>
<doc>Verifies that current page contains ``text``.</doc>
<status status="PASS" start="2025-11-02T15:09:48.526953" elapsed="0.009954"/>
</kw>
<arg>${LOGIN_SUCCESS_MSG}</arg>
<status status="PASS" start="2025-11-02T15:09:48.511225" elapsed="0.025946"/>
</kw>
<kw name="Page Should Contain Element" owner="SeleniumLibrary">
<msg time="2025-11-02T15:09:48.547524" level="INFO">Current page contains element 'css:[href='/logout']'.</msg>
<arg>${LOGOUT_MENU}</arg>
<doc>Verifies that element ``locator`` is found on the current page.</doc>
<status status="PASS" start="2025-11-02T15:09:48.537608" elapsed="0.010011"/>
</kw>
<doc>Vérifie que la connexion est réussie</doc>
<status status="PASS" start="2025-11-02T15:09:48.510570" elapsed="0.037144"/>
</kw>
<kw name="Logout User" owner="authentication_keywords">
<kw name="Wait And Click" owner="common_keywords">
<kw name="Wait Until Element Is Visible" owner="SeleniumLibrary">
<arg>${locator}</arg>
<arg>${timeout}</arg>
<doc>Waits until the element ``locator`` is visible.</doc>
<status status="PASS" start="2025-11-02T15:09:48.548697" elapsed="0.015966"/>
</kw>
<kw name="Wait Until Element Is Enabled" owner="SeleniumLibrary">
<arg>${locator}</arg>
<arg>${timeout}</arg>
<doc>Waits until the element ``locator`` is enabled.</doc>
<status status="PASS" start="2025-11-02T15:09:48.564887" elapsed="0.018179"/>
</kw>
<kw name="Click Element" owner="SeleniumLibrary">
<msg time="2025-11-02T15:09:48.583761" level="INFO">Clicking element 'css:[href='/logout']'.</msg>
<arg>${locator}</arg>
<doc>Click the element identified by ``locator``.</doc>
<status status="PASS" start="2025-11-02T15:09:48.583439" elapsed="0.859630"/>
</kw>
<arg>${LOGOUT_MENU}</arg>
<doc>Attend que l'élément soit cliquable puis clique</doc>
<status status="PASS" start="2025-11-02T15:09:48.548375" elapsed="0.894901"/>
</kw>
<kw name="Verify Page Contains" owner="common_keywords">
<kw name="Wait Until Page Contains" owner="SeleniumLibrary">
<arg>${expected_text}</arg>
<arg>${TIMEOUT}</arg>
<doc>Waits until ``text`` appears on the current page.</doc>
<status status="PASS" start="2025-11-02T15:09:49.443998" elapsed="0.021876"/>
</kw>
<kw name="Page Should Contain" owner="SeleniumLibrary">
<msg time="2025-11-02T15:09:49.475968" level="INFO">Current page contains text 'Login to your account'.</msg>
<arg>${expected_text}</arg>
<doc>Verifies that current page contains ``text``.</doc>
<status status="PASS" start="2025-11-02T15:09:49.466063" elapsed="0.009999"/>
</kw>
<arg>Login to your account</arg>
<status status="PASS" start="2025-11-02T15:09:49.443567" elapsed="0.032604"/>
</kw>
<doc>Déconnecte l'utilisateur</doc>
<status status="PASS" start="2025-11-02T15:09:48.548023" elapsed="0.928214"/>
</kw>
<kw name="Run Keywords" owner="BuiltIn" type="TEARDOWN">
<kw name="Take Screenshot On Failure" owner="common_keywords">
<kw name="Run Keyword If Test Failed" owner="BuiltIn">
<arg>Capture Page Screenshot</arg>
<doc>Runs the given keyword with the given arguments, if the test failed.</doc>
<status status="PASS" start="2025-11-02T15:09:49.477174" elapsed="0.000107"/>
</kw>
<doc>Prend une capture en cas d'échec</doc>
<status status="PASS" start="2025-11-02T15:09:49.476899" elapsed="0.000459"/>
</kw>
<kw name="Close Browser Session" owner="common_keywords">
<kw name="Close Browser" owner="SeleniumLibrary">
<doc>Closes the current browser.</doc>
<status status="PASS" start="2025-11-02T15:09:49.477737" elapsed="2.205415"/>
</kw>
<doc>Ferme le navigateur</doc>
<status status="PASS" start="2025-11-02T15:09:49.477498" elapsed="2.206018"/>
</kw>
<arg>Take Screenshot On Failure</arg>
<arg>AND</arg>
<arg>Close Browser Session</arg>
<doc>Executes all the given keywords in a sequence.</doc>
<status status="PASS" start="2025-11-02T15:09:49.476661" elapsed="2.207690"/>
</kw>
<doc>Test de déconnexion après connexion</doc>
<tag>login</tag>
<status status="PASS" start="2025-11-02T15:09:39.076313" elapsed="12.609795"/>
</test>
<test id="s1-s1-s1-t3" name="Login With Invalid Email" line="24">
<kw name="Open Browser To Home Page" owner="common_keywords" type="SETUP">
<kw name="Open Browser" owner="SeleniumLibrary">
<msg time="2025-11-02T15:09:51.690288" level="INFO">Opening browser 'chrome' to base url 'https://automationexercise.com'.</msg>
<arg>${BASE_URL}</arg>
<arg>${BROWSER}</arg>
<doc>Opens a new browser instance to the optional ``url``.</doc>
<status status="PASS" start="2025-11-02T15:09:51.689443" elapsed="4.481611"/>
</kw>
<kw name="Maximize Browser Window" owner="SeleniumLibrary">
<doc>Maximizes current browser window.</doc>
<status status="PASS" start="2025-11-02T15:09:56.171370" elapsed="0.195421"/>
</kw>
<kw name="Set Selenium Implicit Wait" owner="SeleniumLibrary">
<arg>${TIMEOUT}</arg>
<doc>Sets the implicit wait value used by Selenium.</doc>
<status status="PASS" start="2025-11-02T15:09:56.367115" elapsed="0.005999"/>
</kw>
<kw name="Wait Until Page Contains Element" owner="SeleniumLibrary">
<arg>${HEADER_LOGO}</arg>
<doc>Waits until the element ``locator`` appears on the current page.</doc>
<status status="PASS" start="2025-11-02T15:09:56.374487" elapsed="0.069062"/>
</kw>
<doc>Ouvre le navigateur sur la page d'accueil</doc>
<status status="PASS" start="2025-11-02T15:09:51.688540" elapsed="4.756194"/>
</kw>
<kw name="Go To Login Page" owner="authentication_keywords">
<kw name="Wait And Click" owner="common_keywords">
<kw name="Wait Until Element Is Visible" owner="SeleniumLibrary">
<arg>${locator}</arg>
<arg>${timeout}</arg>
<doc>Waits until the element ``locator`` is visible.</doc>
<status status="PASS" start="2025-11-02T15:09:56.464841" elapsed="0.064447"/>
</kw>
<kw name="Wait Until Element Is Enabled" owner="SeleniumLibrary">
<arg>${locator}</arg>
<arg>${timeout}</arg>
<doc>Waits until the element ``locator`` is enabled.</doc>
<status status="PASS" start="2025-11-02T15:09:56.529613" elapsed="0.084951"/>
</kw>
<kw name="Click Element" owner="SeleniumLibrary">
<msg time="2025-11-02T15:09:56.616487" level="INFO">Clicking element 'css:[href='/login']'.</msg>
<msg time="2025-11-02T15:11:46.268484" level="WARN">Keyword 'Capture Page Screenshot' could not be run on failure: Message: invalid session id; For documentation on this error, please visit: https://www.selenium.dev/documentation/webdriver/troubleshooting/errors#invalidsessionidexception
Stacktrace:
	GetHandleVerifier [0x0x7ff626aee8e5+80021]
	GetHandleVerifier [0x0x7ff626aee940+80112]
	(No symbol) [0x0x7ff626870425]
	(No symbol) [0x0x7ff6268b864f]
	(No symbol) [0x0x7ff6268f10f2]
	(No symbol) [0x0x7ff6268eb89f]
	(No symbol) [0x0x7ff6268ea94a]
	(No symbol) [0x0x7ff62683a765]
	GetHandleVerifier [0x0x7ff626dadc7d+2960429]
	GetHandleVerifier [0x0x7ff626da7f3a+2936554]
	GetHandleVerifier [0x0x7ff626dc8977+3070247]
	GetHandleVerifier [0x0x7ff626b083ce+185214]
	GetHandleVerifier [0x0x7ff626b0fe1f+216527]
	(No symbol) [0x0x7ff62683970e]
	GetHandleVerifier [0x0x7ff626ee6a68+4241944]
	BaseThreadInitThunk [0x0x7ffed680e8d7+23]
	RtlUserThreadStart [0x0x7ffed88ec53c+44]
</msg>
<msg time="2025-11-02T15:11:46.270379" level="FAIL">InvalidSessionIdException: Message: invalid session id: session deleted as the browser has closed the connection
from disconnected: unable to send message to renderer
  (Session info: chrome=141.0.7390.123); For documentation on this error, please visit: https://www.selenium.dev/documentation/webdriver/troubleshooting/errors#invalidsessionidexception
Stacktrace:
	GetHandleVerifier [0x0x7ff626aee8e5+80021]
	GetHandleVerifier [0x0x7ff626aee940+80112]
	(No symbol) [0x0x7ff62687060f]
	(No symbol) [0x0x7ff62685c77c]
	(No symbol) [0x0x7ff62685c6dc]
	(No symbol) [0x0x7ff62685ae30]
	(No symbol) [0x0x7ff62685bb0b]
	(No symbol) [0x0x7ff62686b064]
	(No symbol) [0x0x7ff626881161]
	(No symbol) [0x0x7ff6268883aa]
	(No symbol) [0x0x7ff62685c2be]
	(No symbol) [0x0x7ff626880952]
	(No symbol) [0x0x7ff6269199f6]
	(No symbol) [0x0x7ff6268f1003]
	(No symbol) [0x0x7ff6268b95d1]
	(No symbol) [0x0x7ff6268ba3f3]
	GetHandleVerifier [0x0x7ff626dadc7d+2960429]
	GetHandleVerifier [0x0x7ff626da7f3a+2936554]
	GetHandleVerifier [0x0x7ff626dc8977+3070247]
	GetHandleVerifier [0x0x7ff626b083ce+185214]
	GetHandleVerifier [0x0x7ff626b0fe1f+216527]
	GetHandleVerifier [0x0x7ff626af7b24+117460]
	GetHandleVerifier [0x0x7ff626af7cdf+117903]
	GetHandleVerifier [0x0x7ff626addbb8+11112]
	BaseThreadInitThunk [0x0x7ffed680e8d7+23]
	RtlUserThreadStart [0x0x7ffed88ec53c+44]
</msg>
<arg>${locator}</arg>
<doc>Click the element identified by ``locator``.</doc>
<status status="FAIL" start="2025-11-02T15:09:56.615015" elapsed="109.673319">InvalidSessionIdException: Message: invalid session id: session deleted as the browser has closed the connection
from disconnected: unable to send message to renderer
  (Session info: chrome=141.0.7390.123); For documentation on this error, please visit: https://www.selenium.dev/documentation/webdriver/troubleshooting/errors#invalidsessionidexception
Stacktrace:
	GetHandleVerifier [0x0x7ff626aee8e5+80021]
	GetHandleVerifier [0x0x7ff626aee940+80112]
	(No symbol) [0x0x7ff62687060f]
	(No symbol) [0x0x7ff62685c77c]
	(No symbol) [0x0x7ff62685c6dc]
	(No symbol) [0x0x7ff62685ae30]
	(No symbol) [0x0x7ff62685bb0b]
	(No symbol) [0x0x7ff62686b064]
	(No symbol) [0x0x7ff626881161]
	(No symbol) [0x0x7ff6268883aa]
	(No symbol) [0x0x7ff62685c2be]
	(No symbol) [0x0x7ff626880952]
	(No symbol) [0x0x7ff6269199f6]
	(No symbol) [0x0x7ff6268f1003]
	(No symbol) [0x0x7ff6268b95d1]
	(No symbol) [0x0x7ff6268ba3f3]
	GetHandleVerifier [0x0x7ff626dadc7d+2960429]
	GetHandleVerifier [0x0x7ff626da7f3a+2936554]
	GetHandleVerifier [0x0x7ff626dc8977+3070247]
	GetHandleVerifier [0x0x7ff626b083ce+185214]
	GetHandleVerifier [0x0x7ff626b0fe1f+216527]
	GetHandleVerifier [0x0x7ff626af7b24+117460]
	GetHandleVerifier [0x0x7ff626af7cdf+117903]
	GetHandleVerifier [0x0x7ff626addbb8+11112]
	BaseThreadInitThunk [0x0x7ffed680e8d7+23]
	RtlUserThreadStart [0x0x7ffed88ec53c+44]
</status>
</kw>
<arg>${LOGIN_MENU}</arg>
<doc>Attend que l'élément soit cliquable puis clique</doc>
<status status="FAIL" start="2025-11-02T15:09:56.463546" elapsed="109.825313">InvalidSessionIdException: Message: invalid session id: session deleted as the browser has closed the connection
from disconnected: unable to send message to renderer
  (Session info: chrome=141.0.7390.123); For documentation on this error, please visit: https://www.selenium.dev/documentation/webdriver/troubleshooting/errors#invalidsessionidexception
Stacktrace:
	GetHandleVerifier [0x0x7ff626aee8e5+80021]
	GetHandleVerifier [0x0x7ff626aee940+80112]
	(No symbol) [0x0x7ff62687060f]
	(No symbol) [0x0x7ff62685c77c]
	(No symbol) [0x0x7ff62685c6dc]
	(No symbol) [0x0x7ff62685ae30]
	(No symbol) [0x0x7ff62685bb0b]
	(No symbol) [0x0x7ff62686b064]
	(No symbol) [0x0x7ff626881161]
	(No symbol) [0x0x7ff6268883aa]
	(No symbol) [0x0x7ff62685c2be]
	(No symbol) [0x0x7ff626880952]
	(No symbol) [0x0x7ff6269199f6]
	(No symbol) [0x0x7ff6268f1003]
	(No symbol) [0x0x7ff6268b95d1]
	(No symbol) [0x0x7ff6268ba3f3]
	GetHandleVerifier [0x0x7ff626dadc7d+2960429]
	GetHandleVerifier [0x0x7ff626da7f3a+2936554]
	GetHandleVerifier [0x0x7ff626dc8977+3070247]
	GetHandleVerifier [0x0x7ff626b083ce+185214]
	GetHandleVerifier [0x0x7ff626b0fe1f+216527]
	GetHandleVerifier [0x0x7ff626af7b24+117460]
	GetHandleVerifier [0x0x7ff626af7cdf+117903]
	GetHandleVerifier [0x0x7ff626addbb8+11112]
	BaseThreadInitThunk [0x0x7ffed680e8d7+23]
	RtlUserThreadStart [0x0x7ffed88ec53c+44]
</status>
</kw>
<kw name="Verify Page Contains" owner="common_keywords">
<arg>Login to your account</arg>
<status status="NOT RUN" start="2025-11-02T15:11:46.289444" elapsed="0.000098"/>
</kw>
<doc>Navigue vers la page de connexion</doc>
<status status="FAIL" start="2025-11-02T15:09:56.461382" elapsed="109.828339">InvalidSessionIdException: Message: invalid session id: session deleted as the browser has closed the connection
from disconnected: unable to send message to renderer
  (Session info: chrome=141.0.7390.123); For documentation on this error, please visit: https://www.selenium.dev/documentation/webdriver/troubleshooting/errors#invalidsessionidexception
Stacktrace:
	GetHandleVerifier [0x0x7ff626aee8e5+80021]
	GetHandleVerifier [0x0x7ff626aee940+80112]
	(No symbol) [0x0x7ff62687060f]
	(No symbol) [0x0x7ff62685c77c]
	(No symbol) [0x0x7ff62685c6dc]
	(No symbol) [0x0x7ff62685ae30]
	(No symbol) [0x0x7ff62685bb0b]
	(No symbol) [0x0x7ff62686b064]
	(No symbol) [0x0x7ff626881161]
	(No symbol) [0x0x7ff6268883aa]
	(No symbol) [0x0x7ff62685c2be]
	(No symbol) [0x0x7ff626880952]
	(No symbol) [0x0x7ff6269199f6]
	(No symbol) [0x0x7ff6268f1003]
	(No symbol) [0x0x7ff6268b95d1]
	(No symbol) [0x0x7ff6268ba3f3]
	GetHandleVerifier [0x0x7ff626dadc7d+2960429]
	GetHandleVerifier [0x0x7ff626da7f3a+2936554]
	GetHandleVerifier [0x0x7ff626dc8977+3070247]
	GetHandleVerifier [0x0x7ff626b083ce+185214]
	GetHandleVerifier [0x0x7ff626b0fe1f+216527]
	GetHandleVerifier [0x0x7ff626af7b24+117460]
	GetHandleVerifier [0x0x7ff626af7cdf+117903]
	GetHandleVerifier [0x0x7ff626addbb8+11112]
	BaseThreadInitThunk [0x0x7ffed680e8d7+23]
	RtlUserThreadStart [0x0x7ffed88ec53c+44]
</status>
</kw>
<kw name="Login With Credentials" owner="authentication_keywords">
<arg>${INVALID_EMAIL}</arg>
<arg>${VALID_PASSWORD}</arg>
<doc>Effectue la connexion avec email et mot de passe</doc>
<status status="NOT RUN" start="2025-11-02T15:11:46.290403" elapsed="0.000093"/>
</kw>
<kw name="Verify Login Failure" owner="authentication_keywords">
<doc>Vérifie le message d'erreur de connexion</doc>
<status status="NOT RUN" start="2025-11-02T15:11:46.290905" elapsed="0.000067"/>
</kw>
<kw name="Run Keywords" owner="BuiltIn" type="TEARDOWN">
<kw name="Take Screenshot On Failure" owner="common_keywords">
<kw name="Run Keyword If Test Failed" owner="BuiltIn">
<kw name="Capture Page Screenshot" owner="SeleniumLibrary">
<msg time="2025-11-02T15:11:46.297712" level="WARN">Keyword 'Capture Page Screenshot' could not be run on failure: Message: invalid session id; For documentation on this error, please visit: https://www.selenium.dev/documentation/webdriver/troubleshooting/errors#invalidsessionidexception
Stacktrace:
	GetHandleVerifier [0x0x7ff626aee8e5+80021]
	GetHandleVerifier [0x0x7ff626aee940+80112]
	(No symbol) [0x0x7ff626870425]
	(No symbol) [0x0x7ff6268b864f]
	(No symbol) [0x0x7ff6268f10f2]
	(No symbol) [0x0x7ff6268eb89f]
	(No symbol) [0x0x7ff6268ea94a]
	(No symbol) [0x0x7ff62683a765]
	GetHandleVerifier [0x0x7ff626dadc7d+2960429]
	GetHandleVerifier [0x0x7ff626da7f3a+2936554]
	GetHandleVerifier [0x0x7ff626dc8977+3070247]
	GetHandleVerifier [0x0x7ff626b083ce+185214]
	GetHandleVerifier [0x0x7ff626b0fe1f+216527]
	(No symbol) [0x0x7ff62683970e]
	GetHandleVerifier [0x0x7ff626ee6a68+4241944]
	BaseThreadInitThunk [0x0x7ffed680e8d7+23]
	RtlUserThreadStart [0x0x7ffed88ec53c+44]
</msg>
<msg time="2025-11-02T15:11:46.298227" level="FAIL">InvalidSessionIdException: Message: invalid session id; For documentation on this error, please visit: https://www.selenium.dev/documentation/webdriver/troubleshooting/errors#invalidsessionidexception
Stacktrace:
	GetHandleVerifier [0x0x7ff626aee8e5+80021]
	GetHandleVerifier [0x0x7ff626aee940+80112]
	(No symbol) [0x0x7ff626870425]
	(No symbol) [0x0x7ff6268b864f]
	(No symbol) [0x0x7ff6268f10f2]
	(No symbol) [0x0x7ff6268eb89f]
	(No symbol) [0x0x7ff6268ea94a]
	(No symbol) [0x0x7ff62683a765]
	GetHandleVerifier [0x0x7ff626dadc7d+2960429]
	GetHandleVerifier [0x0x7ff626da7f3a+2936554]
	GetHandleVerifier [0x0x7ff626dc8977+3070247]
	GetHandleVerifier [0x0x7ff626b083ce+185214]
	GetHandleVerifier [0x0x7ff626b0fe1f+216527]
	(No symbol) [0x0x7ff62683970e]
	GetHandleVerifier [0x0x7ff626ee6a68+4241944]
	BaseThreadInitThunk [0x0x7ffed680e8d7+23]
	RtlUserThreadStart [0x0x7ffed88ec53c+44]
</msg>
<doc>Takes a screenshot of the current page and embeds it into a log file.</doc>
<status status="FAIL" start="2025-11-02T15:11:46.294949" elapsed="0.006731">InvalidSessionIdException: Message: invalid session id; For documentation on this error, please visit: https://www.selenium.dev/documentation/webdriver/troubleshooting/errors#invalidsessionidexception
Stacktrace:
	GetHandleVerifier [0x0x7ff626aee8e5+80021]
	GetHandleVerifier [0x0x7ff626aee940+80112]
	(No symbol) [0x0x7ff626870425]
	(No symbol) [0x0x7ff6268b864f]
	(No symbol) [0x0x7ff6268f10f2]
	(No symbol) [0x0x7ff6268eb89f]
	(No symbol) [0x0x7ff6268ea94a]
	(No symbol) [0x0x7ff62683a765]
	GetHandleVerifier [0x0x7ff626dadc7d+2960429]
	GetHandleVerifier [0x0x7ff626da7f3a+2936554]
	GetHandleVerifier [0x0x7ff626dc8977+3070247]
	GetHandleVerifier [0x0x7ff626b083ce+185214]
	GetHandleVerifier [0x0x7ff626b0fe1f+216527]
	(No symbol) [0x0x7ff62683970e]
	GetHandleVerifier [0x0x7ff626ee6a68+4241944]
	BaseThreadInitThunk [0x0x7ffed680e8d7+23]
	RtlUserThreadStart [0x0x7ffed88ec53c+44]
</status>
</kw>
<arg>Capture Page Screenshot</arg>
<doc>Runs the given keyword with the given arguments, if the test failed.</doc>
<status status="FAIL" start="2025-11-02T15:11:46.294599" elapsed="0.007335">InvalidSessionIdException: Message: invalid session id; For documentation on this error, please visit: https://www.selenium.dev/documentation/webdriver/troubleshooting/errors#invalidsessionidexception
Stacktrace:
	GetHandleVerifier [0x0x7ff626aee8e5+80021]
	GetHandleVerifier [0x0x7ff626aee940+80112]
	(No symbol) [0x0x7ff626870425]
	(No symbol) [0x0x7ff6268b864f]
	(No symbol) [0x0x7ff6268f10f2]
	(No symbol) [0x0x7ff6268eb89f]
	(No symbol) [0x0x7ff6268ea94a]
	(No symbol) [0x0x7ff62683a765]
	GetHandleVerifier [0x0x7ff626dadc7d+2960429]
	GetHandleVerifier [0x0x7ff626da7f3a+2936554]
	GetHandleVerifier [0x0x7ff626dc8977+3070247]
	GetHandleVerifier [0x0x7ff626b083ce+185214]
	GetHandleVerifier [0x0x7ff626b0fe1f+216527]
	(No symbol) [0x0x7ff62683970e]
	GetHandleVerifier [0x0x7ff626ee6a68+4241944]
	BaseThreadInitThunk [0x0x7ffed680e8d7+23]
	RtlUserThreadStart [0x0x7ffed88ec53c+44]
</status>
</kw>
<doc>Prend une capture en cas d'échec</doc>
<status status="FAIL" start="2025-11-02T15:11:46.293972" elapsed="0.008144">InvalidSessionIdException: Message: invalid session id; For documentation on this error, please visit: https://www.selenium.dev/documentation/webdriver/troubleshooting/errors#invalidsessionidexception
Stacktrace:
	GetHandleVerifier [0x0x7ff626aee8e5+80021]
	GetHandleVerifier [0x0x7ff626aee940+80112]
	(No symbol) [0x0x7ff626870425]
	(No symbol) [0x0x7ff6268b864f]
	(No symbol) [0x0x7ff6268f10f2]
	(No symbol) [0x0x7ff6268eb89f]
	(No symbol) [0x0x7ff6268ea94a]
	(No symbol) [0x0x7ff62683a765]
	GetHandleVerifier [0x0x7ff626dadc7d+2960429]
	GetHandleVerifier [0x0x7ff626da7f3a+2936554]
	GetHandleVerifier [0x0x7ff626dc8977+3070247]
	GetHandleVerifier [0x0x7ff626b083ce+185214]
	GetHandleVerifier [0x0x7ff626b0fe1f+216527]
	(No symbol) [0x0x7ff62683970e]
	GetHandleVerifier [0x0x7ff626ee6a68+4241944]
	BaseThreadInitThunk [0x0x7ffed680e8d7+23]
	RtlUserThreadStart [0x0x7ffed88ec53c+44]
</status>
</kw>
<kw name="Close Browser Session" owner="common_keywords">
<kw name="Close Browser" owner="SeleniumLibrary">
<doc>Closes the current browser.</doc>
<status status="PASS" start="2025-11-02T15:11:46.302720" elapsed="2.011066"/>
</kw>
<doc>Ferme le navigateur</doc>
<status status="PASS" start="2025-11-02T15:11:46.302342" elapsed="2.011693"/>
</kw>
<arg>Take Screenshot On Failure</arg>
<arg>AND</arg>
<arg>Close Browser Session</arg>
<doc>Executes all the given keywords in a sequence.</doc>
<status status="FAIL" start="2025-11-02T15:11:46.292549" elapsed="2.021660">InvalidSessionIdException: Message: invalid session id; For documentation on this error, please visit: https://www.selenium.dev/documentation/webdriver/troubleshooting/errors#invalidsessionidexception
Stacktrace:
	GetHandleVerifier [0x0x7ff626aee8e5+80021]
	GetHandleVerifier [0x0x7ff626aee940+80112]
	(No symbol) [0x0x7ff626870425]
	(No symbol) [0x0x7ff6268b864f]
	(No symbol) [0x0x7ff6268f10f2]
	(No symbol) [0x0x7ff6268eb89f]
	(No symbol) [0x0x7ff6268ea94a]
	(No symbol) [0x0x7ff62683a765]
	GetHandleVerifier [0x0x7ff626dadc7d+2960429]
	GetHandleVerifier [0x0x7ff626da7f3a+2936554]
	GetHandleVerifier [0x0x7ff626dc8977+3070247]
	GetHandleVerifier [0x0x7ff626b083ce+185214]
	GetHandleVerifier [0x0x7ff626b0fe1f+216527]
	(No symbol) [0x0x7ff62683970e]
	GetHandleVerifier [0x0x7ff626ee6a68+4241944]
	BaseThreadInitThunk [0x0x7ffed680e8d7+23]
	RtlUserThreadStart [0x0x7ffed88ec53c+44]
</status>
</kw>
<doc>Test de connexion avec email invalide</doc>
<tag>login</tag>
<tag>negative</tag>
<status status="FAIL" start="2025-11-02T15:09:51.687242" elapsed="116.627298">InvalidSessionIdException: Message: invalid session id: session deleted as the browser has closed the connection
from disconnected: unable to send message to renderer
  (Session info: chrome=141.0.7390.123); For documentation on this error, please visit: https://www.selenium.dev/documentation/webdriver/troubleshooting/errors#invalidsessionidexception
Stacktrace:
	GetHandleVerifier [0x0x7ff626aee8e5+80021]
	GetHandleVerifier [0x0x7ff626aee940+80112]
	(No symbol) [0x0x7ff62687060f]
	(No symbol) [0x0x7ff62685c77c]
	(No symbol) [0x0x7ff62685c6dc]
	(No symbol) [0x0x7ff62685ae30]
	(No symbol) [0x0x7ff62685bb0b]
	(No symbol) [0x0x7ff62686b064]
	(No symbol) [0x0x7ff626881161]
	(No symbol) [0x0x7ff6268883aa]
	(No symbol) [0x0x7ff62685c2be]
	(No symbol) [0x0x7ff626880952]
	(No symbol) [0x0x7ff6269199f6]
	(No symbol) [0x0x7ff6268f1003]
	(No symbol) [0x0x7ff6268b95d1]
	(No symbol) [0x0x7ff6268ba3f3]
	GetHandleVerifier [0x0x7ff626dadc7d+2960429]
	GetHandleVerifier [0x0x7ff626da7f3a+2936554]
	GetHandleVerifier [0x0x7ff626dc8977+3070247]
	GetHandleVerifier [0x0x7ff626b083ce+185214]
	GetHandleVerifier [0x0x7ff626b0fe1f+216527]
	GetHandleVerifier [0x0x7ff626af7b24+117460]
	GetHandleVerifier [0x0x7ff626af7cdf+117903]
	GetHandleVerifier [0x0x7ff626addbb8+11112]
	BaseThreadInitThunk [0x0x7ffed680e8d7+23]
	RtlUserThreadStart [0x0x7ffed88ec53c+44]


Also teardown failed:
InvalidSessionIdException: Message: invalid session id; For documentation on this error, please visit: https://www.selenium.dev/documentation/webdriver/troubleshooting/errors#invalidsessionidexception
Stacktrace:
	GetHandleVerifier [0x0x7ff626aee8e5+80021]
	GetHandleVerifier [0x0x7ff626aee940+80112]
	(No symbol) [0x0x7ff626870425]
	(No symbol) [0x0x7ff6268b864f]
	(No symbol) [0x0x7ff6268f10f2]
	(No symbol) [0x0x7ff6268eb89f]
	(No symbol) [0x0x7ff6268ea94a]
	(No symbol) [0x0x7ff62683a765]
	GetHandleVerifier [0x0x7ff626dadc7d+2960429]
	GetHandleVerifier [0x0x7ff626da7f3a+2936554]
	GetHandleVerifier [0x0x7ff626dc8977+3070247]
	GetHandleVerifier [0x0x7ff626b083ce+185214]
	GetHandleVerifier [0x0x7ff626b0fe1f+216527]
	(No symbol) [0x0x7ff62683970e]
	GetHandleVerifier [0x0x7ff626ee6a68+4241944]
	BaseThreadInitThunk [0x0x7ffed680e8d7+23]
	RtlUserThreadStart [0x0x7ffed88ec53c+44]
</status>
</test>
<status status="FAIL" start="2025-11-02T15:09:28.075706" elapsed="140.240292"/>
</suite>
<suite id="s1-s1-s2" name="Registration Tests" source="C:\Users\dell\Desktop\test qa\RobotFramwork\TestVf\tests\authentication\registration_tests.robot">
<test id="s1-s1-s2-t1" name="Register New User" line="9">
<kw name="Open Browser To Home Page" owner="common_keywords" type="SETUP">
<kw name="Open Browser" owner="SeleniumLibrary">
<msg time="2025-11-02T15:11:48.327465" level="INFO">Opening browser 'chrome' to base url 'https://automationexercise.com'.</msg>
<arg>${BASE_URL}</arg>
<arg>${BROWSER}</arg>
<doc>Opens a new browser instance to the optional ``url``.</doc>
<status status="PASS" start="2025-11-02T15:11:48.327202" elapsed="4.488815"/>
</kw>
<kw name="Maximize Browser Window" owner="SeleniumLibrary">
<doc>Maximizes current browser window.</doc>
<status status="PASS" start="2025-11-02T15:11:52.816190" elapsed="0.070421"/>
</kw>
<kw name="Set Selenium Implicit Wait" owner="SeleniumLibrary">
<arg>${TIMEOUT}</arg>
<doc>Sets the implicit wait value used by Selenium.</doc>
<status status="PASS" start="2025-11-02T15:11:52.886911" elapsed="0.008616"/>
</kw>
<kw name="Wait Until Page Contains Element" owner="SeleniumLibrary">
<arg>${HEADER_LOGO}</arg>
<doc>Waits until the element ``locator`` appears on the current page.</doc>
<status status="PASS" start="2025-11-02T15:11:52.895854" elapsed="0.022274"/>
</kw>
<doc>Ouvre le navigateur sur la page d'accueil</doc>
<status status="PASS" start="2025-11-02T15:11:48.326879" elapsed="4.591444"/>
</kw>
<kw name="Generate Unique Email" owner="common_keywords">
<kw name="Get Time" owner="BuiltIn">
<msg time="2025-11-02T15:11:52.923994" level="INFO">${timestamp} = 1762092712</msg>
<var>${timestamp}</var>
<arg>epoch</arg>
<doc>Returns the given time in the requested format.</doc>
<status status="PASS" start="2025-11-02T15:11:52.923210" elapsed="0.000847"/>
</kw>
<kw name="Set Variable" owner="BuiltIn">
<msg time="2025-11-02T15:11:52.924853" level="INFO">${unique_email} = newuser1762092712@example.com</msg>
<var>${unique_email}</var>
<arg>${NEW_USER_EMAIL_PREFIX}${timestamp}@example.com</arg>
<doc>Returns the given values which can then be assigned to a variables.</doc>
<status status="PASS" start="2025-11-02T15:11:52.924479" elapsed="0.000532"/>
</kw>
<return>
<value>${unique_email}</value>
<status status="PASS" start="2025-11-02T15:11:52.925221" elapsed="0.000251"/>
</return>
<msg time="2025-11-02T15:11:52.925861" level="INFO">${unique_email} = newuser1762092712@example.com</msg>
<var>${unique_email}</var>
<doc>Génère un email unique basé sur le timestamp</doc>
<status status="PASS" start="2025-11-02T15:11:52.920314" elapsed="0.005595"/>
</kw>
<kw name="Go To Signup Page" owner="authentication_keywords">
<kw name="Wait And Click" owner="common_keywords">
<kw name="Wait Until Element Is Visible" owner="SeleniumLibrary">
<arg>${locator}</arg>
<arg>${timeout}</arg>
<doc>Waits until the element ``locator`` is visible.</doc>
<status status="PASS" start="2025-11-02T15:11:52.927146" elapsed="0.030607"/>
</kw>
<kw name="Wait Until Element Is Enabled" owner="SeleniumLibrary">
<arg>${locator}</arg>
<arg>${timeout}</arg>
<doc>Waits until the element ``locator`` is enabled.</doc>
<status status="PASS" start="2025-11-02T15:11:52.958182" elapsed="0.050411"/>
</kw>
<kw name="Click Element" owner="SeleniumLibrary">
<msg time="2025-11-02T15:11:53.009169" level="INFO">Clicking element 'css:[href='/login']'.</msg>
<arg>${locator}</arg>
<doc>Click the element identified by ``locator``.</doc>
<status status="PASS" start="2025-11-02T15:11:53.008879" elapsed="0.905958"/>
</kw>
<arg>${LOGIN_MENU}</arg>
<doc>Attend que l'élément soit cliquable puis clique</doc>
<status status="PASS" start="2025-11-02T15:11:52.926661" elapsed="0.988402"/>
</kw>
<kw name="Verify Page Contains" owner="common_keywords">
<kw name="Wait Until Page Contains" owner="SeleniumLibrary">
<arg>${expected_text}</arg>
<arg>${TIMEOUT}</arg>
<doc>Waits until ``text`` appears on the current page.</doc>
<status status="PASS" start="2025-11-02T15:11:53.916019" elapsed="0.023784"/>
</kw>
<kw name="Page Should Contain" owner="SeleniumLibrary">
<msg time="2025-11-02T15:11:53.957163" level="INFO">Current page contains text 'Login to your account'.</msg>
<arg>${expected_text}</arg>
<doc>Verifies that current page contains ``text``.</doc>
<status status="PASS" start="2025-11-02T15:11:53.940011" elapsed="0.017276"/>
</kw>
<arg>Login to your account</arg>
<status status="PASS" start="2025-11-02T15:11:53.915437" elapsed="0.041958"/>
</kw>
<doc>Navigue vers la page d'inscription</doc>
<status status="PASS" start="2025-11-02T15:11:52.926268" elapsed="1.031194"/>
</kw>
<kw name="Fill Signup Form" owner="authentication_keywords">
<kw name="Wait And Input Text" owner="common_keywords">
<kw name="Wait Until Element Is Visible" owner="SeleniumLibrary">
<arg>${locator}</arg>
<arg>${timeout}</arg>
<doc>Waits until the element ``locator`` is visible.</doc>
<status status="PASS" start="2025-11-02T15:11:53.958546" elapsed="0.115131"/>
</kw>
<kw name="Input Text" owner="SeleniumLibrary">
<msg time="2025-11-02T15:11:54.074229" level="INFO">Typing text 'New Test User' into text field 'css:[data-qa='signup-name']'.</msg>
<arg>${locator}</arg>
<arg>${text}</arg>
<doc>Types the given ``text`` into the text field identified by ``locator``.</doc>
<status status="PASS" start="2025-11-02T15:11:54.073884" elapsed="0.105396"/>
</kw>
<arg>${SIGNUP_NAME_FIELD}</arg>
<arg>${name}</arg>
<status status="PASS" start="2025-11-02T15:11:53.958198" elapsed="0.221242"/>
</kw>
<kw name="Wait And Input Text" owner="common_keywords">
<kw name="Wait Until Element Is Visible" owner="SeleniumLibrary">
<arg>${locator}</arg>
<arg>${timeout}</arg>
<doc>Waits until the element ``locator`` is visible.</doc>
<status status="PASS" start="2025-11-02T15:11:54.180866" elapsed="0.034217"/>
</kw>
<kw name="Input Text" owner="SeleniumLibrary">
<msg time="2025-11-02T15:11:54.215607" level="INFO">Typing text 'newuser1762092712@example.com' into text field 'css:[data-qa='signup-email']'.</msg>
<arg>${locator}</arg>
<arg>${text}</arg>
<doc>Types the given ``text`` into the text field identified by ``locator``.</doc>
<status status="PASS" start="2025-11-02T15:11:54.215366" elapsed="0.132234"/>
</kw>
<arg>${SIGNUP_EMAIL_FIELD}</arg>
<arg>${email}</arg>
<status status="PASS" start="2025-11-02T15:11:54.179753" elapsed="0.168037"/>
</kw>
<kw name="Wait And Click" owner="common_keywords">
<kw name="Wait Until Element Is Visible" owner="SeleniumLibrary">
<arg>${locator}</arg>
<arg>${timeout}</arg>
<doc>Waits until the element ``locator`` is visible.</doc>
<status status="PASS" start="2025-11-02T15:11:54.348498" elapsed="0.021741"/>
</kw>
<kw name="Wait Until Element Is Enabled" owner="SeleniumLibrary">
<arg>${locator}</arg>
<arg>${timeout}</arg>
<doc>Waits until the element ``locator`` is enabled.</doc>
<status status="PASS" start="2025-11-02T15:11:54.370492" elapsed="0.016006"/>
</kw>
<kw name="Click Element" owner="SeleniumLibrary">
<msg time="2025-11-02T15:11:54.386915" level="INFO">Clicking element 'css:[data-qa='signup-button']'.</msg>
<arg>${locator}</arg>
<doc>Click the element identified by ``locator``.</doc>
<status status="PASS" start="2025-11-02T15:11:54.386680" elapsed="0.953086"/>
</kw>
<arg>${SIGNUP_BUTTON}</arg>
<doc>Attend que l'élément soit cliquable puis clique</doc>
<status status="PASS" start="2025-11-02T15:11:54.348080" elapsed="0.991858"/>
</kw>
<arg>${NEW_USER_NAME}</arg>
<arg>${unique_email}</arg>
<doc>Remplit le formulaire d'inscription</doc>
<status status="PASS" start="2025-11-02T15:11:53.957821" elapsed="1.382186"/>
</kw>
<kw name="Verify Signup Form Submitted" owner="authentication_keywords">
<kw name="Verify Page Contains" owner="common_keywords">
<kw name="Wait Until Page Contains" owner="SeleniumLibrary">
<arg>${expected_text}</arg>
<arg>${TIMEOUT}</arg>
<doc>Waits until ``text`` appears on the current page.</doc>
<status status="PASS" start="2025-11-02T15:11:55.341151" elapsed="0.033570"/>
</kw>
<kw name="Page Should Contain" owner="SeleniumLibrary">
<msg time="2025-11-02T15:11:55.383427" level="INFO">Current page contains text 'Enter Account Information'.</msg>
<arg>${expected_text}</arg>
<doc>Verifies that current page contains ``text``.</doc>
<status status="PASS" start="2025-11-02T15:11:55.374958" elapsed="0.008606"/>
</kw>
<arg>${SIGNUP_SUCCESS_MSG}</arg>
<status status="PASS" start="2025-11-02T15:11:55.340836" elapsed="0.042839"/>
</kw>
<doc>Vérifie que le formulaire d'inscription est soumis</doc>
<status status="PASS" start="2025-11-02T15:11:55.340501" elapsed="0.043246"/>
</kw>
<kw name="Run Keywords" owner="BuiltIn" type="TEARDOWN">
<kw name="Take Screenshot On Failure" owner="common_keywords">
<kw name="Run Keyword If Test Failed" owner="BuiltIn">
<arg>Capture Page Screenshot</arg>
<doc>Runs the given keyword with the given arguments, if the test failed.</doc>
<status status="PASS" start="2025-11-02T15:11:55.385477" elapsed="0.000099"/>
</kw>
<doc>Prend une capture en cas d'échec</doc>
<status status="PASS" start="2025-11-02T15:11:55.385189" elapsed="0.000461"/>
</kw>
<kw name="Close Browser Session" owner="common_keywords">
<kw name="Close Browser" owner="SeleniumLibrary">
<doc>Closes the current browser.</doc>
<status status="PASS" start="2025-11-02T15:11:55.386033" elapsed="2.216320"/>
</kw>
<doc>Ferme le navigateur</doc>
<status status="PASS" start="2025-11-02T15:11:55.385793" elapsed="2.217233"/>
</kw>
<arg>Take Screenshot On Failure</arg>
<arg>AND</arg>
<arg>Close Browser Session</arg>
<doc>Executes all the given keywords in a sequence.</doc>
<status status="PASS" start="2025-11-02T15:11:55.384766" elapsed="2.218595"/>
</kw>
<doc>Test d'inscription d'un nouvel utilisateur</doc>
<tag>registration</tag>
<tag>smoke</tag>
<status status="PASS" start="2025-11-02T15:11:48.326422" elapsed="9.277780"/>
</test>
<test id="s1-s1-s2-t2" name="Register With Existing Email" line="17">
<kw name="Open Browser To Home Page" owner="common_keywords" type="SETUP">
<kw name="Open Browser" owner="SeleniumLibrary">
<msg time="2025-11-02T15:11:57.613866" level="INFO">Opening browser 'chrome' to base url 'https://automationexercise.com'.</msg>
<arg>${BASE_URL}</arg>
<arg>${BROWSER}</arg>
<doc>Opens a new browser instance to the optional ``url``.</doc>
<status status="PASS" start="2025-11-02T15:11:57.612273" elapsed="4.324714"/>
</kw>
<kw name="Maximize Browser Window" owner="SeleniumLibrary">
<doc>Maximizes current browser window.</doc>
<status status="PASS" start="2025-11-02T15:12:01.937382" elapsed="0.105139"/>
</kw>
<kw name="Set Selenium Implicit Wait" owner="SeleniumLibrary">
<arg>${TIMEOUT}</arg>
<doc>Sets the implicit wait value used by Selenium.</doc>
<status status="PASS" start="2025-11-02T15:12:02.042951" elapsed="0.002209"/>
</kw>
<kw name="Wait Until Page Contains Element" owner="SeleniumLibrary">
<arg>${HEADER_LOGO}</arg>
<doc>Waits until the element ``locator`` appears on the current page.</doc>
<status status="PASS" start="2025-11-02T15:12:02.045593" elapsed="0.060640"/>
</kw>
<doc>Ouvre le navigateur sur la page d'accueil</doc>
<status status="PASS" start="2025-11-02T15:11:57.609275" elapsed="4.497174"/>
</kw>
<kw name="Go To Signup Page" owner="authentication_keywords">
<kw name="Wait And Click" owner="common_keywords">
<kw name="Wait Until Element Is Visible" owner="SeleniumLibrary">
<arg>${locator}</arg>
<arg>${timeout}</arg>
<doc>Waits until the element ``locator`` is visible.</doc>
<status status="PASS" start="2025-11-02T15:12:02.108710" elapsed="0.045035"/>
</kw>
<kw name="Wait Until Element Is Enabled" owner="SeleniumLibrary">
<arg>${locator}</arg>
<arg>${timeout}</arg>
<doc>Waits until the element ``locator`` is enabled.</doc>
<status status="PASS" start="2025-11-02T15:12:02.154090" elapsed="0.037750"/>
</kw>
<kw name="Click Element" owner="SeleniumLibrary">
<msg time="2025-11-02T15:12:02.192658" level="INFO">Clicking element 'css:[href='/login']'.</msg>
<arg>${locator}</arg>
<doc>Click the element identified by ``locator``.</doc>
<status status="PASS" start="2025-11-02T15:12:02.192145" elapsed="0.894278"/>
</kw>
<arg>${LOGIN_MENU}</arg>
<doc>Attend que l'élément soit cliquable puis clique</doc>
<status status="PASS" start="2025-11-02T15:12:02.108035" elapsed="0.978711"/>
</kw>
<kw name="Verify Page Contains" owner="common_keywords">
<kw name="Wait Until Page Contains" owner="SeleniumLibrary">
<arg>${expected_text}</arg>
<arg>${TIMEOUT}</arg>
<doc>Waits until ``text`` appears on the current page.</doc>
<status status="PASS" start="2025-11-02T15:12:03.087984" elapsed="0.033560"/>
</kw>
<kw name="Page Should Contain" owner="SeleniumLibrary">
<msg time="2025-11-02T15:12:03.134844" level="INFO">Current page contains text 'Login to your account'.</msg>
<arg>${expected_text}</arg>
<doc>Verifies that current page contains ``text``.</doc>
<status status="PASS" start="2025-11-02T15:12:03.121743" elapsed="0.013206"/>
</kw>
<arg>Login to your account</arg>
<status status="PASS" start="2025-11-02T15:12:03.087250" elapsed="0.047798"/>
</kw>
<doc>Navigue vers la page d'inscription</doc>
<status status="PASS" start="2025-11-02T15:12:02.107084" elapsed="1.028034"/>
</kw>
<kw name="Fill Signup Form" owner="authentication_keywords">
<kw name="Wait And Input Text" owner="common_keywords">
<kw name="Wait Until Element Is Visible" owner="SeleniumLibrary">
<arg>${locator}</arg>
<arg>${timeout}</arg>
<doc>Waits until the element ``locator`` is visible.</doc>
<status status="PASS" start="2025-11-02T15:12:03.136303" elapsed="0.114516"/>
</kw>
<kw name="Input Text" owner="SeleniumLibrary">
<msg time="2025-11-02T15:12:03.251298" level="INFO">Typing text 'New Test User' into text field 'css:[data-qa='signup-name']'.</msg>
<arg>${locator}</arg>
<arg>${text}</arg>
<doc>Types the given ``text`` into the text field identified by ``locator``.</doc>
<status status="PASS" start="2025-11-02T15:12:03.251014" elapsed="0.117480"/>
</kw>
<arg>${SIGNUP_NAME_FIELD}</arg>
<arg>${name}</arg>
<status status="PASS" start="2025-11-02T15:12:03.135941" elapsed="0.232849"/>
</kw>
<kw name="Wait And Input Text" owner="common_keywords">
<kw name="Wait Until Element Is Visible" owner="SeleniumLibrary">
<arg>${locator}</arg>
<arg>${timeout}</arg>
<doc>Waits until the element ``locator`` is visible.</doc>
<status status="PASS" start="2025-11-02T15:12:03.371234" elapsed="0.029796"/>
</kw>
<kw name="Input Text" owner="SeleniumLibrary">
<msg time="2025-11-02T15:12:03.401493" level="INFO">Typing text 'abdolaaziri@example.com' into text field 'css:[data-qa='signup-email']'.</msg>
<arg>${locator}</arg>
<arg>${text}</arg>
<doc>Types the given ``text`` into the text field identified by ``locator``.</doc>
<status status="PASS" start="2025-11-02T15:12:03.401232" elapsed="0.103740"/>
</kw>
<arg>${SIGNUP_EMAIL_FIELD}</arg>
<arg>${email}</arg>
<status status="PASS" start="2025-11-02T15:12:03.369183" elapsed="0.135920"/>
</kw>
<kw name="Wait And Click" owner="common_keywords">
<kw name="Wait Until Element Is Visible" owner="SeleniumLibrary">
<arg>${locator}</arg>
<arg>${timeout}</arg>
<doc>Waits until the element ``locator`` is visible.</doc>
<status status="PASS" start="2025-11-02T15:12:03.505862" elapsed="0.014925"/>
</kw>
<kw name="Wait Until Element Is Enabled" owner="SeleniumLibrary">
<arg>${locator}</arg>
<arg>${timeout}</arg>
<doc>Waits until the element ``locator`` is enabled.</doc>
<status status="PASS" start="2025-11-02T15:12:03.520975" elapsed="0.014095"/>
</kw>
<kw name="Click Element" owner="SeleniumLibrary">
<msg time="2025-11-02T15:12:03.535469" level="INFO">Clicking element 'css:[data-qa='signup-button']'.</msg>
<arg>${locator}</arg>
<doc>Click the element identified by ``locator``.</doc>
<status status="PASS" start="2025-11-02T15:12:03.535259" elapsed="0.917709"/>
</kw>
<arg>${SIGNUP_BUTTON}</arg>
<doc>Attend que l'élément soit cliquable puis clique</doc>
<status status="PASS" start="2025-11-02T15:12:03.505405" elapsed="0.947844"/>
</kw>
<arg>${NEW_USER_NAME}</arg>
<arg>${VALID_EMAIL}</arg>
<doc>Remplit le formulaire d'inscription</doc>
<status status="PASS" start="2025-11-02T15:12:03.135549" elapsed="1.317878"/>
</kw>
<kw name="Verify Page Contains" owner="common_keywords">
<kw name="Wait Until Page Contains" owner="SeleniumLibrary">
<arg>${expected_text}</arg>
<arg>${TIMEOUT}</arg>
<doc>Waits until ``text`` appears on the current page.</doc>
<status status="PASS" start="2025-11-02T15:12:04.454776" elapsed="0.017604"/>
</kw>
<kw name="Page Should Contain" owner="SeleniumLibrary">
<msg time="2025-11-02T15:12:04.485070" level="INFO">Current page contains text 'Email Address already exist!'.</msg>
<arg>${expected_text}</arg>
<doc>Verifies that current page contains ``text``.</doc>
<status status="PASS" start="2025-11-02T15:12:04.472635" elapsed="0.012529"/>
</kw>
<arg>Email Address already exist!</arg>
<status status="PASS" start="2025-11-02T15:12:04.454106" elapsed="0.031175"/>
</kw>
<kw name="Run Keywords" owner="BuiltIn" type="TEARDOWN">
<kw name="Take Screenshot On Failure" owner="common_keywords">
<kw name="Run Keyword If Test Failed" owner="BuiltIn">
<arg>Capture Page Screenshot</arg>
<doc>Runs the given keyword with the given arguments, if the test failed.</doc>
<status status="PASS" start="2025-11-02T15:12:04.486521" elapsed="0.000145"/>
</kw>
<doc>Prend une capture en cas d'échec</doc>
<status status="PASS" start="2025-11-02T15:12:04.486132" elapsed="0.000642"/>
</kw>
<kw name="Close Browser Session" owner="common_keywords">
<kw name="Close Browser" owner="SeleniumLibrary">
<doc>Closes the current browser.</doc>
<status status="PASS" start="2025-11-02T15:12:04.487349" elapsed="2.210995"/>
</kw>
<doc>Ferme le navigateur</doc>
<status status="PASS" start="2025-11-02T15:12:04.486987" elapsed="2.212039"/>
</kw>
<arg>Take Screenshot On Failure</arg>
<arg>AND</arg>
<arg>Close Browser Session</arg>
<doc>Executes all the given keywords in a sequence.</doc>
<status status="PASS" start="2025-11-02T15:12:04.485783" elapsed="2.213729"/>
</kw>
<doc>Test d'inscription avec email existant</doc>
<tag>negative</tag>
<tag>registration</tag>
<status status="PASS" start="2025-11-02T15:11:57.606810" elapsed="9.093751"/>
</test>
<status status="PASS" start="2025-11-02T15:11:48.317074" elapsed="18.386683"/>
</suite>
<status status="FAIL" start="2025-11-02T15:09:28.074399" elapsed="158.633440"/>
</suite>
<suite id="s1-s2" name="Products" source="C:\Users\dell\Desktop\test qa\RobotFramwork\TestVf\tests\products">
<suite id="s1-s2-s1" name="Cart Tests" source="C:\Users\dell\Desktop\test qa\RobotFramwork\TestVf\tests\products\cart_tests.robot">
<test id="s1-s2-s1-t1" name="Add Product To Cart" line="10">
<kw name="Open Browser To Home Page" owner="common_keywords" type="SETUP">
<kw name="Open Browser" owner="SeleniumLibrary">
<msg time="2025-11-02T15:12:06.758625" level="INFO">Opening browser 'chrome' to base url 'https://automationexercise.com'.</msg>
<arg>${BASE_URL}</arg>
<arg>${BROWSER}</arg>
<doc>Opens a new browser instance to the optional ``url``.</doc>
<status status="PASS" start="2025-11-02T15:12:06.757869" elapsed="3.707020"/>
</kw>
<kw name="Maximize Browser Window" owner="SeleniumLibrary">
<doc>Maximizes current browser window.</doc>
<status status="PASS" start="2025-11-02T15:12:10.465115" elapsed="0.046021"/>
</kw>
<kw name="Set Selenium Implicit Wait" owner="SeleniumLibrary">
<arg>${TIMEOUT}</arg>
<doc>Sets the implicit wait value used by Selenium.</doc>
<status status="PASS" start="2025-11-02T15:12:10.511450" elapsed="0.001522"/>
</kw>
<kw name="Wait Until Page Contains Element" owner="SeleniumLibrary">
<arg>${HEADER_LOGO}</arg>
<doc>Waits until the element ``locator`` appears on the current page.</doc>
<status status="PASS" start="2025-11-02T15:12:10.513219" elapsed="0.022793"/>
</kw>
<doc>Ouvre le navigateur sur la page d'accueil</doc>
<status status="PASS" start="2025-11-02T15:12:06.757420" elapsed="3.778745"/>
</kw>
<kw name="Add Product To Cart From Homepage" owner="product_keywords">
<kw name="Mouse Over" owner="SeleniumLibrary">
<msg time="2025-11-02T15:12:10.537765" level="INFO">Simulating Mouse Over on element 'xpath://p[contains(text(), 'Blue Top')]/..'.</msg>
<arg>xpath://p[contains(text(), '${product_name}')]/..</arg>
<doc>Simulates hovering the mouse over the element ``locator``.</doc>
<status status="PASS" start="2025-11-02T15:12:10.537369" elapsed="0.305029"/>
</kw>
<kw name="Wait And Click" owner="common_keywords">
<kw name="Wait Until Element Is Visible" owner="SeleniumLibrary">
<arg>${locator}</arg>
<arg>${timeout}</arg>
<doc>Waits until the element ``locator`` is visible.</doc>
<status status="PASS" start="2025-11-02T15:12:10.843817" elapsed="0.025964"/>
</kw>
<kw name="Wait Until Element Is Enabled" owner="SeleniumLibrary">
<arg>${locator}</arg>
<arg>${timeout}</arg>
<doc>Waits until the element ``locator`` is enabled.</doc>
<status status="PASS" start="2025-11-02T15:12:10.870071" elapsed="0.056145"/>
</kw>
<kw name="Click Element" owner="SeleniumLibrary">
<msg time="2025-11-02T15:12:10.927018" level="INFO">Clicking element 'xpath://p[contains(text(), 'Blue Top')]/..//a[contains(@class, 'add-to-cart')]'.</msg>
<msg time="2025-11-02T15:12:12.279482" level="INFO" html="true">&lt;/td&gt;&lt;/tr&gt;&lt;tr&gt;&lt;td colspan="3"&gt;&lt;a href="selenium-screenshot-7.png"&gt;&lt;img src="selenium-screenshot-7.png" width="800px"&gt;&lt;/a&gt;</msg>
<msg time="2025-11-02T15:12:12.280166" level="FAIL">ElementClickInterceptedException: Message: element click intercepted: Element &lt;a data-product-id="1" class="btn btn-default add-to-cart"&gt;...&lt;/a&gt; is not clickable at point (626, 662). Other element would receive the click: &lt;a data-product-id="1" class="btn btn-default add-to-cart"&gt;...&lt;/a&gt;
  (Session info: chrome=141.0.7390.123); For documentation on this error, please visit: https://www.selenium.dev/documentation/webdriver/troubleshooting/errors#elementclickinterceptedexception
Stacktrace:
	GetHandleVerifier [0x0x7ff626aee8e5+80021]
	GetHandleVerifier [0x0x7ff626aee940+80112]
	(No symbol) [0x0x7ff62687060f]
	(No symbol) [0x0x7ff6268d0a39]
	(No symbol) [0x0x7ff6268ce3be]
	(No symbol) [0x0x7ff6268cb2e1]
	(No symbol) [0x0x7ff6268ca1a0]
	(No symbol) [0x0x7ff6268bb7c8]
	(No symbol) [0x0x7ff6268f122a]
	(No symbol) [0x0x7ff6268bb056]
	(No symbol) [0x0x7ff6268f1440]
	(No symbol) [0x0x7ff62691968a]
	(No symbol) [0x0x7ff6268f1003]
	(No symbol) [0x0x7ff6268b95d1]
	(No symbol) [0x0x7ff6268ba3f3]
	GetHandleVerifier [0x0x7ff626dadc7d+2960429]
	GetHandleVerifier [0x0x7ff626da7f3a+2936554]
	GetHandleVerifier [0x0x7ff626dc8977+3070247]
	GetHandleVerifier [0x0x7ff626b083ce+185214]
	GetHandleVerifier [0x0x7ff626b0fe1f+216527]
	GetHandleVerifier [0x0x7ff626af7b24+117460]
	GetHandleVerifier [0x0x7ff626af7cdf+117903]
	GetHandleVerifier [0x0x7ff626addbb8+11112]
	BaseThreadInitThunk [0x0x7ffed680e8d7+23]
	RtlUserThreadStart [0x0x7ffed88ec53c+44]
</msg>
<arg>${locator}</arg>
<doc>Click the element identified by ``locator``.</doc>
<status status="FAIL" start="2025-11-02T15:12:10.926627" elapsed="1.354859">ElementClickInterceptedException: Message: element click intercepted: Element &lt;a data-product-id="1" class="btn btn-default add-to-cart"&gt;...&lt;/a&gt; is not clickable at point (626, 662). Other element would receive the click: &lt;a data-product-id="1" class="btn btn-default add-to-cart"&gt;...&lt;/a&gt;
  (Session info: chrome=141.0.7390.123); For documentation on this error, please visit: https://www.selenium.dev/documentation/webdriver/troubleshooting/errors#elementclickinterceptedexception
Stacktrace:
	GetHandleVerifier [0x0x7ff626aee8e5+80021]
	GetHandleVerifier [0x0x7ff626aee940+80112]
	(No symbol) [0x0x7ff62687060f]
	(No symbol) [0x0x7ff6268d0a39]
	(No symbol) [0x0x7ff6268ce3be]
	(No symbol) [0x0x7ff6268cb2e1]
	(No symbol) [0x0x7ff6268ca1a0]
	(No symbol) [0x0x7ff6268bb7c8]
	(No symbol) [0x0x7ff6268f122a]
	(No symbol) [0x0x7ff6268bb056]
	(No symbol) [0x0x7ff6268f1440]
	(No symbol) [0x0x7ff62691968a]
	(No symbol) [0x0x7ff6268f1003]
	(No symbol) [0x0x7ff6268b95d1]
	(No symbol) [0x0x7ff6268ba3f3]
	GetHandleVerifier [0x0x7ff626dadc7d+2960429]
	GetHandleVerifier [0x0x7ff626da7f3a+2936554]
	GetHandleVerifier [0x0x7ff626dc8977+3070247]
	GetHandleVerifier [0x0x7ff626b083ce+185214]
	GetHandleVerifier [0x0x7ff626b0fe1f+216527]
	GetHandleVerifier [0x0x7ff626af7b24+117460]
	GetHandleVerifier [0x0x7ff626af7cdf+117903]
	GetHandleVerifier [0x0x7ff626addbb8+11112]
	BaseThreadInitThunk [0x0x7ffed680e8d7+23]
	RtlUserThreadStart [0x0x7ffed88ec53c+44]
</status>
</kw>
<arg>xpath://p[contains(text(), '${product_name}')]/..//a[contains(@class, 'add-to-cart')]</arg>
<doc>Attend que l'élément soit cliquable puis clique</doc>
<status status="FAIL" start="2025-11-02T15:12:10.843062" elapsed="1.438634">ElementClickInterceptedException: Message: element click intercepted: Element &lt;a data-product-id="1" class="btn btn-default add-to-cart"&gt;...&lt;/a&gt; is not clickable at point (626, 662). Other element would receive the click: &lt;a data-product-id="1" class="btn btn-default add-to-cart"&gt;...&lt;/a&gt;
  (Session info: chrome=141.0.7390.123); For documentation on this error, please visit: https://www.selenium.dev/documentation/webdriver/troubleshooting/errors#elementclickinterceptedexception
Stacktrace:
	GetHandleVerifier [0x0x7ff626aee8e5+80021]
	GetHandleVerifier [0x0x7ff626aee940+80112]
	(No symbol) [0x0x7ff62687060f]
	(No symbol) [0x0x7ff6268d0a39]
	(No symbol) [0x0x7ff6268ce3be]
	(No symbol) [0x0x7ff6268cb2e1]
	(No symbol) [0x0x7ff6268ca1a0]
	(No symbol) [0x0x7ff6268bb7c8]
	(No symbol) [0x0x7ff6268f122a]
	(No symbol) [0x0x7ff6268bb056]
	(No symbol) [0x0x7ff6268f1440]
	(No symbol) [0x0x7ff62691968a]
	(No symbol) [0x0x7ff6268f1003]
	(No symbol) [0x0x7ff6268b95d1]
	(No symbol) [0x0x7ff6268ba3f3]
	GetHandleVerifier [0x0x7ff626dadc7d+2960429]
	GetHandleVerifier [0x0x7ff626da7f3a+2936554]
	GetHandleVerifier [0x0x7ff626dc8977+3070247]
	GetHandleVerifier [0x0x7ff626b083ce+185214]
	GetHandleVerifier [0x0x7ff626b0fe1f+216527]
	GetHandleVerifier [0x0x7ff626af7b24+117460]
	GetHandleVerifier [0x0x7ff626af7cdf+117903]
	GetHandleVerifier [0x0x7ff626addbb8+11112]
	BaseThreadInitThunk [0x0x7ffed680e8d7+23]
	RtlUserThreadStart [0x0x7ffed88ec53c+44]
</status>
</kw>
<kw name="Wait Until Page Contains" owner="SeleniumLibrary">
<arg>${PRODUCT_ADDED_MSG}</arg>
<doc>Waits until ``text`` appears on the current page.</doc>
<status status="NOT RUN" start="2025-11-02T15:12:12.281932" elapsed="0.000038"/>
</kw>
<arg>${PRODUCT_1}</arg>
<doc>Ajoute un produit spécifique au panier depuis l'accueil</doc>
<status status="FAIL" start="2025-11-02T15:12:10.536880" elapsed="1.745202">ElementClickInterceptedException: Message: element click intercepted: Element &lt;a data-product-id="1" class="btn btn-default add-to-cart"&gt;...&lt;/a&gt; is not clickable at point (626, 662). Other element would receive the click: &lt;a data-product-id="1" class="btn btn-default add-to-cart"&gt;...&lt;/a&gt;
  (Session info: chrome=141.0.7390.123); For documentation on this error, please visit: https://www.selenium.dev/documentation/webdriver/troubleshooting/errors#elementclickinterceptedexception
Stacktrace:
	GetHandleVerifier [0x0x7ff626aee8e5+80021]
	GetHandleVerifier [0x0x7ff626aee940+80112]
	(No symbol) [0x0x7ff62687060f]
	(No symbol) [0x0x7ff6268d0a39]
	(No symbol) [0x0x7ff6268ce3be]
	(No symbol) [0x0x7ff6268cb2e1]
	(No symbol) [0x0x7ff6268ca1a0]
	(No symbol) [0x0x7ff6268bb7c8]
	(No symbol) [0x0x7ff6268f122a]
	(No symbol) [0x0x7ff6268bb056]
	(No symbol) [0x0x7ff6268f1440]
	(No symbol) [0x0x7ff62691968a]
	(No symbol) [0x0x7ff6268f1003]
	(No symbol) [0x0x7ff6268b95d1]
	(No symbol) [0x0x7ff6268ba3f3]
	GetHandleVerifier [0x0x7ff626dadc7d+2960429]
	GetHandleVerifier [0x0x7ff626da7f3a+2936554]
	GetHandleVerifier [0x0x7ff626dc8977+3070247]
	GetHandleVerifier [0x0x7ff626b083ce+185214]
	GetHandleVerifier [0x0x7ff626b0fe1f+216527]
	GetHandleVerifier [0x0x7ff626af7b24+117460]
	GetHandleVerifier [0x0x7ff626af7cdf+117903]
	GetHandleVerifier [0x0x7ff626addbb8+11112]
	BaseThreadInitThunk [0x0x7ffed680e8d7+23]
	RtlUserThreadStart [0x0x7ffed88ec53c+44]
</status>
</kw>
<kw name="Continue Shopping" owner="product_keywords">
<doc>Continue les achats après ajout au panier</doc>
<status status="NOT RUN" start="2025-11-02T15:12:12.282476" elapsed="0.000040"/>
</kw>
<kw name="Run Keywords" owner="BuiltIn" type="TEARDOWN">
<kw name="Take Screenshot On Failure" owner="common_keywords">
<kw name="Run Keyword If Test Failed" owner="BuiltIn">
<kw name="Capture Page Screenshot" owner="SeleniumLibrary">
<msg time="2025-11-02T15:12:12.563079" level="INFO" html="true">&lt;/td&gt;&lt;/tr&gt;&lt;tr&gt;&lt;td colspan="3"&gt;&lt;a href="selenium-screenshot-8.png"&gt;&lt;img src="selenium-screenshot-8.png" width="800px"&gt;&lt;/a&gt;</msg>
<doc>Takes a screenshot of the current page and embeds it into a log file.</doc>
<status status="PASS" start="2025-11-02T15:12:12.283514" elapsed="0.279720"/>
</kw>
<arg>Capture Page Screenshot</arg>
<doc>Runs the given keyword with the given arguments, if the test failed.</doc>
<status status="PASS" start="2025-11-02T15:12:12.283359" elapsed="0.279991"/>
</kw>
<doc>Prend une capture en cas d'échec</doc>
<status status="PASS" start="2025-11-02T15:12:12.283114" elapsed="0.280345"/>
</kw>
<kw name="Close Browser Session" owner="common_keywords">
<kw name="Close Browser" owner="SeleniumLibrary">
<doc>Closes the current browser.</doc>
<status status="PASS" start="2025-11-02T15:12:12.563981" elapsed="2.239613"/>
</kw>
<doc>Ferme le navigateur</doc>
<status status="PASS" start="2025-11-02T15:12:12.563704" elapsed="2.240403"/>
</kw>
<arg>Take Screenshot On Failure</arg>
<arg>AND</arg>
<arg>Close Browser Session</arg>
<doc>Executes all the given keywords in a sequence.</doc>
<status status="PASS" start="2025-11-02T15:12:12.282913" elapsed="2.521474"/>
</kw>
<doc>Ajout d'un produit au panier depuis la page d'accueil</doc>
<tag>cart</tag>
<tag>smoke</tag>
<status status="FAIL" start="2025-11-02T15:12:06.756656" elapsed="8.048291">ElementClickInterceptedException: Message: element click intercepted: Element &lt;a data-product-id="1" class="btn btn-default add-to-cart"&gt;...&lt;/a&gt; is not clickable at point (626, 662). Other element would receive the click: &lt;a data-product-id="1" class="btn btn-default add-to-cart"&gt;...&lt;/a&gt;
  (Session info: chrome=141.0.7390.123); For documentation on this error, please visit: https://www.selenium.dev/documentation/webdriver/troubleshooting/errors#elementclickinterceptedexception
Stacktrace:
	GetHandleVerifier [0x0x7ff626aee8e5+80021]
	GetHandleVerifier [0x0x7ff626aee940+80112]
	(No symbol) [0x0x7ff62687060f]
	(No symbol) [0x0x7ff6268d0a39]
	(No symbol) [0x0x7ff6268ce3be]
	(No symbol) [0x0x7ff6268cb2e1]
	(No symbol) [0x0x7ff6268ca1a0]
	(No symbol) [0x0x7ff6268bb7c8]
	(No symbol) [0x0x7ff6268f122a]
	(No symbol) [0x0x7ff6268bb056]
	(No symbol) [0x0x7ff6268f1440]
	(No symbol) [0x0x7ff62691968a]
	(No symbol) [0x0x7ff6268f1003]
	(No symbol) [0x0x7ff6268b95d1]
	(No symbol) [0x0x7ff6268ba3f3]
	GetHandleVerifier [0x0x7ff626dadc7d+2960429]
	GetHandleVerifier [0x0x7ff626da7f3a+2936554]
	GetHandleVerifier [0x0x7ff626dc8977+3070247]
	GetHandleVerifier [0x0x7ff626b083ce+185214]
	GetHandleVerifier [0x0x7ff626b0fe1f+216527]
	GetHandleVerifier [0x0x7ff626af7b24+117460]
	GetHandleVerifier [0x0x7ff626af7cdf+117903]
	GetHandleVerifier [0x0x7ff626addbb8+11112]
	BaseThreadInitThunk [0x0x7ffed680e8d7+23]
	RtlUserThreadStart [0x0x7ffed88ec53c+44]
</status>
</test>
<test id="s1-s2-s1-t2" name="Verify Product In Cart" line="16">
<kw name="Open Browser To Home Page" owner="common_keywords" type="SETUP">
<kw name="Open Browser" owner="SeleniumLibrary">
<msg time="2025-11-02T15:12:14.808877" level="INFO">Opening browser 'chrome' to base url 'https://automationexercise.com'.</msg>
<arg>${BASE_URL}</arg>
<arg>${BROWSER}</arg>
<doc>Opens a new browser instance to the optional ``url``.</doc>
<status status="PASS" start="2025-11-02T15:12:14.808295" elapsed="4.635264"/>
</kw>
<kw name="Maximize Browser Window" owner="SeleniumLibrary">
<doc>Maximizes current browser window.</doc>
<status status="PASS" start="2025-11-02T15:12:19.444065" elapsed="0.066830"/>
</kw>
<kw name="Set Selenium Implicit Wait" owner="SeleniumLibrary">
<arg>${TIMEOUT}</arg>
<doc>Sets the implicit wait value used by Selenium.</doc>
<status status="PASS" start="2025-11-02T15:12:19.511287" elapsed="0.004320"/>
</kw>
<kw name="Wait Until Page Contains Element" owner="SeleniumLibrary">
<arg>${HEADER_LOGO}</arg>
<doc>Waits until the element ``locator`` appears on the current page.</doc>
<status status="PASS" start="2025-11-02T15:12:19.516136" elapsed="0.047111"/>
</kw>
<doc>Ouvre le navigateur sur la page d'accueil</doc>
<status status="PASS" start="2025-11-02T15:12:14.807629" elapsed="4.756038"/>
</kw>
<kw name="Add Product To Cart From Homepage" owner="product_keywords">
<kw name="Mouse Over" owner="SeleniumLibrary">
<msg time="2025-11-02T15:12:19.566508" level="INFO">Simulating Mouse Over on element 'xpath://p[contains(text(), 'Blue Top')]/..'.</msg>
<arg>xpath://p[contains(text(), '${product_name}')]/..</arg>
<doc>Simulates hovering the mouse over the element ``locator``.</doc>
<status status="PASS" start="2025-11-02T15:12:19.566074" elapsed="0.318016"/>
</kw>
<kw name="Wait And Click" owner="common_keywords">
<kw name="Wait Until Element Is Visible" owner="SeleniumLibrary">
<arg>${locator}</arg>
<arg>${timeout}</arg>
<doc>Waits until the element ``locator`` is visible.</doc>
<status status="PASS" start="2025-11-02T15:12:19.885003" elapsed="0.033208"/>
</kw>
<kw name="Wait Until Element Is Enabled" owner="SeleniumLibrary">
<arg>${locator}</arg>
<arg>${timeout}</arg>
<doc>Waits until the element ``locator`` is enabled.</doc>
<status status="PASS" start="2025-11-02T15:12:19.918550" elapsed="0.042690"/>
</kw>
<kw name="Click Element" owner="SeleniumLibrary">
<msg time="2025-11-02T15:12:19.961833" level="INFO">Clicking element 'xpath://p[contains(text(), 'Blue Top')]/..//a[contains(@class, 'add-to-cart')]'.</msg>
<msg time="2025-11-02T15:12:21.327005" level="INFO" html="true">&lt;/td&gt;&lt;/tr&gt;&lt;tr&gt;&lt;td colspan="3"&gt;&lt;a href="selenium-screenshot-9.png"&gt;&lt;img src="selenium-screenshot-9.png" width="800px"&gt;&lt;/a&gt;</msg>
<msg time="2025-11-02T15:12:21.327337" level="FAIL">ElementClickInterceptedException: Message: element click intercepted: Element &lt;a data-product-id="1" class="btn btn-default add-to-cart"&gt;...&lt;/a&gt; is not clickable at point (626, 662). Other element would receive the click: &lt;iframe id="aswift_4" name="aswift_4" browsingtopics="true" style="min-height: auto; max-height: none; min-width: auto; max-width: none; width: 320px !important; height: 50px !important; display: block; margin: 0px auto;" sandbox="allow-forms allow-popups allow-popups-to-escape-sandbox allow-same-origin allow-scripts allow-top-navigation-by-user-activation" width="320" height="50" frameborder="0" marginwidth="0" marginheight="0" vspace="0" hspace="0" allowtransparency="true" scrolling="no" allow="attribution-reporting; run-ad-auction" src="https://googleads.g.doubleclick.net/pagead/html/r20251029/r20190131/zrt_lookup_fy2021.html#RS-0-&amp;amp;adk=1812271801&amp;amp;client=ca-pub-1677597403311019&amp;amp;fa=1&amp;amp;ifi=5&amp;amp;uci=a!5&amp;amp;btvi=2" data-google-container-id="a!5" tabindex="0" title="Advertisement" aria-label="Advertisement" data-google-query-id="CPuSvv3S05ADFdxBpAQd8hgj8Q" data-load-complete="true"&gt;&lt;/iframe&gt;
  (Session info: chrome=141.0.7390.123); For documentation on this error, please visit: https://www.selenium.dev/documentation/webdriver/troubleshooting/errors#elementclickinterceptedexception
Stacktrace:
	GetHandleVerifier [0x0x7ff626aee8e5+80021]
	GetHandleVerifier [0x0x7ff626aee940+80112]
	(No symbol) [0x0x7ff62687060f]
	(No symbol) [0x0x7ff6268d0a39]
	(No symbol) [0x0x7ff6268ce3be]
	(No symbol) [0x0x7ff6268cb2e1]
	(No symbol) [0x0x7ff6268ca1a0]
	(No symbol) [0x0x7ff6268bb7c8]
	(No symbol) [0x0x7ff6268f122a]
	(No symbol) [0x0x7ff6268bb056]
	(No symbol) [0x0x7ff6268f1440]
	(No symbol) [0x0x7ff62691968a]
	(No symbol) [0x0x7ff6268f1003]
	(No symbol) [0x0x7ff6268b95d1]
	(No symbol) [0x0x7ff6268ba3f3]
	GetHandleVerifier [0x0x7ff626dadc7d+2960429]
	GetHandleVerifier [0x0x7ff626da7f3a+2936554]
	GetHandleVerifier [0x0x7ff626dc8977+3070247]
	GetHandleVerifier [0x0x7ff626b083ce+185214]
	GetHandleVerifier [0x0x7ff626b0fe1f+216527]
	GetHandleVerifier [0x0x7ff626af7b24+117460]
	GetHandleVerifier [0x0x7ff626af7cdf+117903]
	GetHandleVerifier [0x0x7ff626addbb8+11112]
	BaseThreadInitThunk [0x0x7ffed680e8d7+23]
	RtlUserThreadStart [0x0x7ffed88ec53c+44]
</msg>
<arg>${locator}</arg>
<doc>Click the element identified by ``locator``.</doc>
<status status="FAIL" start="2025-11-02T15:12:19.961517" elapsed="1.368030">ElementClickInterceptedException: Message: element click intercepted: Element &lt;a data-product-id="1" class="btn btn-default add-to-cart"&gt;...&lt;/a&gt; is not clickable at point (626, 662). Other element would receive the click: &lt;iframe id="aswift_4" name="aswift_4" browsingtopics="true" style="min-height: auto; max-height: none; min-width: auto; max-width: none; width: 320px !important; height: 50px !important; display: block; margin: 0px auto;" sandbox="allow-forms allow-popups allow-popups-to-escape-sandbox allow-same-origin allow-scripts allow-top-navigation-by-user-activation" width="320" height="50" frameborder="0" marginwidth="0" marginheight="0" vspace="0" hspace="0" allowtransparency="true" scrolling="no" allow="attribution-reporting; run-ad-auction" src="https://googleads.g.doubleclick.net/pagead/html/r20251029/r20190131/zrt_lookup_fy2021.html#RS-0-&amp;amp;adk=1812271801&amp;amp;client=ca-pub-1677597403311019&amp;amp;fa=1&amp;amp;ifi=5&amp;amp;uci=a!5&amp;amp;btvi=2" data-google-container-id="a!5" tabindex="0" title="Advertisement" aria-label="Advertisement" data-google-query-id="CPuSvv3S05ADFdxBpAQd8hgj8Q" data-load-complete="true"&gt;&lt;/iframe&gt;
  (Session info: chrome=141.0.7390.123); For documentation on this error, please visit: https://www.selenium.dev/documentation/webdriver/troubleshooting/errors#elementclickinterceptedexception
Stacktrace:
	GetHandleVerifier [0x0x7ff626aee8e5+80021]
    [ Message content over the limit has been removed. ]
	(No symbol) [0x0x7ff6268cb2e1]
	(No symbol) [0x0x7ff6268ca1a0]
	(No symbol) [0x0x7ff6268bb7c8]
	(No symbol) [0x0x7ff6268f122a]
	(No symbol) [0x0x7ff6268bb056]
	(No symbol) [0x0x7ff6268f1440]
	(No symbol) [0x0x7ff62691968a]
	(No symbol) [0x0x7ff6268f1003]
	(No symbol) [0x0x7ff6268b95d1]
	(No symbol) [0x0x7ff6268ba3f3]
	GetHandleVerifier [0x0x7ff626dadc7d+2960429]
	GetHandleVerifier [0x0x7ff626da7f3a+2936554]
	GetHandleVerifier [0x0x7ff626dc8977+3070247]
	GetHandleVerifier [0x0x7ff626b083ce+185214]
	GetHandleVerifier [0x0x7ff626b0fe1f+216527]
	GetHandleVerifier [0x0x7ff626af7b24+117460]
	GetHandleVerifier [0x0x7ff626af7cdf+117903]
	GetHandleVerifier [0x0x7ff626addbb8+11112]
	BaseThreadInitThunk [0x0x7ffed680e8d7+23]
	RtlUserThreadStart [0x0x7ffed88ec53c+44]</status>
</kw>
<arg>xpath://p[contains(text(), '${product_name}')]/..//a[contains(@class, 'add-to-cart')]</arg>
<doc>Attend que l'élément soit cliquable puis clique</doc>
<status status="FAIL" start="2025-11-02T15:12:19.884444" elapsed="1.445348">ElementClickInterceptedException: Message: element click intercepted: Element &lt;a data-product-id="1" class="btn btn-default add-to-cart"&gt;...&lt;/a&gt; is not clickable at point (626, 662). Other element would receive the click: &lt;iframe id="aswift_4" name="aswift_4" browsingtopics="true" style="min-height: auto; max-height: none; min-width: auto; max-width: none; width: 320px !important; height: 50px !important; display: block; margin: 0px auto;" sandbox="allow-forms allow-popups allow-popups-to-escape-sandbox allow-same-origin allow-scripts allow-top-navigation-by-user-activation" width="320" height="50" frameborder="0" marginwidth="0" marginheight="0" vspace="0" hspace="0" allowtransparency="true" scrolling="no" allow="attribution-reporting; run-ad-auction" src="https://googleads.g.doubleclick.net/pagead/html/r20251029/r20190131/zrt_lookup_fy2021.html#RS-0-&amp;amp;adk=1812271801&amp;amp;client=ca-pub-1677597403311019&amp;amp;fa=1&amp;amp;ifi=5&amp;amp;uci=a!5&amp;amp;btvi=2" data-google-container-id="a!5" tabindex="0" title="Advertisement" aria-label="Advertisement" data-google-query-id="CPuSvv3S05ADFdxBpAQd8hgj8Q" data-load-complete="true"&gt;&lt;/iframe&gt;
  (Session info: chrome=141.0.7390.123); For documentation on this error, please visit: https://www.selenium.dev/documentation/webdriver/troubleshooting/errors#elementclickinterceptedexception
Stacktrace:
[...]
<kw name="Wait And Input Text" owner="common_keywords">
<kw name="Wait Until Element Is Visible" owner="SeleniumLibrary">
<arg>${locator}</arg>
<arg>${timeout}</arg>
<doc>Waits until the element ``locator`` is visible.</doc>
<status status="PASS" start="2025-11-02T15:14:38.204951" elapsed="0.016387"/>
</kw>
<kw name="Input Text" owner="SeleniumLibrary">
<msg time="2025-11-02T15:14:38.222056" level="INFO">Typing text 'abdolaaziri@example.com' into text field 'css:[data-qa='login-email']'.</msg>
<arg>${locator}</arg>
<arg>${text}</arg>
<doc>Types the given ``text`` into the text field identified by ``locator``.</doc>
<status status="PASS" start="2025-11-02T15:14:38.221646" elapsed="0.205685"/>
</kw>
<arg>${LOGIN_EMAIL_FIELD}</arg>
<arg>${email}</arg>
<status status="PASS" start="2025-11-02T15:14:38.204641" elapsed="0.222905"/>
</kw>
<kw name="Wait And Input Text" owner="common_keywords">
<kw name="Wait Until Element Is Visible" owner="SeleniumLibrary">
<arg>${locator}</arg>
<arg>${timeout}</arg>
<doc>Waits until the element ``locator`` is visible.</doc>
<status status="PASS" start="2025-11-02T15:14:38.429551" elapsed="0.019472"/>
</kw>
<kw name="Input Text" owner="SeleniumLibrary">
<msg time="2025-11-02T15:14:38.449551" level="INFO">Typing text '12345678' into text field 'css:[data-qa='login-password']'.</msg>
<arg>${locator}</arg>
<arg>${text}</arg>
<doc>Types the given ``text`` into the text field identified by ``locator``.</doc>
<status status="PASS" start="2025-11-02T15:14:38.449275" elapsed="0.072085"/>
</kw>
<arg>${LOGIN_PASSWORD_FIELD}</arg>
<arg>${password}</arg>
<status status="PASS" start="2025-11-02T15:14:38.427983" elapsed="0.093487"/>
</kw>
<kw name="Wait And Click" owner="common_keywords">
<kw name="Wait Until Element Is Visible" owner="SeleniumLibrary">
<arg>${locator}</arg>
<arg>${timeout}</arg>
<doc>Waits until the element ``locator`` is visible.</doc>
<status status="PASS" start="2025-11-02T15:14:38.521970" elapsed="0.013642"/>
</kw>
<kw name="Wait Until Element Is Enabled" owner="SeleniumLibrary">
<arg>${locator}</arg>
<arg>${timeout}</arg>
<doc>Waits until the element ``locator`` is enabled.</doc>
<status status="PASS" start="2025-11-02T15:14:38.535811" elapsed="0.013727"/>
</kw>
<kw name="Click Element" owner="SeleniumLibrary">
<msg time="2025-11-02T15:14:38.550555" level="INFO">Clicking element 'css:[data-qa='login-button']'.</msg>
<arg>${locator}</arg>
<doc>Click the element identified by ``locator``.</doc>
<status status="PASS" start="2025-11-02T15:14:38.550185" elapsed="2.168655"/>
</kw>
<arg>${LOGIN_BUTTON}</arg>
<doc>Attend que l'élément soit cliquable puis clique</doc>
<status status="PASS" start="2025-11-02T15:14:38.521651" elapsed="2.197363"/>
</kw>
<arg>${VALID_EMAIL}</arg>
<arg>${VALID_PASSWORD}</arg>
<doc>Effectue la connexion avec email et mot de passe</doc>
<status status="PASS" start="2025-11-02T15:14:38.204318" elapsed="2.514764"/>
</kw>
<kw name="Verify Successful Login" owner="authentication_keywords">
<kw name="Verify Page Contains" owner="common_keywords">
<kw name="Wait Until Page Contains" owner="SeleniumLibrary">
<arg>${expected_text}</arg>
<arg>${TIMEOUT}</arg>
<doc>Waits until ``text`` appears on the current page.</doc>
<status status="PASS" start="2025-11-02T15:14:40.720139" elapsed="0.013211"/>
</kw>
<kw name="Page Should Contain" owner="SeleniumLibrary">
<msg time="2025-11-02T15:14:40.744385" level="INFO">Current page contains text 'Logged in as'.</msg>
<arg>${expected_text}</arg>
<doc>Verifies that current page contains ``text``.</doc>
<status status="PASS" start="2025-11-02T15:14:40.733581" elapsed="0.010910"/>
</kw>
<arg>${LOGIN_SUCCESS_MSG}</arg>
<status status="PASS" start="2025-11-02T15:14:40.719785" elapsed="0.024800"/>
</kw>
<kw name="Page Should Contain Element" owner="SeleniumLibrary">
<msg time="2025-11-02T15:14:40.756297" level="INFO">Current page contains element 'css:[href='/logout']'.</msg>
<arg>${LOGOUT_MENU}</arg>
<doc>Verifies that element ``locator`` is found on the current page.</doc>
<status status="PASS" start="2025-11-02T15:14:40.744735" elapsed="0.011656"/>
</kw>
<doc>Vérifie que la connexion est réussie</doc>
<status status="PASS" start="2025-11-02T15:14:40.719484" elapsed="0.037029"/>
</kw>
<kw name="Add Product To Cart From Homepage" owner="product_keywords">
<kw name="Mouse Over" owner="SeleniumLibrary">
<msg time="2025-11-02T15:14:40.757387" level="INFO">Simulating Mouse Over on element 'xpath://p[contains(text(), 'Blue Top')]/..'.</msg>
<arg>xpath://p[contains(text(), '${product_name}')]/..</arg>
<doc>Simulates hovering the mouse over the element ``locator``.</doc>
<status status="PASS" start="2025-11-02T15:14:40.757197" elapsed="0.294607"/>
</kw>
<kw name="Wait And Click" owner="common_keywords">
<kw name="Wait Until Element Is Visible" owner="SeleniumLibrary">
<arg>${locator}</arg>
<arg>${timeout}</arg>
<doc>Waits until the element ``locator`` is visible.</doc>
<status status="PASS" start="2025-11-02T15:14:41.053580" elapsed="0.032469"/>
</kw>
<kw name="Wait Until Element Is Enabled" owner="SeleniumLibrary">
<arg>${locator}</arg>
<arg>${timeout}</arg>
<doc>Waits until the element ``locator`` is enabled.</doc>
<status status="PASS" start="2025-11-02T15:14:41.086265" elapsed="0.019514"/>
</kw>
<kw name="Click Element" owner="SeleniumLibrary">
<msg time="2025-11-02T15:14:41.106300" level="INFO">Clicking element 'xpath://p[contains(text(), 'Blue Top')]/..//a[contains(@class, 'add-to-cart')]'.</msg>
<msg time="2025-11-02T15:14:42.531268" level="INFO" html="true">&lt;/td&gt;&lt;/tr&gt;&lt;tr&gt;&lt;td colspan="3"&gt;&lt;a href="selenium-screenshot-15.png"&gt;&lt;img src="selenium-screenshot-15.png" width="800px"&gt;&lt;/a&gt;</msg>
<msg time="2025-11-02T15:14:42.531519" level="FAIL">ElementClickInterceptedException: Message: element click intercepted: Element &lt;a data-product-id="1" class="btn btn-default add-to-cart"&gt;...&lt;/a&gt; is not clickable at point (626, 662). Other element would receive the click: &lt;a data-product-id="1" class="btn btn-default add-to-cart"&gt;...&lt;/a&gt;
  (Session info: chrome=141.0.7390.123); For documentation on this error, please visit: https://www.selenium.dev/documentation/webdriver/troubleshooting/errors#elementclickinterceptedexception
Stacktrace:
	GetHandleVerifier [0x0x7ff626aee8e5+80021]
	GetHandleVerifier [0x0x7ff626aee940+80112]
	(No symbol) [0x0x7ff62687060f]
	(No symbol) [0x0x7ff6268d0a39]
	(No symbol) [0x0x7ff6268ce3be]
	(No symbol) [0x0x7ff6268cb2e1]
	(No symbol) [0x0x7ff6268ca1a0]
	(No symbol) [0x0x7ff6268bb7c8]
	(No symbol) [0x0x7ff6268f122a]
	(No symbol) [0x0x7ff6268bb056]
	(No symbol) [0x0x7ff6268f1440]
	(No symbol) [0x0x7ff62691968a]
	(No symbol) [0x0x7ff6268f1003]
	(No symbol) [0x0x7ff6268b95d1]
	(No symbol) [0x0x7ff6268ba3f3]
	GetHandleVerifier [0x0x7ff626dadc7d+2960429]
	GetHandleVerifier [0x0x7ff626da7f3a+2936554]
	GetHandleVerifier [0x0x7ff626dc8977+3070247]
	GetHandleVerifier [0x0x7ff626b083ce+185214]
	GetHandleVerifier [0x0x7ff626b0fe1f+216527]
	GetHandleVerifier [0x0x7ff626af7b24+117460]
	GetHandleVerifier [0x0x7ff626af7cdf+117903]
	GetHandleVerifier [0x0x7ff626addbb8+11112]
	BaseThreadInitThunk [0x0x7ffed680e8d7+23]
	RtlUserThreadStart [0x0x7ffed88ec53c+44]
</msg>
<arg>${locator}</arg>
<doc>Click the element identified by ``locator``.</doc>
<status status="FAIL" start="2025-11-02T15:14:41.105985" elapsed="1.427023">ElementClickInterceptedException: Message: element click intercepted: Element &lt;a data-product-id="1" class="btn btn-default add-to-cart"&gt;...&lt;/a&gt; is not clickable at point (626, 662). Other element would receive the click: &lt;a data-product-id="1" class="btn btn-default add-to-cart"&gt;...&lt;/a&gt;
  (Session info: chrome=141.0.7390.123); For documentation on this error, please visit: https://www.selenium.dev/documentation/webdriver/troubleshooting/errors#elementclickinterceptedexception
Stacktrace:
	GetHandleVerifier [0x0x7ff626aee8e5+80021]
	GetHandleVerifier [0x0x7ff626aee940+80112]
	(No symbol) [0x0x7ff62687060f]
	(No symbol) [0x0x7ff6268d0a39]
	(No symbol) [0x0x7ff6268ce3be]
	(No symbol) [0x0x7ff6268cb2e1]
	(No symbol) [0x0x7ff6268ca1a0]
	(No symbol) [0x0x7ff6268bb7c8]
	(No symbol) [0x0x7ff6268f122a]
	(No symbol) [0x0x7ff6268bb056]
	(No symbol) [0x0x7ff6268f1440]
	(No symbol) [0x0x7ff62691968a]
	(No symbol) [0x0x7ff6268f1003]
	(No symbol) [0x0x7ff6268b95d1]
	(No symbol) [0x0x7ff6268ba3f3]
	GetHandleVerifier [0x0x7ff626dadc7d+2960429]
	GetHandleVerifier [0x0x7ff626da7f3a+2936554]
	GetHandleVerifier [0x0x7ff626dc8977+3070247]
	GetHandleVerifier [0x0x7ff626b083ce+185214]
	GetHandleVerifier [0x0x7ff626b0fe1f+216527]
	GetHandleVerifier [0x0x7ff626af7b24+117460]
	GetHandleVerifier [0x0x7ff626af7cdf+117903]
	GetHandleVerifier [0x0x7ff626addbb8+11112]
	BaseThreadInitThunk [0x0x7ffed680e8d7+23]
	RtlUserThreadStart [0x0x7ffed88ec53c+44]
</status>
</kw>
<arg>xpath://p[contains(text(), '${product_name}')]/..//a[contains(@class, 'add-to-cart')]</arg>
<doc>Attend que l'élément soit cliquable puis clique</doc>
<status status="FAIL" start="2025-11-02T15:14:41.052593" elapsed="1.480635">ElementClickInterceptedException: Message: element click intercepted: Element &lt;a data-product-id="1" class="btn btn-default add-to-cart"&gt;...&lt;/a&gt; is not clickable at point (626, 662). Other element would receive the click: &lt;a data-product-id="1" class="btn btn-default add-to-cart"&gt;...&lt;/a&gt;
  (Session info: chrome=141.0.7390.123); For documentation on this error, please visit: https://www.selenium.dev/documentation/webdriver/troubleshooting/errors#elementclickinterceptedexception
Stacktrace:
	GetHandleVerifier [0x0x7ff626aee8e5+80021]
	GetHandleVerifier [0x0x7ff626aee940+80112]
	(No symbol) [0x0x7ff62687060f]
	(No symbol) [0x0x7ff6268d0a39]
	(No symbol) [0x0x7ff6268ce3be]
	(No symbol) [0x0x7ff6268cb2e1]
	(No symbol) [0x0x7ff6268ca1a0]
	(No symbol) [0x0x7ff6268bb7c8]
	(No symbol) [0x0x7ff6268f122a]
	(No symbol) [0x0x7ff6268bb056]
	(No symbol) [0x0x7ff6268f1440]
	(No symbol) [0x0x7ff62691968a]
	(No symbol) [0x0x7ff6268f1003]
	(No symbol) [0x0x7ff6268b95d1]
	(No symbol) [0x0x7ff6268ba3f3]
	GetHandleVerifier [0x0x7ff626dadc7d+2960429]
	GetHandleVerifier [0x0x7ff626da7f3a+2936554]
	GetHandleVerifier [0x0x7ff626dc8977+3070247]
	GetHandleVerifier [0x0x7ff626b083ce+185214]
	GetHandleVerifier [0x0x7ff626b0fe1f+216527]
	GetHandleVerifier [0x0x7ff626af7b24+117460]
	GetHandleVerifier [0x0x7ff626af7cdf+117903]
	GetHandleVerifier [0x0x7ff626addbb8+11112]
	BaseThreadInitThunk [0x0x7ffed680e8d7+23]
	RtlUserThreadStart [0x0x7ffed88ec53c+44]
</status>
</kw>
<kw name="Wait Until Page Contains" owner="SeleniumLibrary">
<arg>${PRODUCT_ADDED_MSG}</arg>
<doc>Waits until ``text`` appears on the current page.</doc>
<status status="NOT RUN" start="2025-11-02T15:14:42.533462" elapsed="0.000043"/>
</kw>
<arg>${PRODUCT_1}</arg>
<doc>Ajoute un produit spécifique au panier depuis l'accueil</doc>
<status status="FAIL" start="2025-11-02T15:14:40.756881" elapsed="1.776772">ElementClickInterceptedException: Message: element click intercepted: Element &lt;a data-product-id="1" class="btn btn-default add-to-cart"&gt;...&lt;/a&gt; is not clickable at point (626, 662). Other element would receive the click: &lt;a data-product-id="1" class="btn btn-default add-to-cart"&gt;...&lt;/a&gt;
  (Session info: chrome=141.0.7390.123); For documentation on this error, please visit: https://www.selenium.dev/documentation/webdriver/troubleshooting/errors#elementclickinterceptedexception
Stacktrace:
	GetHandleVerifier [0x0x7ff626aee8e5+80021]
	GetHandleVerifier [0x0x7ff626aee940+80112]
	(No symbol) [0x0x7ff62687060f]
	(No symbol) [0x0x7ff6268d0a39]
	(No symbol) [0x0x7ff6268ce3be]
	(No symbol) [0x0x7ff6268cb2e1]
	(No symbol) [0x0x7ff6268ca1a0]
	(No symbol) [0x0x7ff6268bb7c8]
	(No symbol) [0x0x7ff6268f122a]
	(No symbol) [0x0x7ff6268bb056]
	(No symbol) [0x0x7ff6268f1440]
	(No symbol) [0x0x7ff62691968a]
	(No symbol) [0x0x7ff6268f1003]
	(No symbol) [0x0x7ff6268b95d1]
	(No symbol) [0x0x7ff6268ba3f3]
	GetHandleVerifier [0x0x7ff626dadc7d+2960429]
	GetHandleVerifier [0x0x7ff626da7f3a+2936554]
	GetHandleVerifier [0x0x7ff626dc8977+3070247]
	GetHandleVerifier [0x0x7ff626b083ce+185214]
	GetHandleVerifier [0x0x7ff626b0fe1f+216527]
	GetHandleVerifier [0x0x7ff626af7b24+117460]
	GetHandleVerifier [0x0x7ff626af7cdf+117903]
	GetHandleVerifier [0x0x7ff626addbb8+11112]
	BaseThreadInitThunk [0x0x7ffed680e8d7+23]
	RtlUserThreadStart [0x0x7ffed88ec53c+44]
</status>
</kw>
<kw name="Continue Shopping" owner="product_keywords">
<doc>Continue les achats après ajout au panier</doc>
<status status="NOT RUN" start="2025-11-02T15:14:42.534129" elapsed="0.000050"/>
</kw>
<kw name="Go To Cart Page" owner="cart_keywords">
<doc>Navigue vers la page panier</doc>
<status status="NOT RUN" start="2025-11-02T15:14:42.534500" elapsed="0.000061"/>
</kw>
<kw name="Verify Product In Cart" owner="cart_keywords">
<arg>${PRODUCT_1}</arg>
<doc>Vérifie qu'un produit est dans le panier</doc>
<status status="NOT RUN" start="2025-11-02T15:14:42.534910" elapsed="0.000051"/>
</kw>
<kw name="Logout User" owner="authentication_keywords">
<doc>Déconnecte l'utilisateur</doc>
<status status="NOT RUN" start="2025-11-02T15:14:42.535281" elapsed="0.000048"/>
</kw>
<kw name="Run Keywords" owner="BuiltIn" type="TEARDOWN">
<kw name="Take Screenshot On Failure" owner="common_keywords">
<kw name="Run Keyword If Test Failed" owner="BuiltIn">
<kw name="Capture Page Screenshot" owner="SeleniumLibrary">
<msg time="2025-11-02T15:14:42.772405" level="INFO" html="true">&lt;/td&gt;&lt;/tr&gt;&lt;tr&gt;&lt;td colspan="3"&gt;&lt;a href="selenium-screenshot-16.png"&gt;&lt;img src="selenium-screenshot-16.png" width="800px"&gt;&lt;/a&gt;</msg>
<doc>Takes a screenshot of the current page and embeds it into a log file.</doc>
<status status="PASS" start="2025-11-02T15:14:42.536900" elapsed="0.235655"/>
</kw>
<arg>Capture Page Screenshot</arg>
<doc>Runs the given keyword with the given arguments, if the test failed.</doc>
<status status="PASS" start="2025-11-02T15:14:42.536681" elapsed="0.235975"/>
</kw>
<doc>Prend une capture en cas d'échec</doc>
<status status="PASS" start="2025-11-02T15:14:42.536323" elapsed="0.236441"/>
</kw>
<kw name="Close Browser Session" owner="common_keywords">
<kw name="Close Browser" owner="SeleniumLibrary">
<doc>Closes the current browser.</doc>
<status status="PASS" start="2025-11-02T15:14:42.773333" elapsed="2.304723"/>
</kw>
<doc>Ferme le navigateur</doc>
<status status="PASS" start="2025-11-02T15:14:42.772998" elapsed="2.305782"/>
</kw>
<arg>Take Screenshot On Failure</arg>
<arg>AND</arg>
<arg>Close Browser Session</arg>
<doc>Executes all the given keywords in a sequence.</doc>
<status status="PASS" start="2025-11-02T15:14:42.536053" elapsed="2.543253"/>
</kw>
<doc>Test smoke des fonctionnalités utilisateur</doc>
<tag>smoke</tag>
<status status="FAIL" start="2025-11-02T15:14:31.776148" elapsed="13.304158">ElementClickInterceptedException: Message: element click intercepted: Element &lt;a data-product-id="1" class="btn btn-default add-to-cart"&gt;...&lt;/a&gt; is not clickable at point (626, 662). Other element would receive the click: &lt;a data-product-id="1" class="btn btn-default add-to-cart"&gt;...&lt;/a&gt;
  (Session info: chrome=141.0.7390.123); For documentation on this error, please visit: https://www.selenium.dev/documentation/webdriver/troubleshooting/errors#elementclickinterceptedexception
Stacktrace:
	GetHandleVerifier [0x0x7ff626aee8e5+80021]
	GetHandleVerifier [0x0x7ff626aee940+80112]
	(No symbol) [0x0x7ff62687060f]
	(No symbol) [0x0x7ff6268d0a39]
	(No symbol) [0x0x7ff6268ce3be]
	(No symbol) [0x0x7ff6268cb2e1]
	(No symbol) [0x0x7ff6268ca1a0]
	(No symbol) [0x0x7ff6268bb7c8]
	(No symbol) [0x0x7ff6268f122a]
	(No symbol) [0x0x7ff6268bb056]
	(No symbol) [0x0x7ff6268f1440]
	(No symbol) [0x0x7ff62691968a]
	(No symbol) [0x0x7ff6268f1003]
	(No symbol) [0x0x7ff6268b95d1]
	(No symbol) [0x0x7ff6268ba3f3]
	GetHandleVerifier [0x0x7ff626dadc7d+2960429]
	GetHandleVerifier [0x0x7ff626da7f3a+2936554]
	GetHandleVerifier [0x0x7ff626dc8977+3070247]
	GetHandleVerifier [0x0x7ff626b083ce+185214]
	GetHandleVerifier [0x0x7ff626b0fe1f+216527]
	GetHandleVerifier [0x0x7ff626af7b24+117460]
	GetHandleVerifier [0x0x7ff626af7cdf+117903]
	GetHandleVerifier [0x0x7ff626addbb8+11112]
	BaseThreadInitThunk [0x0x7ffed680e8d7+23]
	RtlUserThreadStart [0x0x7ffed88ec53c+44]
</status>
</test>
<status status="FAIL" start="2025-11-02T15:14:18.505958" elapsed="26.577280"/>
</suite>
<status status="FAIL" start="2025-11-02T15:14:18.499908" elapsed="26.586355"/>
</suite>
<status status="FAIL" start="2025-11-02T15:09:28.040094" elapsed="317.048876"/>
</suite>
<statistics>
<total>
<stat pass="6" fail="6" skip="0">All Tests</stat>
</total>
<tag>
<stat pass="0" fail="3" skip="0">cart</stat>
<stat pass="2" fail="1" skip="0">login</stat>
<stat pass="1" fail="2" skip="0">negative</stat>
<stat pass="2" fail="0" skip="0">registration</stat>
<stat pass="1" fail="1" skip="0">search</stat>
<stat pass="4" fail="2" skip="0">smoke</stat>
</tag>
<suite>
<stat name="Tests" id="s1" pass="6" fail="6" skip="0">Tests</stat>
<stat name="Authentication" id="s1-s1" pass="4" fail="1" skip="0">Tests.Authentication</stat>
<stat name="Login Tests" id="s1-s1-s1" pass="2" fail="1" skip="0">Tests.Authentication.Login Tests</stat>
<stat name="Registration Tests" id="s1-s1-s2" pass="2" fail="0" skip="0">Tests.Authentication.Registration Tests</stat>
<stat name="Products" id="s1-s2" pass="1" fail="4" skip="0">Tests.Products</stat>
<stat name="Cart Tests" id="s1-s2-s1" pass="0" fail="3" skip="0">Tests.Products.Cart Tests</stat>
<stat name="Search Tests" id="s1-s2-s2" pass="1" fail="1" skip="0">Tests.Products.Search Tests</stat>
<stat name="Smoke" id="s1-s3" pass="1" fail="1" skip="0">Tests.Smoke</stat>
<stat name="Smoke Test Suite" id="s1-s3-s1" pass="1" fail="1" skip="0">Tests.Smoke.Smoke Test Suite</stat>
</suite>
</statistics>
<errors>
<msg time="2025-11-02T15:11:46.268484" level="WARN">Keyword 'Capture Page Screenshot' could not be run on failure: Message: invalid session id; For documentation on this error, please visit: https://www.selenium.dev/documentation/webdriver/troubleshooting/errors#invalidsessionidexception
Stacktrace:
	GetHandleVerifier [0x0x7ff626aee8e5+80021]
	GetHandleVerifier [0x0x7ff626aee940+80112]
	(No symbol) [0x0x7ff626870425]
	(No symbol) [0x0x7ff6268b864f]
	(No symbol) [0x0x7ff6268f10f2]
	(No symbol) [0x0x7ff6268eb89f]
	(No symbol) [0x0x7ff6268ea94a]
	(No symbol) [0x0x7ff62683a765]
	GetHandleVerifier [0x0x7ff626dadc7d+2960429]
	GetHandleVerifier [0x0x7ff626da7f3a+2936554]
	GetHandleVerifier [0x0x7ff626dc8977+3070247]
	GetHandleVerifier [0x0x7ff626b083ce+185214]
	GetHandleVerifier [0x0x7ff626b0fe1f+216527]
	(No symbol) [0x0x7ff62683970e]
	GetHandleVerifier [0x0x7ff626ee6a68+4241944]
	BaseThreadInitThunk [0x0x7ffed680e8d7+23]
	RtlUserThreadStart [0x0x7ffed88ec53c+44]
</msg>
<msg time="2025-11-02T15:11:46.297712" level="WARN">Keyword 'Capture Page Screenshot' could not be run on failure: Message: invalid session id; For documentation on this error, please visit: https://www.selenium.dev/documentation/webdriver/troubleshooting/errors#invalidsessionidexception
Stacktrace:
	GetHandleVerifier [0x0x7ff626aee8e5+80021]
	GetHandleVerifier [0x0x7ff626aee940+80112]
	(No symbol) [0x0x7ff626870425]
	(No symbol) [0x0x7ff6268b864f]
	(No symbol) [0x0x7ff6268f10f2]
	(No symbol) [0x0x7ff6268eb89f]
	(No symbol) [0x0x7ff6268ea94a]
	(No symbol) [0x0x7ff62683a765]
	GetHandleVerifier [0x0x7ff626dadc7d+2960429]
	GetHandleVerifier [0x0x7ff626da7f3a+2936554]
	GetHandleVerifier [0x0x7ff626dc8977+3070247]
	GetHandleVerifier [0x0x7ff626b083ce+185214]
	GetHandleVerifier [0x0x7ff626b0fe1f+216527]
	(No symbol) [0x0x7ff62683970e]
	GetHandleVerifier [0x0x7ff626ee6a68+4241944]
	BaseThreadInitThunk [0x0x7ffed680e8d7+23]
	RtlUserThreadStart [0x0x7ffed88ec53c+44]
</msg>
</errors>
</robot>
